{"/Users/kaizhu/src/swagger-lite/test.js":{"path":"/Users/kaizhu/src/swagger-lite/test.js","s":{"1":2,"2":2,"3":2,"4":2,"5":2,"6":2,"7":2,"8":2,"9":1,"10":2,"11":1,"12":1,"13":1,"14":0,"15":0,"16":1,"17":1,"18":1,"19":2,"20":2,"21":2,"22":128,"23":128,"24":18,"25":18,"26":18,"27":18,"28":18,"29":18,"30":74,"31":10360,"32":2368,"33":2368,"34":74,"35":128,"36":128,"37":2,"38":2,"39":2,"40":2,"41":2,"42":2,"43":8,"44":8,"45":8,"46":8,"47":8,"48":8,"49":6,"50":6,"51":8,"52":2,"53":2,"54":2,"55":2,"56":2,"57":6,"58":6,"59":6,"60":6,"61":2,"62":2,"63":2,"64":2,"65":2,"66":2,"67":2,"68":2,"69":2,"70":2,"71":2,"72":2,"73":2,"74":2,"75":8,"76":8,"77":8,"78":2,"79":2,"80":10,"81":10,"82":10,"83":50,"84":50,"85":50,"86":50,"87":10,"88":10,"89":10,"90":10,"91":10,"92":10,"93":10,"94":10,"95":10,"96":10,"97":10,"98":2,"99":2,"100":2,"101":2,"102":6,"103":6,"104":6,"105":6,"106":2,"107":2,"108":2,"109":2,"110":2,"111":2,"112":4,"113":4,"114":2,"115":2,"116":2,"117":2,"118":2,"119":22,"120":22,"121":22,"122":66,"123":66,"124":66,"125":66,"126":22,"127":22,"128":22,"129":22,"130":22,"131":22,"132":22,"133":22,"134":22,"135":22,"136":22,"137":22,"138":22,"139":22,"140":22,"141":2,"142":2,"143":2,"144":2,"145":6,"146":6,"147":6,"148":6,"149":2,"150":2,"151":2,"152":2,"153":2,"154":2,"155":2,"156":2,"157":2,"158":2,"159":14,"160":14,"161":14,"162":56,"163":56,"164":56,"165":56,"166":14,"167":14,"168":14,"169":14,"170":14,"171":14,"172":14,"173":14,"174":14,"175":14,"176":14,"177":2,"178":2,"179":2,"180":2,"181":2,"182":18,"183":18,"184":18,"185":18,"186":18,"187":18,"188":18,"189":2,"190":2,"191":2,"192":2,"193":2,"194":6,"195":6,"196":6,"197":6,"198":2,"199":2,"200":2,"201":2,"202":2,"203":2,"204":2,"205":2,"206":2,"207":2,"208":2,"209":2,"210":2,"211":6,"212":6,"213":6,"214":6,"215":2,"216":2,"217":2,"218":2,"219":2,"220":2,"221":2,"222":2,"223":2,"224":2,"225":52,"226":52,"227":52,"228":156,"229":156,"230":156,"231":156,"232":52,"233":52,"234":52,"235":52,"236":52,"237":52,"238":70,"239":52,"240":52,"241":52,"242":52,"243":52,"244":2,"245":2,"246":2,"247":2,"248":6,"249":6,"250":6,"251":6,"252":2,"253":2,"254":2,"255":2,"256":2,"257":2,"258":2,"259":2,"260":2,"261":2,"262":2,"263":2,"264":2,"265":2,"266":2,"267":14,"268":14,"269":2,"270":2,"271":12,"272":12,"273":12,"274":48,"275":48,"276":48,"277":48,"278":12,"279":12,"280":12,"281":12,"282":12,"283":12,"284":12,"285":12,"286":12,"287":12,"288":12,"289":12,"290":12,"291":12,"292":12,"293":12,"294":12,"295":12,"296":12,"297":12,"298":2,"299":4,"300":4,"301":4,"302":16,"303":16,"304":16,"305":4,"306":4,"307":4,"308":4,"309":4,"310":4,"311":4,"312":4,"313":4,"314":4,"315":4,"316":4,"317":4,"318":4,"319":4,"320":4,"321":2,"322":2,"323":2,"324":2,"325":8,"326":8,"327":8,"328":8,"329":2,"330":2,"331":2,"332":2,"333":2,"334":2,"335":2,"336":2,"337":2,"338":2,"339":2,"340":2,"341":2,"342":2,"343":2,"344":2,"345":2,"346":2,"347":6,"348":6,"349":6,"350":6,"351":2,"352":2,"353":2,"354":2,"355":2,"356":2,"357":2,"358":2,"359":2,"360":2,"361":2,"362":2,"363":200,"364":200,"365":200,"366":2,"367":2,"368":2,"369":2,"370":2,"371":2,"372":2,"373":2,"374":2,"375":2,"376":2,"377":2,"378":6,"379":6,"380":6,"381":6,"382":6,"383":6,"384":6,"385":2,"386":2,"387":2,"388":2,"389":2,"390":2,"391":2,"392":2,"393":2,"394":2,"395":2,"396":2,"397":2,"398":2,"399":2,"400":2,"401":2,"402":2,"403":2,"404":2,"405":2,"406":2,"407":2,"408":2,"409":2,"410":8,"411":8,"412":8,"413":8,"414":8,"415":8,"416":8,"417":2,"418":2,"419":2,"420":2,"421":2,"422":4,"423":4,"424":4,"425":4,"426":2,"427":2,"428":2,"429":2,"430":2,"431":2,"432":2,"433":2,"434":2,"435":2,"436":2,"437":18,"438":18,"439":18,"440":2,"441":2,"442":2,"443":2,"444":2,"445":2,"446":2,"447":2,"448":2,"449":2,"450":2,"451":2,"452":2,"453":2,"454":2,"455":2,"456":2,"457":2,"458":2,"459":2,"460":2,"461":2,"462":2,"463":2,"464":2,"465":2,"466":2,"467":2,"468":2,"469":2,"470":2,"471":2,"472":2,"473":2,"474":2,"475":2,"476":2,"477":2,"478":2,"479":2,"480":2,"481":2,"482":2,"483":2,"484":2,"485":2,"486":2,"487":2,"488":2,"489":3,"490":3,"491":3,"492":3,"493":3,"494":3,"495":3,"496":3,"497":3,"498":3,"499":3,"500":3,"501":3,"502":3,"503":3,"504":3,"505":3,"506":3,"507":3,"508":2,"509":3,"510":3,"511":3,"512":3,"513":3,"514":24,"515":24,"516":24,"517":24,"518":24,"519":24,"520":24,"521":3,"522":2,"523":2,"524":2,"525":2,"526":2,"527":2,"528":2,"529":2,"530":3,"531":3,"532":78,"533":78,"534":78,"535":78,"536":78,"537":78,"538":78,"539":3,"540":2,"541":3,"542":3,"543":132,"544":132,"545":129,"546":129,"547":132,"548":132,"549":132,"550":3,"551":2,"552":3,"553":3,"554":9,"555":9,"556":9,"557":3,"558":3,"559":3,"560":63,"561":63,"562":63,"563":3,"564":2,"565":1,"566":1,"567":1,"568":1,"569":1,"570":1,"571":1,"572":1,"573":1,"574":1,"575":1,"576":1,"577":1,"578":1,"579":8,"580":162,"581":324,"582":324,"583":324,"584":324,"585":1,"586":1,"587":1,"588":1,"589":1,"590":1,"591":1,"592":1,"593":1,"594":3,"595":3,"596":1,"597":1,"598":1,"599":1,"600":6,"601":1,"602":1,"603":1,"604":1,"605":1,"606":1,"607":1,"608":1,"609":1,"610":13,"611":13,"612":13,"613":13,"614":13,"615":1,"616":1,"617":1,"618":1,"619":1,"620":3,"621":3,"622":3,"623":3,"624":1,"625":1,"626":1,"627":4,"628":16,"629":1,"630":1,"631":1,"632":1,"633":1,"634":1,"635":1,"636":1,"637":1,"638":1,"639":2,"640":2,"641":2,"642":2,"643":38,"644":20,"645":20,"646":20,"647":12,"648":12,"649":6,"650":2,"651":2,"652":200,"653":2,"654":2,"655":351,"656":351,"657":2,"658":1,"659":1,"660":1,"661":0,"662":0,"663":1,"664":1,"665":5,"666":1,"667":1,"668":3,"669":1,"670":1,"671":1,"672":1,"673":1,"674":1,"675":1,"676":1,"677":3,"678":61,"679":61,"680":61,"681":30,"682":30,"683":1},"b":{"1":[2,1,1,1],"2":[1,1,1,1],"3":[1,1],"4":[0,1],"5":[128,24],"6":[18,18,18,74],"7":[2368,992],"8":[6,2],"9":[2,2,2],"10":[10,10,10,10,10],"11":[2,2,2],"12":[22,22,22],"13":[2,2,2],"14":[14,14,14,14],"15":[2,2,2],"16":[2,2,2],"17":[52,52,52],"18":[2,2,2],"19":[12,12,12,12],"20":[4,4,4,4],"21":[2,2,2,2],"22":[2,2,2],"23":[2,2],"24":[2,2,2,2,2,2,2,2,2],"25":[78,75],"26":[78,75],"27":[78,75],"28":[129,3],"29":[1,1],"30":[1,1,1],"31":[20,5,8,12,6],"32":[38,36],"33":[20,10],"34":[20,12],"35":[351,226,226],"36":[1],"37":[1,1],"38":[0,1],"39":[1,1,3],"40":[3,24,30]},"f":{"1":2,"2":2,"3":2,"4":2,"5":128,"6":10360,"7":2368,"8":2,"9":8,"10":8,"11":8,"12":2,"13":6,"14":6,"15":2,"16":8,"17":10,"18":50,"19":50,"20":2,"21":6,"22":6,"23":4,"24":22,"25":66,"26":66,"27":2,"28":6,"29":6,"30":14,"31":56,"32":56,"33":2,"34":18,"35":18,"36":18,"37":2,"38":6,"39":6,"40":2,"41":6,"42":6,"43":52,"44":156,"45":156,"46":70,"47":2,"48":6,"49":6,"50":2,"51":14,"52":12,"53":48,"54":48,"55":4,"56":16,"57":16,"58":2,"59":8,"60":8,"61":2,"62":6,"63":6,"64":2,"65":2,"66":2,"67":2,"68":2,"69":2,"70":6,"71":6,"72":6,"73":2,"74":2,"75":2,"76":2,"77":2,"78":2,"79":8,"80":8,"81":8,"82":2,"83":4,"84":4,"85":2,"86":18,"87":18,"88":3,"89":3,"90":3,"91":3,"92":3,"93":3,"94":24,"95":24,"96":24,"97":2,"98":2,"99":2,"100":3,"101":78,"102":3,"103":132,"104":132,"105":3,"106":9,"107":9,"108":63,"109":63,"110":1,"111":1,"112":1,"113":1,"114":8,"115":162,"116":324,"117":324,"118":1,"119":3,"120":1,"121":6,"122":1,"123":13,"124":13,"125":1,"126":3,"127":3,"128":4,"129":16,"130":1,"131":2,"132":38,"133":20,"134":200,"135":351,"136":5,"137":1,"138":3,"139":61},"fnMap":{"1":{"name":"(anonymous_1)","line":11,"loc":{"start":{"line":11,"column":1},"end":{"line":11,"column":13}}},"2":{"name":"(anonymous_2)","line":18,"loc":{"start":{"line":18,"column":5},"end":{"line":18,"column":17}}},"3":{"name":"(anonymous_3)","line":24,"loc":{"start":{"line":24,"column":24},"end":{"line":24,"column":36}}},"4":{"name":"(anonymous_4)","line":78,"loc":{"start":{"line":78,"column":5},"end":{"line":78,"column":17}}},"5":{"name":"(anonymous_5)","line":79,"loc":{"start":{"line":79,"column":38},"end":{"line":79,"column":67}}},"6":{"name":"(anonymous_6)","line":115,"loc":{"start":{"line":115,"column":56},"end":{"line":115,"column":71}}},"7":{"name":"(anonymous_7)","line":116,"loc":{"start":{"line":116,"column":50},"end":{"line":116,"column":76}}},"8":{"name":"(anonymous_8)","line":131,"loc":{"start":{"line":131,"column":36},"end":{"line":131,"column":64}}},"9":{"name":"(anonymous_9)","line":156,"loc":{"start":{"line":156,"column":28},"end":{"line":156,"column":47}}},"10":{"name":"(anonymous_10)","line":158,"loc":{"start":{"line":158,"column":45},"end":{"line":158,"column":67}}},"11":{"name":"(anonymous_11)","line":159,"loc":{"start":{"line":159,"column":51},"end":{"line":159,"column":63}}},"12":{"name":"(anonymous_12)","line":179,"loc":{"start":{"line":179,"column":54},"end":{"line":179,"column":82}}},"13":{"name":"(anonymous_13)","line":185,"loc":{"start":{"line":185,"column":21},"end":{"line":185,"column":44}}},"14":{"name":"(anonymous_14)","line":186,"loc":{"start":{"line":186,"column":47},"end":{"line":186,"column":59}}},"15":{"name":"(anonymous_15)","line":215,"loc":{"start":{"line":215,"column":67},"end":{"line":215,"column":95}}},"16":{"name":"(anonymous_16)","line":243,"loc":{"start":{"line":243,"column":23},"end":{"line":243,"column":36}}},"17":{"name":"(anonymous_17)","line":252,"loc":{"start":{"line":252,"column":66},"end":{"line":252,"column":94}}},"18":{"name":"(anonymous_18)","line":258,"loc":{"start":{"line":258,"column":21},"end":{"line":258,"column":44}}},"19":{"name":"(anonymous_19)","line":259,"loc":{"start":{"line":259,"column":47},"end":{"line":259,"column":59}}},"20":{"name":"(anonymous_20)","line":300,"loc":{"start":{"line":300,"column":57},"end":{"line":300,"column":85}}},"21":{"name":"(anonymous_21)","line":306,"loc":{"start":{"line":306,"column":21},"end":{"line":306,"column":44}}},"22":{"name":"(anonymous_22)","line":307,"loc":{"start":{"line":307,"column":47},"end":{"line":307,"column":59}}},"23":{"name":"(anonymous_23)","line":330,"loc":{"start":{"line":330,"column":45},"end":{"line":330,"column":64}}},"24":{"name":"(anonymous_24)","line":347,"loc":{"start":{"line":347,"column":67},"end":{"line":347,"column":95}}},"25":{"name":"(anonymous_25)","line":353,"loc":{"start":{"line":353,"column":21},"end":{"line":353,"column":44}}},"26":{"name":"(anonymous_26)","line":354,"loc":{"start":{"line":354,"column":47},"end":{"line":354,"column":59}}},"27":{"name":"(anonymous_27)","line":405,"loc":{"start":{"line":405,"column":55},"end":{"line":405,"column":83}}},"28":{"name":"(anonymous_28)","line":411,"loc":{"start":{"line":411,"column":21},"end":{"line":411,"column":44}}},"29":{"name":"(anonymous_29)","line":412,"loc":{"start":{"line":412,"column":47},"end":{"line":412,"column":59}}},"30":{"name":"(anonymous_30)","line":440,"loc":{"start":{"line":440,"column":58},"end":{"line":440,"column":86}}},"31":{"name":"(anonymous_31)","line":446,"loc":{"start":{"line":446,"column":21},"end":{"line":446,"column":44}}},"32":{"name":"(anonymous_32)","line":447,"loc":{"start":{"line":447,"column":47},"end":{"line":447,"column":59}}},"33":{"name":"(anonymous_33)","line":482,"loc":{"start":{"line":482,"column":46},"end":{"line":482,"column":74}}},"34":{"name":"(anonymous_34)","line":499,"loc":{"start":{"line":499,"column":22},"end":{"line":499,"column":37}}},"35":{"name":"(anonymous_35)","line":502,"loc":{"start":{"line":502,"column":55},"end":{"line":502,"column":78}}},"36":{"name":"(anonymous_36)","line":503,"loc":{"start":{"line":503,"column":51},"end":{"line":503,"column":63}}},"37":{"name":"(anonymous_37)","line":515,"loc":{"start":{"line":515,"column":58},"end":{"line":515,"column":86}}},"38":{"name":"(anonymous_38)","line":521,"loc":{"start":{"line":521,"column":21},"end":{"line":521,"column":44}}},"39":{"name":"(anonymous_39)","line":522,"loc":{"start":{"line":522,"column":47},"end":{"line":522,"column":59}}},"40":{"name":"(anonymous_40)","line":553,"loc":{"start":{"line":553,"column":52},"end":{"line":553,"column":80}}},"41":{"name":"(anonymous_41)","line":559,"loc":{"start":{"line":559,"column":21},"end":{"line":559,"column":44}}},"42":{"name":"(anonymous_42)","line":560,"loc":{"start":{"line":560,"column":47},"end":{"line":560,"column":59}}},"43":{"name":"(anonymous_43)","line":589,"loc":{"start":{"line":589,"column":55},"end":{"line":589,"column":83}}},"44":{"name":"(anonymous_44)","line":595,"loc":{"start":{"line":595,"column":21},"end":{"line":595,"column":44}}},"45":{"name":"(anonymous_45)","line":596,"loc":{"start":{"line":596,"column":47},"end":{"line":596,"column":59}}},"46":{"name":"(anonymous_46)","line":617,"loc":{"start":{"line":617,"column":66},"end":{"line":617,"column":81}}},"47":{"name":"(anonymous_47)","line":635,"loc":{"start":{"line":635,"column":51},"end":{"line":635,"column":79}}},"48":{"name":"(anonymous_48)","line":641,"loc":{"start":{"line":641,"column":21},"end":{"line":641,"column":44}}},"49":{"name":"(anonymous_49)","line":642,"loc":{"start":{"line":642,"column":47},"end":{"line":642,"column":59}}},"50":{"name":"(anonymous_50)","line":671,"loc":{"start":{"line":671,"column":45},"end":{"line":671,"column":73}}},"51":{"name":"(anonymous_51)","line":687,"loc":{"start":{"line":687,"column":22},"end":{"line":687,"column":37}}},"52":{"name":"(anonymous_52)","line":694,"loc":{"start":{"line":694,"column":58},"end":{"line":694,"column":86}}},"53":{"name":"(anonymous_53)","line":700,"loc":{"start":{"line":700,"column":21},"end":{"line":700,"column":44}}},"54":{"name":"(anonymous_54)","line":701,"loc":{"start":{"line":701,"column":47},"end":{"line":701,"column":59}}},"55":{"name":"(anonymous_55)","line":758,"loc":{"start":{"line":758,"column":55},"end":{"line":758,"column":83}}},"56":{"name":"(anonymous_56)","line":764,"loc":{"start":{"line":764,"column":21},"end":{"line":764,"column":44}}},"57":{"name":"(anonymous_57)","line":765,"loc":{"start":{"line":765,"column":47},"end":{"line":765,"column":59}}},"58":{"name":"(anonymous_58)","line":807,"loc":{"start":{"line":807,"column":54},"end":{"line":807,"column":82}}},"59":{"name":"(anonymous_59)","line":813,"loc":{"start":{"line":813,"column":21},"end":{"line":813,"column":44}}},"60":{"name":"(anonymous_60)","line":814,"loc":{"start":{"line":814,"column":47},"end":{"line":814,"column":59}}},"61":{"name":"(anonymous_61)","line":860,"loc":{"start":{"line":860,"column":55},"end":{"line":860,"column":83}}},"62":{"name":"(anonymous_62)","line":866,"loc":{"start":{"line":866,"column":21},"end":{"line":866,"column":44}}},"63":{"name":"(anonymous_63)","line":867,"loc":{"start":{"line":867,"column":47},"end":{"line":867,"column":59}}},"64":{"name":"(anonymous_64)","line":892,"loc":{"start":{"line":892,"column":49},"end":{"line":892,"column":77}}},"65":{"name":"(anonymous_65)","line":908,"loc":{"start":{"line":908,"column":43},"end":{"line":908,"column":71}}},"66":{"name":"(anonymous_66)","line":914,"loc":{"start":{"line":914,"column":59},"end":{"line":914,"column":78}}},"67":{"name":"(anonymous_67)","line":917,"loc":{"start":{"line":917,"column":39},"end":{"line":917,"column":58}}},"68":{"name":"(anonymous_68)","line":922,"loc":{"start":{"line":922,"column":45},"end":{"line":922,"column":64}}},"69":{"name":"(anonymous_69)","line":927,"loc":{"start":{"line":927,"column":48},"end":{"line":927,"column":76}}},"70":{"name":"(anonymous_70)","line":938,"loc":{"start":{"line":938,"column":22},"end":{"line":938,"column":35}}},"71":{"name":"(anonymous_71)","line":943,"loc":{"start":{"line":943,"column":21},"end":{"line":943,"column":44}}},"72":{"name":"(anonymous_72)","line":944,"loc":{"start":{"line":944,"column":51},"end":{"line":944,"column":63}}},"73":{"name":"(anonymous_73)","line":959,"loc":{"start":{"line":959,"column":51},"end":{"line":959,"column":79}}},"74":{"name":"(anonymous_74)","line":968,"loc":{"start":{"line":968,"column":70},"end":{"line":968,"column":93}}},"75":{"name":"(anonymous_75)","line":969,"loc":{"start":{"line":969,"column":47},"end":{"line":969,"column":59}}},"76":{"name":"(anonymous_76)","line":982,"loc":{"start":{"line":982,"column":70},"end":{"line":982,"column":93}}},"77":{"name":"(anonymous_77)","line":983,"loc":{"start":{"line":983,"column":47},"end":{"line":983,"column":59}}},"78":{"name":"(anonymous_78)","line":995,"loc":{"start":{"line":995,"column":46},"end":{"line":995,"column":74}}},"79":{"name":"(anonymous_79)","line":1011,"loc":{"start":{"line":1011,"column":22},"end":{"line":1011,"column":38}}},"80":{"name":"(anonymous_80)","line":1016,"loc":{"start":{"line":1016,"column":33},"end":{"line":1016,"column":56}}},"81":{"name":"(anonymous_81)","line":1017,"loc":{"start":{"line":1017,"column":51},"end":{"line":1017,"column":63}}},"82":{"name":"(anonymous_82)","line":1030,"loc":{"start":{"line":1030,"column":59},"end":{"line":1030,"column":87}}},"83":{"name":"(anonymous_83)","line":1036,"loc":{"start":{"line":1036,"column":21},"end":{"line":1036,"column":44}}},"84":{"name":"(anonymous_84)","line":1037,"loc":{"start":{"line":1037,"column":47},"end":{"line":1037,"column":59}}},"85":{"name":"(anonymous_85)","line":1057,"loc":{"start":{"line":1057,"column":46},"end":{"line":1057,"column":74}}},"86":{"name":"(anonymous_86)","line":1063,"loc":{"start":{"line":1063,"column":21},"end":{"line":1063,"column":44}}},"87":{"name":"(anonymous_87)","line":1064,"loc":{"start":{"line":1064,"column":47},"end":{"line":1064,"column":59}}},"88":{"name":"(anonymous_88)","line":1172,"loc":{"start":{"line":1172,"column":56},"end":{"line":1172,"column":84}}},"89":{"name":"(anonymous_89)","line":1205,"loc":{"start":{"line":1205,"column":68},"end":{"line":1205,"column":91}}},"90":{"name":"(anonymous_90)","line":1206,"loc":{"start":{"line":1206,"column":47},"end":{"line":1206,"column":59}}},"91":{"name":"(anonymous_91)","line":1231,"loc":{"start":{"line":1231,"column":70},"end":{"line":1231,"column":93}}},"92":{"name":"(anonymous_92)","line":1232,"loc":{"start":{"line":1232,"column":47},"end":{"line":1232,"column":59}}},"93":{"name":"(anonymous_93)","line":1245,"loc":{"start":{"line":1245,"column":54},"end":{"line":1245,"column":82}}},"94":{"name":"(anonymous_94)","line":1262,"loc":{"start":{"line":1262,"column":22},"end":{"line":1262,"column":41}}},"95":{"name":"(anonymous_95)","line":1266,"loc":{"start":{"line":1266,"column":72},"end":{"line":1266,"column":89}}},"96":{"name":"(anonymous_96)","line":1267,"loc":{"start":{"line":1267,"column":51},"end":{"line":1267,"column":63}}},"97":{"name":"(anonymous_97)","line":1277,"loc":{"start":{"line":1277,"column":57},"end":{"line":1277,"column":85}}},"98":{"name":"(anonymous_98)","line":1285,"loc":{"start":{"line":1285,"column":69},"end":{"line":1285,"column":92}}},"99":{"name":"(anonymous_99)","line":1286,"loc":{"start":{"line":1286,"column":47},"end":{"line":1286,"column":59}}},"100":{"name":"(anonymous_100)","line":1299,"loc":{"start":{"line":1299,"column":50},"end":{"line":1299,"column":78}}},"101":{"name":"(anonymous_101)","line":1335,"loc":{"start":{"line":1335,"column":22},"end":{"line":1335,"column":41}}},"102":{"name":"(anonymous_102)","line":1348,"loc":{"start":{"line":1348,"column":48},"end":{"line":1348,"column":76}}},"103":{"name":"(anonymous_103)","line":1401,"loc":{"start":{"line":1401,"column":22},"end":{"line":1401,"column":41}}},"104":{"name":"(anonymous_104)","line":1402,"loc":{"start":{"line":1402,"column":47},"end":{"line":1402,"column":59}}},"105":{"name":"(anonymous_105)","line":1415,"loc":{"start":{"line":1415,"column":51},"end":{"line":1415,"column":79}}},"106":{"name":"(anonymous_106)","line":1421,"loc":{"start":{"line":1421,"column":42},"end":{"line":1421,"column":61}}},"107":{"name":"(anonymous_107)","line":1422,"loc":{"start":{"line":1422,"column":47},"end":{"line":1422,"column":59}}},"108":{"name":"(anonymous_108)","line":1486,"loc":{"start":{"line":1486,"column":22},"end":{"line":1486,"column":41}}},"109":{"name":"(anonymous_109)","line":1487,"loc":{"start":{"line":1487,"column":47},"end":{"line":1487,"column":59}}},"110":{"name":"(anonymous_110)","line":1505,"loc":{"start":{"line":1505,"column":49},"end":{"line":1505,"column":77}}},"111":{"name":"(anonymous_111)","line":1515,"loc":{"start":{"line":1515,"column":36},"end":{"line":1515,"column":64}}},"112":{"name":"(anonymous_112)","line":1521,"loc":{"start":{"line":1521,"column":51},"end":{"line":1521,"column":68}}},"113":{"name":"(anonymous_113)","line":1522,"loc":{"start":{"line":1522,"column":27},"end":{"line":1522,"column":39}}},"114":{"name":"(anonymous_114)","line":1531,"loc":{"start":{"line":1531,"column":71},"end":{"line":1531,"column":91}}},"115":{"name":"(anonymous_115)","line":1535,"loc":{"start":{"line":1535,"column":26},"end":{"line":1535,"column":55}}},"116":{"name":"(anonymous_116)","line":1536,"loc":{"start":{"line":1536,"column":41},"end":{"line":1536,"column":53}}},"117":{"name":"(anonymous_117)","line":1538,"loc":{"start":{"line":1538,"column":35},"end":{"line":1538,"column":47}}},"118":{"name":"(anonymous_118)","line":1559,"loc":{"start":{"line":1559,"column":38},"end":{"line":1559,"column":66}}},"119":{"name":"(anonymous_119)","line":1568,"loc":{"start":{"line":1568,"column":28},"end":{"line":1568,"column":42}}},"120":{"name":"(anonymous_120)","line":1580,"loc":{"start":{"line":1580,"column":36},"end":{"line":1580,"column":64}}},"121":{"name":"(anonymous_121)","line":1592,"loc":{"start":{"line":1592,"column":28},"end":{"line":1592,"column":47}}},"122":{"name":"(anonymous_122)","line":1603,"loc":{"start":{"line":1603,"column":35},"end":{"line":1603,"column":63}}},"123":{"name":"(anonymous_123)","line":1651,"loc":{"start":{"line":1651,"column":28},"end":{"line":1651,"column":47}}},"124":{"name":"(anonymous_124)","line":1653,"loc":{"start":{"line":1653,"column":45},"end":{"line":1653,"column":67}}},"125":{"name":"(anonymous_125)","line":1667,"loc":{"start":{"line":1667,"column":35},"end":{"line":1667,"column":63}}},"126":{"name":"(anonymous_126)","line":1673,"loc":{"start":{"line":1673,"column":21},"end":{"line":1673,"column":38}}},"127":{"name":"(anonymous_127)","line":1674,"loc":{"start":{"line":1674,"column":47},"end":{"line":1674,"column":59}}},"128":{"name":"(anonymous_128)","line":1699,"loc":{"start":{"line":1699,"column":64},"end":{"line":1699,"column":79}}},"129":{"name":"(anonymous_129)","line":1708,"loc":{"start":{"line":1708,"column":37},"end":{"line":1708,"column":53}}},"130":{"name":"(anonymous_130)","line":1736,"loc":{"start":{"line":1736,"column":41},"end":{"line":1736,"column":69}}},"131":{"name":"(anonymous_131)","line":1753,"loc":{"start":{"line":1753,"column":5},"end":{"line":1753,"column":17}}},"132":{"name":"(anonymous_132)","line":2098,"loc":{"start":{"line":2098,"column":45},"end":{"line":2098,"column":90}}},"133":{"name":"(anonymous_133)","line":2102,"loc":{"start":{"line":2102,"column":42},"end":{"line":2102,"column":65}}},"134":{"name":"(anonymous_134)","line":2156,"loc":{"start":{"line":2156,"column":26},"end":{"line":2156,"column":45}}},"135":{"name":"(anonymous_135)","line":2207,"loc":{"start":{"line":2207,"column":44},"end":{"line":2207,"column":59}}},"136":{"name":"(anonymous_136)","line":2247,"loc":{"start":{"line":2247,"column":14},"end":{"line":2247,"column":29}}},"137":{"name":"(anonymous_137)","line":2267,"loc":{"start":{"line":2267,"column":39},"end":{"line":2267,"column":51}}},"138":{"name":"(anonymous_138)","line":2279,"loc":{"start":{"line":2279,"column":18},"end":{"line":2279,"column":33}}},"139":{"name":"(anonymous_139)","line":2280,"loc":{"start":{"line":2280,"column":46},"end":{"line":2280,"column":62}}}},"statementMap":{"1":{"start":{"line":11,"column":0},"end":{"line":2295,"column":5}},"2":{"start":{"line":13,"column":4},"end":{"line":13,"column":14}},"3":{"start":{"line":18,"column":4},"end":{"line":73,"column":9}},"4":{"start":{"line":20,"column":8},"end":{"line":20,"column":41}},"5":{"start":{"line":22,"column":8},"end":{"line":22,"column":19}},"6":{"start":{"line":24,"column":8},"end":{"line":36,"column":13}},"7":{"start":{"line":25,"column":12},"end":{"line":35,"column":13}},"8":{"start":{"line":26,"column":16},"end":{"line":29,"column":30}},"9":{"start":{"line":31,"column":16},"end":{"line":34,"column":27}},"10":{"start":{"line":37,"column":8},"end":{"line":54,"column":9}},"11":{"start":{"line":40,"column":12},"end":{"line":40,"column":33}},"12":{"start":{"line":41,"column":12},"end":{"line":41,"column":18}},"13":{"start":{"line":45,"column":12},"end":{"line":48,"column":13},"skip":true},"14":{"start":{"line":46,"column":16},"end":{"line":46,"column":31},"skip":true},"15":{"start":{"line":47,"column":16},"end":{"line":47,"column":22},"skip":true},"16":{"start":{"line":49,"column":12},"end":{"line":51,"column":23}},"17":{"start":{"line":52,"column":12},"end":{"line":52,"column":47}},"18":{"start":{"line":53,"column":12},"end":{"line":53,"column":18}},"19":{"start":{"line":57,"column":0},"end":{"line":71,"column":2}},"20":{"start":{"line":78,"column":4},"end":{"line":1498,"column":9}},"21":{"start":{"line":79,"column":8},"end":{"line":128,"column":10}},"22":{"start":{"line":83,"column":12},"end":{"line":83,"column":79}},"23":{"start":{"line":84,"column":12},"end":{"line":125,"column":13}},"24":{"start":{"line":86,"column":16},"end":{"line":92,"column":19}},"25":{"start":{"line":93,"column":16},"end":{"line":93,"column":22}},"26":{"start":{"line":95,"column":16},"end":{"line":103,"column":19}},"27":{"start":{"line":104,"column":16},"end":{"line":104,"column":22}},"28":{"start":{"line":106,"column":16},"end":{"line":112,"column":19}},"29":{"start":{"line":113,"column":16},"end":{"line":113,"column":22}},"30":{"start":{"line":115,"column":16},"end":{"line":121,"column":19}},"31":{"start":{"line":116,"column":20},"end":{"line":120,"column":23}},"32":{"start":{"line":118,"column":24},"end":{"line":118,"column":51}},"33":{"start":{"line":119,"column":24},"end":{"line":119,"column":85}},"34":{"start":{"line":122,"column":16},"end":{"line":124,"column":19}},"35":{"start":{"line":126,"column":12},"end":{"line":126,"column":46}},"36":{"start":{"line":127,"column":12},"end":{"line":127,"column":27}},"37":{"start":{"line":131,"column":8},"end":{"line":177,"column":10}},"38":{"start":{"line":135,"column":12},"end":{"line":135,"column":27}},"39":{"start":{"line":136,"column":12},"end":{"line":136,"column":60}},"40":{"start":{"line":137,"column":12},"end":{"line":137,"column":36}},"41":{"start":{"line":138,"column":12},"end":{"line":155,"column":15}},"42":{"start":{"line":156,"column":12},"end":{"line":175,"column":15}},"43":{"start":{"line":157,"column":16},"end":{"line":157,"column":40}},"44":{"start":{"line":158,"column":16},"end":{"line":174,"column":19}},"45":{"start":{"line":159,"column":20},"end":{"line":173,"column":32}},"46":{"start":{"line":161,"column":24},"end":{"line":161,"column":60}},"47":{"start":{"line":163,"column":24},"end":{"line":166,"column":26}},"48":{"start":{"line":168,"column":24},"end":{"line":171,"column":25}},"49":{"start":{"line":169,"column":28},"end":{"line":169,"column":65}},"50":{"start":{"line":170,"column":28},"end":{"line":170,"column":74}},"51":{"start":{"line":172,"column":24},"end":{"line":172,"column":37}},"52":{"start":{"line":176,"column":12},"end":{"line":176,"column":25}},"53":{"start":{"line":179,"column":8},"end":{"line":213,"column":10}},"54":{"start":{"line":183,"column":12},"end":{"line":183,"column":33}},"55":{"start":{"line":184,"column":12},"end":{"line":184,"column":25}},"56":{"start":{"line":185,"column":12},"end":{"line":211,"column":14}},"57":{"start":{"line":186,"column":16},"end":{"line":210,"column":28}},"58":{"start":{"line":188,"column":20},"end":{"line":188,"column":57}},"59":{"start":{"line":189,"column":20},"end":{"line":189,"column":34}},"60":{"start":{"line":190,"column":20},"end":{"line":209,"column":21}},"61":{"start":{"line":192,"column":24},"end":{"line":194,"column":27}},"62":{"start":{"line":196,"column":24},"end":{"line":198,"column":35}},"63":{"start":{"line":199,"column":24},"end":{"line":199,"column":30}},"64":{"start":{"line":202,"column":24},"end":{"line":202,"column":89}},"65":{"start":{"line":203,"column":24},"end":{"line":204,"column":50}},"66":{"start":{"line":205,"column":24},"end":{"line":205,"column":33}},"67":{"start":{"line":206,"column":24},"end":{"line":206,"column":30}},"68":{"start":{"line":208,"column":24},"end":{"line":208,"column":45}},"69":{"start":{"line":212,"column":12},"end":{"line":212,"column":21}},"70":{"start":{"line":215,"column":8},"end":{"line":250,"column":10}},"71":{"start":{"line":219,"column":12},"end":{"line":219,"column":27}},"72":{"start":{"line":220,"column":12},"end":{"line":220,"column":60}},"73":{"start":{"line":221,"column":12},"end":{"line":221,"column":36}},"74":{"start":{"line":222,"column":12},"end":{"line":248,"column":15}},"75":{"start":{"line":244,"column":16},"end":{"line":244,"column":28}},"76":{"start":{"line":245,"column":16},"end":{"line":245,"column":40}},"77":{"start":{"line":247,"column":16},"end":{"line":247,"column":93}},"78":{"start":{"line":249,"column":12},"end":{"line":249,"column":25}},"79":{"start":{"line":252,"column":8},"end":{"line":298,"column":10}},"80":{"start":{"line":256,"column":12},"end":{"line":256,"column":33}},"81":{"start":{"line":257,"column":12},"end":{"line":257,"column":25}},"82":{"start":{"line":258,"column":12},"end":{"line":296,"column":14}},"83":{"start":{"line":259,"column":16},"end":{"line":295,"column":28}},"84":{"start":{"line":261,"column":20},"end":{"line":261,"column":57}},"85":{"start":{"line":262,"column":20},"end":{"line":262,"column":34}},"86":{"start":{"line":263,"column":20},"end":{"line":294,"column":21}},"87":{"start":{"line":265,"column":24},"end":{"line":267,"column":27}},"88":{"start":{"line":269,"column":24},"end":{"line":272,"column":26}},"89":{"start":{"line":273,"column":24},"end":{"line":273,"column":30}},"90":{"start":{"line":276,"column":24},"end":{"line":279,"column":26}},"91":{"start":{"line":280,"column":24},"end":{"line":280,"column":30}},"92":{"start":{"line":283,"column":24},"end":{"line":286,"column":26}},"93":{"start":{"line":287,"column":24},"end":{"line":287,"column":30}},"94":{"start":{"line":290,"column":24},"end":{"line":290,"column":89}},"95":{"start":{"line":291,"column":24},"end":{"line":291,"column":30}},"96":{"start":{"line":293,"column":24},"end":{"line":293,"column":45}},"97":{"start":{"line":297,"column":12},"end":{"line":297,"column":21}},"98":{"start":{"line":300,"column":8},"end":{"line":345,"column":10}},"99":{"start":{"line":304,"column":12},"end":{"line":304,"column":45}},"100":{"start":{"line":305,"column":12},"end":{"line":305,"column":25}},"101":{"start":{"line":306,"column":12},"end":{"line":343,"column":14}},"102":{"start":{"line":307,"column":16},"end":{"line":342,"column":28}},"103":{"start":{"line":309,"column":20},"end":{"line":309,"column":57}},"104":{"start":{"line":310,"column":20},"end":{"line":310,"column":34}},"105":{"start":{"line":311,"column":20},"end":{"line":341,"column":21}},"106":{"start":{"line":313,"column":24},"end":{"line":321,"column":27}},"107":{"start":{"line":323,"column":24},"end":{"line":325,"column":37}},"108":{"start":{"line":326,"column":24},"end":{"line":326,"column":30}},"109":{"start":{"line":328,"column":24},"end":{"line":328,"column":71}},"110":{"start":{"line":329,"column":24},"end":{"line":329,"column":48}},"111":{"start":{"line":330,"column":24},"end":{"line":336,"column":27}},"112":{"start":{"line":331,"column":28},"end":{"line":331,"column":52}},"113":{"start":{"line":333,"column":28},"end":{"line":335,"column":43}},"114":{"start":{"line":337,"column":24},"end":{"line":337,"column":37}},"115":{"start":{"line":338,"column":24},"end":{"line":338,"column":30}},"116":{"start":{"line":340,"column":24},"end":{"line":340,"column":45}},"117":{"start":{"line":344,"column":12},"end":{"line":344,"column":21}},"118":{"start":{"line":347,"column":8},"end":{"line":403,"column":10}},"119":{"start":{"line":351,"column":12},"end":{"line":351,"column":44}},"120":{"start":{"line":352,"column":12},"end":{"line":352,"column":25}},"121":{"start":{"line":353,"column":12},"end":{"line":401,"column":14}},"122":{"start":{"line":354,"column":16},"end":{"line":400,"column":28}},"123":{"start":{"line":356,"column":20},"end":{"line":356,"column":57}},"124":{"start":{"line":357,"column":20},"end":{"line":357,"column":34}},"125":{"start":{"line":358,"column":20},"end":{"line":399,"column":21}},"126":{"start":{"line":360,"column":24},"end":{"line":368,"column":27}},"127":{"start":{"line":370,"column":24},"end":{"line":370,"column":39}},"128":{"start":{"line":371,"column":24},"end":{"line":374,"column":26}},"129":{"start":{"line":376,"column":24},"end":{"line":378,"column":35}},"130":{"start":{"line":379,"column":24},"end":{"line":379,"column":30}},"131":{"start":{"line":382,"column":24},"end":{"line":382,"column":71}},"132":{"start":{"line":384,"column":24},"end":{"line":385,"column":75}},"133":{"start":{"line":386,"column":24},"end":{"line":387,"column":73}},"134":{"start":{"line":389,"column":24},"end":{"line":390,"column":75}},"135":{"start":{"line":391,"column":24},"end":{"line":392,"column":73}},"136":{"start":{"line":394,"column":24},"end":{"line":394,"column":75}},"137":{"start":{"line":395,"column":24},"end":{"line":395,"column":86}},"138":{"start":{"line":396,"column":24},"end":{"line":396,"column":30}},"139":{"start":{"line":398,"column":24},"end":{"line":398,"column":45}},"140":{"start":{"line":402,"column":12},"end":{"line":402,"column":21}},"141":{"start":{"line":405,"column":8},"end":{"line":438,"column":10}},"142":{"start":{"line":409,"column":12},"end":{"line":409,"column":33}},"143":{"start":{"line":410,"column":12},"end":{"line":410,"column":25}},"144":{"start":{"line":411,"column":12},"end":{"line":436,"column":14}},"145":{"start":{"line":412,"column":16},"end":{"line":435,"column":28}},"146":{"start":{"line":414,"column":20},"end":{"line":414,"column":57}},"147":{"start":{"line":415,"column":20},"end":{"line":415,"column":34}},"148":{"start":{"line":416,"column":20},"end":{"line":434,"column":21}},"149":{"start":{"line":418,"column":24},"end":{"line":420,"column":27}},"150":{"start":{"line":422,"column":24},"end":{"line":424,"column":35}},"151":{"start":{"line":425,"column":24},"end":{"line":425,"column":30}},"152":{"start":{"line":428,"column":24},"end":{"line":428,"column":89}},"153":{"start":{"line":429,"column":24},"end":{"line":429,"column":85}},"154":{"start":{"line":430,"column":24},"end":{"line":430,"column":33}},"155":{"start":{"line":431,"column":24},"end":{"line":431,"column":30}},"156":{"start":{"line":433,"column":24},"end":{"line":433,"column":45}},"157":{"start":{"line":437,"column":12},"end":{"line":437,"column":21}},"158":{"start":{"line":440,"column":8},"end":{"line":480,"column":10}},"159":{"start":{"line":444,"column":12},"end":{"line":444,"column":33}},"160":{"start":{"line":445,"column":12},"end":{"line":445,"column":25}},"161":{"start":{"line":446,"column":12},"end":{"line":478,"column":14}},"162":{"start":{"line":447,"column":16},"end":{"line":477,"column":28}},"163":{"start":{"line":449,"column":20},"end":{"line":449,"column":57}},"164":{"start":{"line":450,"column":20},"end":{"line":450,"column":34}},"165":{"start":{"line":451,"column":20},"end":{"line":476,"column":21}},"166":{"start":{"line":453,"column":24},"end":{"line":455,"column":27}},"167":{"start":{"line":457,"column":24},"end":{"line":459,"column":35}},"168":{"start":{"line":460,"column":24},"end":{"line":460,"column":30}},"169":{"start":{"line":463,"column":24},"end":{"line":465,"column":35}},"170":{"start":{"line":466,"column":24},"end":{"line":466,"column":30}},"171":{"start":{"line":469,"column":24},"end":{"line":469,"column":89}},"172":{"start":{"line":470,"column":24},"end":{"line":471,"column":53}},"173":{"start":{"line":472,"column":24},"end":{"line":472,"column":33}},"174":{"start":{"line":473,"column":24},"end":{"line":473,"column":30}},"175":{"start":{"line":475,"column":24},"end":{"line":475,"column":45}},"176":{"start":{"line":479,"column":12},"end":{"line":479,"column":21}},"177":{"start":{"line":482,"column":8},"end":{"line":513,"column":10}},"178":{"start":{"line":486,"column":12},"end":{"line":486,"column":27}},"179":{"start":{"line":487,"column":12},"end":{"line":487,"column":60}},"180":{"start":{"line":488,"column":12},"end":{"line":488,"column":36}},"181":{"start":{"line":489,"column":12},"end":{"line":511,"column":15}},"182":{"start":{"line":500,"column":16},"end":{"line":500,"column":40}},"183":{"start":{"line":501,"column":16},"end":{"line":501,"column":29}},"184":{"start":{"line":502,"column":16},"end":{"line":510,"column":19}},"185":{"start":{"line":503,"column":20},"end":{"line":509,"column":32}},"186":{"start":{"line":505,"column":24},"end":{"line":505,"column":60}},"187":{"start":{"line":507,"column":24},"end":{"line":507,"column":77}},"188":{"start":{"line":508,"column":24},"end":{"line":508,"column":37}},"189":{"start":{"line":512,"column":12},"end":{"line":512,"column":25}},"190":{"start":{"line":515,"column":8},"end":{"line":551,"column":10}},"191":{"start":{"line":519,"column":12},"end":{"line":519,"column":33}},"192":{"start":{"line":520,"column":12},"end":{"line":520,"column":25}},"193":{"start":{"line":521,"column":12},"end":{"line":549,"column":14}},"194":{"start":{"line":522,"column":16},"end":{"line":548,"column":28}},"195":{"start":{"line":524,"column":20},"end":{"line":524,"column":57}},"196":{"start":{"line":525,"column":20},"end":{"line":525,"column":34}},"197":{"start":{"line":526,"column":20},"end":{"line":547,"column":21}},"198":{"start":{"line":528,"column":24},"end":{"line":530,"column":27}},"199":{"start":{"line":532,"column":24},"end":{"line":534,"column":35}},"200":{"start":{"line":535,"column":24},"end":{"line":535,"column":30}},"201":{"start":{"line":538,"column":24},"end":{"line":538,"column":89}},"202":{"start":{"line":539,"column":24},"end":{"line":542,"column":26}},"203":{"start":{"line":543,"column":24},"end":{"line":543,"column":33}},"204":{"start":{"line":544,"column":24},"end":{"line":544,"column":30}},"205":{"start":{"line":546,"column":24},"end":{"line":546,"column":45}},"206":{"start":{"line":550,"column":12},"end":{"line":550,"column":21}},"207":{"start":{"line":553,"column":8},"end":{"line":587,"column":10}},"208":{"start":{"line":557,"column":12},"end":{"line":557,"column":33}},"209":{"start":{"line":558,"column":12},"end":{"line":558,"column":25}},"210":{"start":{"line":559,"column":12},"end":{"line":585,"column":14}},"211":{"start":{"line":560,"column":16},"end":{"line":584,"column":28}},"212":{"start":{"line":562,"column":20},"end":{"line":562,"column":57}},"213":{"start":{"line":563,"column":20},"end":{"line":563,"column":34}},"214":{"start":{"line":564,"column":20},"end":{"line":583,"column":21}},"215":{"start":{"line":566,"column":24},"end":{"line":568,"column":27}},"216":{"start":{"line":570,"column":24},"end":{"line":572,"column":35}},"217":{"start":{"line":573,"column":24},"end":{"line":573,"column":30}},"218":{"start":{"line":576,"column":24},"end":{"line":576,"column":89}},"219":{"start":{"line":577,"column":24},"end":{"line":578,"column":65}},"220":{"start":{"line":579,"column":24},"end":{"line":579,"column":33}},"221":{"start":{"line":580,"column":24},"end":{"line":580,"column":30}},"222":{"start":{"line":582,"column":24},"end":{"line":582,"column":45}},"223":{"start":{"line":586,"column":12},"end":{"line":586,"column":21}},"224":{"start":{"line":589,"column":8},"end":{"line":633,"column":10}},"225":{"start":{"line":593,"column":12},"end":{"line":593,"column":33}},"226":{"start":{"line":594,"column":12},"end":{"line":594,"column":25}},"227":{"start":{"line":595,"column":12},"end":{"line":631,"column":14}},"228":{"start":{"line":596,"column":16},"end":{"line":630,"column":28}},"229":{"start":{"line":598,"column":20},"end":{"line":598,"column":57}},"230":{"start":{"line":599,"column":20},"end":{"line":599,"column":34}},"231":{"start":{"line":600,"column":20},"end":{"line":629,"column":21}},"232":{"start":{"line":602,"column":24},"end":{"line":605,"column":27}},"233":{"start":{"line":607,"column":24},"end":{"line":609,"column":35}},"234":{"start":{"line":610,"column":24},"end":{"line":610,"column":30}},"235":{"start":{"line":613,"column":24},"end":{"line":613,"column":89}},"236":{"start":{"line":614,"column":24},"end":{"line":615,"column":65}},"237":{"start":{"line":617,"column":24},"end":{"line":622,"column":27}},"238":{"start":{"line":618,"column":28},"end":{"line":621,"column":30}},"239":{"start":{"line":624,"column":24},"end":{"line":624,"column":50}},"240":{"start":{"line":625,"column":24},"end":{"line":625,"column":43}},"241":{"start":{"line":626,"column":24},"end":{"line":626,"column":30}},"242":{"start":{"line":628,"column":24},"end":{"line":628,"column":45}},"243":{"start":{"line":632,"column":12},"end":{"line":632,"column":21}},"244":{"start":{"line":635,"column":8},"end":{"line":669,"column":10}},"245":{"start":{"line":639,"column":12},"end":{"line":639,"column":33}},"246":{"start":{"line":640,"column":12},"end":{"line":640,"column":25}},"247":{"start":{"line":641,"column":12},"end":{"line":667,"column":14}},"248":{"start":{"line":642,"column":16},"end":{"line":666,"column":28}},"249":{"start":{"line":644,"column":20},"end":{"line":644,"column":57}},"250":{"start":{"line":645,"column":20},"end":{"line":645,"column":34}},"251":{"start":{"line":646,"column":20},"end":{"line":665,"column":21}},"252":{"start":{"line":648,"column":24},"end":{"line":650,"column":27}},"253":{"start":{"line":652,"column":24},"end":{"line":654,"column":35}},"254":{"start":{"line":655,"column":24},"end":{"line":655,"column":30}},"255":{"start":{"line":658,"column":24},"end":{"line":658,"column":89}},"256":{"start":{"line":659,"column":24},"end":{"line":660,"column":65}},"257":{"start":{"line":661,"column":24},"end":{"line":661,"column":33}},"258":{"start":{"line":662,"column":24},"end":{"line":662,"column":30}},"259":{"start":{"line":664,"column":24},"end":{"line":664,"column":45}},"260":{"start":{"line":668,"column":12},"end":{"line":668,"column":21}},"261":{"start":{"line":671,"column":8},"end":{"line":692,"column":10}},"262":{"start":{"line":675,"column":12},"end":{"line":675,"column":27}},"263":{"start":{"line":676,"column":12},"end":{"line":676,"column":60}},"264":{"start":{"line":677,"column":12},"end":{"line":677,"column":36}},"265":{"start":{"line":678,"column":12},"end":{"line":678,"column":25}},"266":{"start":{"line":679,"column":12},"end":{"line":690,"column":15}},"267":{"start":{"line":688,"column":16},"end":{"line":688,"column":40}},"268":{"start":{"line":689,"column":16},"end":{"line":689,"column":67}},"269":{"start":{"line":691,"column":12},"end":{"line":691,"column":25}},"270":{"start":{"line":694,"column":8},"end":{"line":756,"column":10}},"271":{"start":{"line":698,"column":12},"end":{"line":698,"column":44}},"272":{"start":{"line":699,"column":12},"end":{"line":699,"column":25}},"273":{"start":{"line":700,"column":12},"end":{"line":754,"column":14}},"274":{"start":{"line":701,"column":16},"end":{"line":753,"column":28}},"275":{"start":{"line":703,"column":20},"end":{"line":703,"column":57}},"276":{"start":{"line":704,"column":20},"end":{"line":704,"column":34}},"277":{"start":{"line":705,"column":20},"end":{"line":752,"column":21}},"278":{"start":{"line":707,"column":24},"end":{"line":711,"column":27}},"279":{"start":{"line":713,"column":24},"end":{"line":713,"column":75}},"280":{"start":{"line":714,"column":24},"end":{"line":714,"column":86}},"281":{"start":{"line":715,"column":24},"end":{"line":715,"column":30}},"282":{"start":{"line":717,"column":24},"end":{"line":717,"column":80}},"283":{"start":{"line":718,"column":24},"end":{"line":718,"column":80}},"284":{"start":{"line":720,"column":24},"end":{"line":720,"column":86}},"285":{"start":{"line":721,"column":24},"end":{"line":724,"column":26}},"286":{"start":{"line":726,"column":24},"end":{"line":726,"column":84}},"287":{"start":{"line":728,"column":24},"end":{"line":730,"column":35}},"288":{"start":{"line":731,"column":24},"end":{"line":731,"column":30}},"289":{"start":{"line":734,"column":24},"end":{"line":735,"column":66}},"290":{"start":{"line":736,"column":24},"end":{"line":737,"column":73}},"291":{"start":{"line":739,"column":24},"end":{"line":740,"column":66}},"292":{"start":{"line":741,"column":24},"end":{"line":742,"column":73}},"293":{"start":{"line":744,"column":24},"end":{"line":747,"column":26}},"294":{"start":{"line":748,"column":24},"end":{"line":748,"column":86}},"295":{"start":{"line":749,"column":24},"end":{"line":749,"column":30}},"296":{"start":{"line":751,"column":24},"end":{"line":751,"column":45}},"297":{"start":{"line":755,"column":12},"end":{"line":755,"column":21}},"298":{"start":{"line":758,"column":8},"end":{"line":805,"column":10}},"299":{"start":{"line":762,"column":12},"end":{"line":762,"column":33}},"300":{"start":{"line":763,"column":12},"end":{"line":763,"column":25}},"301":{"start":{"line":764,"column":12},"end":{"line":803,"column":14}},"302":{"start":{"line":765,"column":16},"end":{"line":802,"column":28}},"303":{"start":{"line":766,"column":20},"end":{"line":766,"column":34}},"304":{"start":{"line":767,"column":20},"end":{"line":801,"column":21}},"305":{"start":{"line":769,"column":24},"end":{"line":771,"column":27}},"306":{"start":{"line":773,"column":24},"end":{"line":775,"column":35}},"307":{"start":{"line":776,"column":24},"end":{"line":776,"column":30}},"308":{"start":{"line":779,"column":24},"end":{"line":779,"column":61}},"309":{"start":{"line":781,"column":24},"end":{"line":781,"column":78}},"310":{"start":{"line":782,"column":24},"end":{"line":782,"column":82}},"311":{"start":{"line":784,"column":24},"end":{"line":784,"column":94}},"312":{"start":{"line":785,"column":24},"end":{"line":786,"column":87}},"313":{"start":{"line":788,"column":24},"end":{"line":790,"column":35}},"314":{"start":{"line":791,"column":24},"end":{"line":791,"column":30}},"315":{"start":{"line":794,"column":24},"end":{"line":794,"column":60}},"316":{"start":{"line":796,"column":24},"end":{"line":796,"column":77}},"317":{"start":{"line":797,"column":24},"end":{"line":797,"column":33}},"318":{"start":{"line":798,"column":24},"end":{"line":798,"column":30}},"319":{"start":{"line":800,"column":24},"end":{"line":800,"column":45}},"320":{"start":{"line":804,"column":12},"end":{"line":804,"column":21}},"321":{"start":{"line":807,"column":8},"end":{"line":858,"column":10}},"322":{"start":{"line":811,"column":12},"end":{"line":811,"column":33}},"323":{"start":{"line":812,"column":12},"end":{"line":812,"column":25}},"324":{"start":{"line":813,"column":12},"end":{"line":856,"column":14}},"325":{"start":{"line":814,"column":16},"end":{"line":855,"column":28}},"326":{"start":{"line":816,"column":20},"end":{"line":816,"column":57}},"327":{"start":{"line":817,"column":20},"end":{"line":817,"column":34}},"328":{"start":{"line":818,"column":20},"end":{"line":854,"column":21}},"329":{"start":{"line":820,"column":24},"end":{"line":820,"column":37}},"330":{"start":{"line":821,"column":24},"end":{"line":825,"column":50}},"331":{"start":{"line":826,"column":24},"end":{"line":826,"column":54}},"332":{"start":{"line":828,"column":24},"end":{"line":833,"column":37}},"333":{"start":{"line":834,"column":24},"end":{"line":834,"column":30}},"334":{"start":{"line":837,"column":24},"end":{"line":837,"column":89}},"335":{"start":{"line":838,"column":24},"end":{"line":841,"column":26}},"336":{"start":{"line":842,"column":24},"end":{"line":844,"column":27}},"337":{"start":{"line":846,"column":24},"end":{"line":846,"column":86}},"338":{"start":{"line":847,"column":24},"end":{"line":847,"column":30}},"339":{"start":{"line":850,"column":24},"end":{"line":850,"column":89}},"340":{"start":{"line":851,"column":24},"end":{"line":851,"column":30}},"341":{"start":{"line":853,"column":24},"end":{"line":853,"column":39}},"342":{"start":{"line":857,"column":12},"end":{"line":857,"column":21}},"343":{"start":{"line":860,"column":8},"end":{"line":890,"column":10}},"344":{"start":{"line":864,"column":12},"end":{"line":864,"column":33}},"345":{"start":{"line":865,"column":12},"end":{"line":865,"column":25}},"346":{"start":{"line":866,"column":12},"end":{"line":888,"column":14}},"347":{"start":{"line":867,"column":16},"end":{"line":887,"column":28}},"348":{"start":{"line":869,"column":20},"end":{"line":869,"column":57}},"349":{"start":{"line":870,"column":20},"end":{"line":870,"column":34}},"350":{"start":{"line":871,"column":20},"end":{"line":886,"column":21}},"351":{"start":{"line":873,"column":24},"end":{"line":873,"column":37}},"352":{"start":{"line":875,"column":24},"end":{"line":877,"column":49}},"353":{"start":{"line":878,"column":24},"end":{"line":878,"column":30}},"354":{"start":{"line":881,"column":24},"end":{"line":881,"column":89}},"355":{"start":{"line":882,"column":24},"end":{"line":882,"column":33}},"356":{"start":{"line":883,"column":24},"end":{"line":883,"column":30}},"357":{"start":{"line":885,"column":24},"end":{"line":885,"column":39}},"358":{"start":{"line":889,"column":12},"end":{"line":889,"column":21}},"359":{"start":{"line":892,"column":8},"end":{"line":906,"column":10}},"360":{"start":{"line":896,"column":12},"end":{"line":896,"column":25}},"361":{"start":{"line":898,"column":12},"end":{"line":898,"column":57}},"362":{"start":{"line":899,"column":12},"end":{"line":904,"column":13}},"363":{"start":{"line":900,"column":16},"end":{"line":900,"column":61}},"364":{"start":{"line":902,"column":16},"end":{"line":902,"column":78}},"365":{"start":{"line":903,"column":16},"end":{"line":903,"column":46}},"366":{"start":{"line":905,"column":12},"end":{"line":905,"column":22}},"367":{"start":{"line":908,"column":8},"end":{"line":925,"column":10}},"368":{"start":{"line":912,"column":12},"end":{"line":921,"column":14}},"369":{"start":{"line":915,"column":24},"end":{"line":915,"column":34}},"370":{"start":{"line":918,"column":24},"end":{"line":918,"column":34}},"371":{"start":{"line":922,"column":12},"end":{"line":924,"column":24}},"372":{"start":{"line":923,"column":16},"end":{"line":923,"column":46}},"373":{"start":{"line":927,"column":8},"end":{"line":957,"column":10}},"374":{"start":{"line":931,"column":12},"end":{"line":931,"column":27}},"375":{"start":{"line":932,"column":12},"end":{"line":932,"column":60}},"376":{"start":{"line":933,"column":12},"end":{"line":933,"column":36}},"377":{"start":{"line":934,"column":12},"end":{"line":955,"column":15}},"378":{"start":{"line":939,"column":16},"end":{"line":939,"column":28}},"379":{"start":{"line":940,"column":16},"end":{"line":940,"column":40}},"380":{"start":{"line":941,"column":16},"end":{"line":954,"column":19}},"381":{"start":{"line":944,"column":20},"end":{"line":953,"column":32}},"382":{"start":{"line":946,"column":24},"end":{"line":946,"column":61}},"383":{"start":{"line":948,"column":24},"end":{"line":951,"column":26}},"384":{"start":{"line":952,"column":24},"end":{"line":952,"column":37}},"385":{"start":{"line":956,"column":12},"end":{"line":956,"column":25}},"386":{"start":{"line":959,"column":8},"end":{"line":993,"column":10}},"387":{"start":{"line":963,"column":12},"end":{"line":963,"column":27}},"388":{"start":{"line":964,"column":12},"end":{"line":964,"column":60}},"389":{"start":{"line":965,"column":12},"end":{"line":965,"column":36}},"390":{"start":{"line":966,"column":12},"end":{"line":966,"column":52}},"391":{"start":{"line":967,"column":12},"end":{"line":967,"column":36}},"392":{"start":{"line":968,"column":12},"end":{"line":979,"column":15}},"393":{"start":{"line":969,"column":16},"end":{"line":978,"column":28}},"394":{"start":{"line":971,"column":20},"end":{"line":971,"column":57}},"395":{"start":{"line":973,"column":20},"end":{"line":976,"column":22}},"396":{"start":{"line":977,"column":20},"end":{"line":977,"column":33}},"397":{"start":{"line":980,"column":12},"end":{"line":980,"column":53}},"398":{"start":{"line":981,"column":12},"end":{"line":981,"column":36}},"399":{"start":{"line":982,"column":12},"end":{"line":991,"column":15}},"400":{"start":{"line":983,"column":16},"end":{"line":990,"column":28}},"401":{"start":{"line":985,"column":20},"end":{"line":985,"column":56}},"402":{"start":{"line":987,"column":20},"end":{"line":988,"column":39}},"403":{"start":{"line":989,"column":20},"end":{"line":989,"column":33}},"404":{"start":{"line":992,"column":12},"end":{"line":992,"column":25}},"405":{"start":{"line":995,"column":8},"end":{"line":1028,"column":10}},"406":{"start":{"line":999,"column":12},"end":{"line":999,"column":27}},"407":{"start":{"line":1000,"column":12},"end":{"line":1000,"column":60}},"408":{"start":{"line":1001,"column":12},"end":{"line":1001,"column":36}},"409":{"start":{"line":1002,"column":12},"end":{"line":1026,"column":15}},"410":{"start":{"line":1012,"column":16},"end":{"line":1012,"column":73}},"411":{"start":{"line":1013,"column":16},"end":{"line":1013,"column":40}},"412":{"start":{"line":1014,"column":16},"end":{"line":1025,"column":19}},"413":{"start":{"line":1017,"column":20},"end":{"line":1024,"column":32}},"414":{"start":{"line":1019,"column":24},"end":{"line":1019,"column":60}},"415":{"start":{"line":1021,"column":24},"end":{"line":1022,"column":44}},"416":{"start":{"line":1023,"column":24},"end":{"line":1023,"column":37}},"417":{"start":{"line":1027,"column":12},"end":{"line":1027,"column":25}},"418":{"start":{"line":1030,"column":8},"end":{"line":1055,"column":10}},"419":{"start":{"line":1034,"column":12},"end":{"line":1034,"column":33}},"420":{"start":{"line":1035,"column":12},"end":{"line":1035,"column":25}},"421":{"start":{"line":1036,"column":12},"end":{"line":1053,"column":14}},"422":{"start":{"line":1037,"column":16},"end":{"line":1052,"column":28}},"423":{"start":{"line":1039,"column":20},"end":{"line":1039,"column":57}},"424":{"start":{"line":1040,"column":20},"end":{"line":1040,"column":34}},"425":{"start":{"line":1041,"column":20},"end":{"line":1051,"column":21}},"426":{"start":{"line":1043,"column":24},"end":{"line":1043,"column":37}},"427":{"start":{"line":1044,"column":24},"end":{"line":1044,"column":88}},"428":{"start":{"line":1045,"column":24},"end":{"line":1045,"column":30}},"429":{"start":{"line":1048,"column":24},"end":{"line":1048,"column":89}},"430":{"start":{"line":1049,"column":24},"end":{"line":1049,"column":73}},"431":{"start":{"line":1050,"column":24},"end":{"line":1050,"column":34}},"432":{"start":{"line":1054,"column":12},"end":{"line":1054,"column":21}},"433":{"start":{"line":1057,"column":8},"end":{"line":1170,"column":10}},"434":{"start":{"line":1061,"column":12},"end":{"line":1061,"column":33}},"435":{"start":{"line":1062,"column":12},"end":{"line":1062,"column":25}},"436":{"start":{"line":1063,"column":12},"end":{"line":1168,"column":14}},"437":{"start":{"line":1064,"column":16},"end":{"line":1167,"column":28}},"438":{"start":{"line":1065,"column":20},"end":{"line":1065,"column":34}},"439":{"start":{"line":1066,"column":20},"end":{"line":1166,"column":21}},"440":{"start":{"line":1069,"column":24},"end":{"line":1069,"column":57}},"441":{"start":{"line":1071,"column":24},"end":{"line":1071,"column":37}},"442":{"start":{"line":1072,"column":24},"end":{"line":1072,"column":63}},"443":{"start":{"line":1073,"column":24},"end":{"line":1073,"column":30}},"444":{"start":{"line":1076,"column":24},"end":{"line":1076,"column":60}},"445":{"start":{"line":1078,"column":24},"end":{"line":1078,"column":83}},"446":{"start":{"line":1079,"column":24},"end":{"line":1079,"column":72}},"447":{"start":{"line":1080,"column":24},"end":{"line":1080,"column":30}},"448":{"start":{"line":1083,"column":24},"end":{"line":1083,"column":60}},"449":{"start":{"line":1085,"column":24},"end":{"line":1085,"column":77}},"450":{"start":{"line":1087,"column":24},"end":{"line":1090,"column":26}},"451":{"start":{"line":1092,"column":24},"end":{"line":1092,"column":37}},"452":{"start":{"line":1093,"column":24},"end":{"line":1093,"column":63}},"453":{"start":{"line":1094,"column":24},"end":{"line":1094,"column":30}},"454":{"start":{"line":1097,"column":24},"end":{"line":1097,"column":60}},"455":{"start":{"line":1099,"column":24},"end":{"line":1099,"column":77}},"456":{"start":{"line":1101,"column":24},"end":{"line":1104,"column":26}},"457":{"start":{"line":1106,"column":24},"end":{"line":1106,"column":76}},"458":{"start":{"line":1107,"column":24},"end":{"line":1107,"column":72}},"459":{"start":{"line":1108,"column":24},"end":{"line":1108,"column":30}},"460":{"start":{"line":1111,"column":24},"end":{"line":1111,"column":61}},"461":{"start":{"line":1113,"column":24},"end":{"line":1113,"column":77}},"462":{"start":{"line":1115,"column":24},"end":{"line":1118,"column":26}},"463":{"start":{"line":1121,"column":24},"end":{"line":1121,"column":69}},"464":{"start":{"line":1122,"column":24},"end":{"line":1122,"column":71}},"465":{"start":{"line":1123,"column":24},"end":{"line":1123,"column":63}},"466":{"start":{"line":1124,"column":24},"end":{"line":1124,"column":30}},"467":{"start":{"line":1127,"column":24},"end":{"line":1127,"column":61}},"468":{"start":{"line":1129,"column":24},"end":{"line":1129,"column":77}},"469":{"start":{"line":1131,"column":24},"end":{"line":1134,"column":26}},"470":{"start":{"line":1136,"column":24},"end":{"line":1136,"column":37}},"471":{"start":{"line":1137,"column":24},"end":{"line":1137,"column":63}},"472":{"start":{"line":1138,"column":24},"end":{"line":1138,"column":30}},"473":{"start":{"line":1141,"column":24},"end":{"line":1141,"column":60}},"474":{"start":{"line":1143,"column":24},"end":{"line":1143,"column":77}},"475":{"start":{"line":1145,"column":24},"end":{"line":1147,"column":35}},"476":{"start":{"line":1148,"column":24},"end":{"line":1148,"column":30}},"477":{"start":{"line":1151,"column":24},"end":{"line":1151,"column":60}},"478":{"start":{"line":1153,"column":24},"end":{"line":1153,"column":77}},"479":{"start":{"line":1155,"column":24},"end":{"line":1155,"column":73}},"480":{"start":{"line":1156,"column":24},"end":{"line":1156,"column":71}},"481":{"start":{"line":1157,"column":24},"end":{"line":1157,"column":63}},"482":{"start":{"line":1158,"column":24},"end":{"line":1158,"column":30}},"483":{"start":{"line":1161,"column":24},"end":{"line":1161,"column":60}},"484":{"start":{"line":1163,"column":24},"end":{"line":1163,"column":77}},"485":{"start":{"line":1164,"column":24},"end":{"line":1164,"column":44}},"486":{"start":{"line":1165,"column":24},"end":{"line":1165,"column":30}},"487":{"start":{"line":1169,"column":12},"end":{"line":1169,"column":21}},"488":{"start":{"line":1172,"column":8},"end":{"line":1243,"column":10}},"489":{"start":{"line":1176,"column":12},"end":{"line":1176,"column":27}},"490":{"start":{"line":1177,"column":12},"end":{"line":1177,"column":60}},"491":{"start":{"line":1178,"column":12},"end":{"line":1178,"column":36}},"492":{"start":{"line":1180,"column":12},"end":{"line":1180,"column":60}},"493":{"start":{"line":1181,"column":12},"end":{"line":1203,"column":16}},"494":{"start":{"line":1204,"column":12},"end":{"line":1204,"column":36}},"495":{"start":{"line":1205,"column":12},"end":{"line":1224,"column":15}},"496":{"start":{"line":1206,"column":16},"end":{"line":1223,"column":28}},"497":{"start":{"line":1208,"column":20},"end":{"line":1208,"column":57}},"498":{"start":{"line":1210,"column":20},"end":{"line":1221,"column":23}},"499":{"start":{"line":1222,"column":20},"end":{"line":1222,"column":33}},"500":{"start":{"line":1225,"column":12},"end":{"line":1229,"column":16}},"501":{"start":{"line":1230,"column":12},"end":{"line":1230,"column":36}},"502":{"start":{"line":1231,"column":12},"end":{"line":1241,"column":15}},"503":{"start":{"line":1232,"column":16},"end":{"line":1240,"column":28}},"504":{"start":{"line":1234,"column":20},"end":{"line":1234,"column":57}},"505":{"start":{"line":1236,"column":20},"end":{"line":1238,"column":23}},"506":{"start":{"line":1239,"column":20},"end":{"line":1239,"column":33}},"507":{"start":{"line":1242,"column":12},"end":{"line":1242,"column":25}},"508":{"start":{"line":1245,"column":8},"end":{"line":1275,"column":10}},"509":{"start":{"line":1249,"column":12},"end":{"line":1249,"column":27}},"510":{"start":{"line":1250,"column":12},"end":{"line":1250,"column":60}},"511":{"start":{"line":1251,"column":12},"end":{"line":1251,"column":36}},"512":{"start":{"line":1252,"column":12},"end":{"line":1252,"column":83}},"513":{"start":{"line":1253,"column":12},"end":{"line":1273,"column":15}},"514":{"start":{"line":1263,"column":16},"end":{"line":1263,"column":69}},"515":{"start":{"line":1264,"column":16},"end":{"line":1264,"column":63}},"516":{"start":{"line":1265,"column":16},"end":{"line":1265,"column":40}},"517":{"start":{"line":1266,"column":16},"end":{"line":1272,"column":19}},"518":{"start":{"line":1267,"column":20},"end":{"line":1271,"column":32}},"519":{"start":{"line":1269,"column":24},"end":{"line":1269,"column":62}},"520":{"start":{"line":1270,"column":24},"end":{"line":1270,"column":37}},"521":{"start":{"line":1274,"column":12},"end":{"line":1274,"column":25}},"522":{"start":{"line":1277,"column":8},"end":{"line":1297,"column":10}},"523":{"start":{"line":1281,"column":12},"end":{"line":1284,"column":16}},"524":{"start":{"line":1285,"column":12},"end":{"line":1296,"column":15}},"525":{"start":{"line":1286,"column":16},"end":{"line":1295,"column":28}},"526":{"start":{"line":1288,"column":20},"end":{"line":1288,"column":57}},"527":{"start":{"line":1290,"column":20},"end":{"line":1293,"column":23}},"528":{"start":{"line":1294,"column":20},"end":{"line":1294,"column":30}},"529":{"start":{"line":1299,"column":8},"end":{"line":1346,"column":10}},"530":{"start":{"line":1303,"column":12},"end":{"line":1306,"column":14}},"531":{"start":{"line":1307,"column":12},"end":{"line":1344,"column":15}},"532":{"start":{"line":1336,"column":16},"end":{"line":1336,"column":69}},"533":{"start":{"line":1337,"column":16},"end":{"line":1337,"column":58}},"534":{"start":{"line":1338,"column":16},"end":{"line":1338,"column":48}},"535":{"start":{"line":1340,"column":16},"end":{"line":1340,"column":94}},"536":{"start":{"line":1341,"column":16},"end":{"line":1341,"column":82}},"537":{"start":{"line":1342,"column":16},"end":{"line":1342,"column":94}},"538":{"start":{"line":1343,"column":16},"end":{"line":1343,"column":53}},"539":{"start":{"line":1345,"column":12},"end":{"line":1345,"column":22}},"540":{"start":{"line":1348,"column":8},"end":{"line":1414,"column":10}},"541":{"start":{"line":1352,"column":12},"end":{"line":1355,"column":14}},"542":{"start":{"line":1356,"column":12},"end":{"line":1412,"column":15}},"543":{"start":{"line":1402,"column":16},"end":{"line":1409,"column":39}},"544":{"start":{"line":1403,"column":20},"end":{"line":1406,"column":21}},"545":{"start":{"line":1404,"column":24},"end":{"line":1404,"column":77}},"546":{"start":{"line":1405,"column":24},"end":{"line":1405,"column":66}},"547":{"start":{"line":1407,"column":20},"end":{"line":1407,"column":52}},"548":{"start":{"line":1408,"column":20},"end":{"line":1408,"column":57}},"549":{"start":{"line":1411,"column":16},"end":{"line":1411,"column":88}},"550":{"start":{"line":1413,"column":12},"end":{"line":1413,"column":22}},"551":{"start":{"line":1415,"column":8},"end":{"line":1497,"column":10}},"552":{"start":{"line":1419,"column":12},"end":{"line":1419,"column":25}},"553":{"start":{"line":1421,"column":12},"end":{"line":1427,"column":15}},"554":{"start":{"line":1422,"column":16},"end":{"line":1424,"column":39}},"555":{"start":{"line":1423,"column":20},"end":{"line":1423,"column":58}},"556":{"start":{"line":1426,"column":16},"end":{"line":1426,"column":83}},"557":{"start":{"line":1428,"column":12},"end":{"line":1460,"column":15}},"558":{"start":{"line":1463,"column":12},"end":{"line":1463,"column":75}},"559":{"start":{"line":1464,"column":12},"end":{"line":1495,"column":15}},"560":{"start":{"line":1487,"column":16},"end":{"line":1492,"column":39}},"561":{"start":{"line":1488,"column":20},"end":{"line":1491,"column":27}},"562":{"start":{"line":1494,"column":16},"end":{"line":1494,"column":83}},"563":{"start":{"line":1496,"column":12},"end":{"line":1496,"column":22}},"564":{"start":{"line":1499,"column":4},"end":{"line":1748,"column":5}},"565":{"start":{"line":1505,"column":8},"end":{"line":1513,"column":10}},"566":{"start":{"line":1509,"column":12},"end":{"line":1509,"column":25}},"567":{"start":{"line":1510,"column":12},"end":{"line":1510,"column":60}},"568":{"start":{"line":1511,"column":12},"end":{"line":1511,"column":55}},"569":{"start":{"line":1512,"column":12},"end":{"line":1512,"column":38}},"570":{"start":{"line":1515,"column":8},"end":{"line":1557,"column":10}},"571":{"start":{"line":1519,"column":12},"end":{"line":1519,"column":27}},"572":{"start":{"line":1520,"column":12},"end":{"line":1520,"column":25}},"573":{"start":{"line":1521,"column":12},"end":{"line":1529,"column":15}},"574":{"start":{"line":1522,"column":16},"end":{"line":1527,"column":24}},"575":{"start":{"line":1524,"column":20},"end":{"line":1526,"column":23}},"576":{"start":{"line":1528,"column":16},"end":{"line":1528,"column":31}},"577":{"start":{"line":1530,"column":12},"end":{"line":1530,"column":36}},"578":{"start":{"line":1531,"column":12},"end":{"line":1544,"column":15}},"579":{"start":{"line":1532,"column":16},"end":{"line":1543,"column":19}},"580":{"start":{"line":1536,"column":20},"end":{"line":1542,"column":23}},"581":{"start":{"line":1537,"column":24},"end":{"line":1537,"column":48}},"582":{"start":{"line":1538,"column":24},"end":{"line":1541,"column":52}},"583":{"start":{"line":1539,"column":28},"end":{"line":1539,"column":75}},"584":{"start":{"line":1540,"column":28},"end":{"line":1540,"column":41}},"585":{"start":{"line":1546,"column":12},"end":{"line":1548,"column":14}},"586":{"start":{"line":1549,"column":12},"end":{"line":1549,"column":47}},"587":{"start":{"line":1551,"column":12},"end":{"line":1551,"column":90}},"588":{"start":{"line":1552,"column":12},"end":{"line":1554,"column":14}},"589":{"start":{"line":1555,"column":12},"end":{"line":1555,"column":47}},"590":{"start":{"line":1556,"column":12},"end":{"line":1556,"column":25}},"591":{"start":{"line":1559,"column":8},"end":{"line":1578,"column":10}},"592":{"start":{"line":1563,"column":12},"end":{"line":1567,"column":14}},"593":{"start":{"line":1568,"column":12},"end":{"line":1576,"column":15}},"594":{"start":{"line":1569,"column":16},"end":{"line":1570,"column":23}},"595":{"start":{"line":1571,"column":16},"end":{"line":1575,"column":19}},"596":{"start":{"line":1577,"column":12},"end":{"line":1577,"column":22}},"597":{"start":{"line":1580,"column":8},"end":{"line":1596,"column":10}},"598":{"start":{"line":1584,"column":12},"end":{"line":1591,"column":14}},"599":{"start":{"line":1592,"column":12},"end":{"line":1594,"column":15}},"600":{"start":{"line":1593,"column":16},"end":{"line":1593,"column":47}},"601":{"start":{"line":1595,"column":12},"end":{"line":1595,"column":22}},"602":{"start":{"line":1597,"column":8},"end":{"line":1597,"column":14}},"603":{"start":{"line":1603,"column":8},"end":{"line":1665,"column":10}},"604":{"start":{"line":1607,"column":12},"end":{"line":1607,"column":27}},"605":{"start":{"line":1608,"column":12},"end":{"line":1608,"column":60}},"606":{"start":{"line":1609,"column":12},"end":{"line":1609,"column":36}},"607":{"start":{"line":1610,"column":12},"end":{"line":1610,"column":25}},"608":{"start":{"line":1611,"column":12},"end":{"line":1650,"column":15}},"609":{"start":{"line":1651,"column":12},"end":{"line":1663,"column":15}},"610":{"start":{"line":1652,"column":16},"end":{"line":1652,"column":40}},"611":{"start":{"line":1653,"column":16},"end":{"line":1662,"column":19}},"612":{"start":{"line":1654,"column":20},"end":{"line":1654,"column":44}},"613":{"start":{"line":1656,"column":20},"end":{"line":1656,"column":38}},"614":{"start":{"line":1657,"column":20},"end":{"line":1661,"column":22}},"615":{"start":{"line":1664,"column":12},"end":{"line":1664,"column":25}},"616":{"start":{"line":1667,"column":8},"end":{"line":1734,"column":10}},"617":{"start":{"line":1671,"column":12},"end":{"line":1671,"column":33}},"618":{"start":{"line":1672,"column":12},"end":{"line":1672,"column":25}},"619":{"start":{"line":1673,"column":12},"end":{"line":1732,"column":14}},"620":{"start":{"line":1674,"column":16},"end":{"line":1731,"column":28}},"621":{"start":{"line":1676,"column":20},"end":{"line":1676,"column":57}},"622":{"start":{"line":1677,"column":20},"end":{"line":1677,"column":34}},"623":{"start":{"line":1678,"column":20},"end":{"line":1730,"column":21}},"624":{"start":{"line":1680,"column":24},"end":{"line":1680,"column":37}},"625":{"start":{"line":1681,"column":24},"end":{"line":1698,"column":26}},"626":{"start":{"line":1699,"column":24},"end":{"line":1713,"column":27}},"627":{"start":{"line":1700,"column":28},"end":{"line":1712,"column":44}},"628":{"start":{"line":1709,"column":36},"end":{"line":1711,"column":59}},"629":{"start":{"line":1715,"column":24},"end":{"line":1719,"column":26}},"630":{"start":{"line":1720,"column":24},"end":{"line":1720,"column":30}},"631":{"start":{"line":1722,"column":24},"end":{"line":1726,"column":35}},"632":{"start":{"line":1727,"column":24},"end":{"line":1727,"column":30}},"633":{"start":{"line":1729,"column":24},"end":{"line":1729,"column":39}},"634":{"start":{"line":1733,"column":12},"end":{"line":1733,"column":21}},"635":{"start":{"line":1736,"column":8},"end":{"line":1746,"column":10}},"636":{"start":{"line":1740,"column":12},"end":{"line":1744,"column":14}},"637":{"start":{"line":1745,"column":12},"end":{"line":1745,"column":57}},"638":{"start":{"line":1747,"column":8},"end":{"line":1747,"column":14}},"639":{"start":{"line":1753,"column":4},"end":{"line":2213,"column":9}},"640":{"start":{"line":1755,"column":8},"end":{"line":2094,"column":11}},"641":{"start":{"line":2096,"column":8},"end":{"line":2096,"column":77}},"642":{"start":{"line":2098,"column":8},"end":{"line":2124,"column":11}},"643":{"start":{"line":2099,"column":12},"end":{"line":2123,"column":13}},"644":{"start":{"line":2102,"column":16},"end":{"line":2107,"column":18}},"645":{"start":{"line":2103,"column":20},"end":{"line":2103,"column":84}},"646":{"start":{"line":2108,"column":16},"end":{"line":2108,"column":22}},"647":{"start":{"line":2113,"column":16},"end":{"line":2118,"column":18}},"648":{"start":{"line":2119,"column":16},"end":{"line":2119,"column":22}},"649":{"start":{"line":2122,"column":16},"end":{"line":2122,"column":87}},"650":{"start":{"line":2126,"column":8},"end":{"line":2126,"column":50}},"651":{"start":{"line":2127,"column":8},"end":{"line":2201,"column":42}},"652":{"start":{"line":2157,"column":20},"end":{"line":2159,"column":22}},"653":{"start":{"line":2202,"column":8},"end":{"line":2205,"column":32}},"654":{"start":{"line":2207,"column":8},"end":{"line":2212,"column":10}},"655":{"start":{"line":2208,"column":12},"end":{"line":2208,"column":56}},"656":{"start":{"line":2209,"column":12},"end":{"line":2211,"column":51}},"657":{"start":{"line":2214,"column":4},"end":{"line":2294,"column":5}},"658":{"start":{"line":2221,"column":8},"end":{"line":2221,"column":35}},"659":{"start":{"line":2223,"column":8},"end":{"line":2227,"column":15}},"660":{"start":{"line":2229,"column":8},"end":{"line":2234,"column":9},"skip":true},"661":{"start":{"line":2230,"column":12},"end":{"line":2232,"column":58},"skip":true},"662":{"start":{"line":2233,"column":12},"end":{"line":2233,"column":18},"skip":true},"663":{"start":{"line":2235,"column":8},"end":{"line":2240,"column":14}},"664":{"start":{"line":2241,"column":8},"end":{"line":2263,"column":28}},"665":{"start":{"line":2248,"column":12},"end":{"line":2262,"column":13}},"666":{"start":{"line":2250,"column":16},"end":{"line":2250,"column":54}},"667":{"start":{"line":2252,"column":16},"end":{"line":2259,"column":22}},"668":{"start":{"line":2261,"column":16},"end":{"line":2261,"column":75}},"669":{"start":{"line":2264,"column":8},"end":{"line":2265,"column":91}},"670":{"start":{"line":2267,"column":8},"end":{"line":2273,"column":42}},"671":{"start":{"line":2268,"column":12},"end":{"line":2268,"column":95}},"672":{"start":{"line":2269,"column":12},"end":{"line":2269,"column":93}},"673":{"start":{"line":2270,"column":12},"end":{"line":2270,"column":89}},"674":{"start":{"line":2271,"column":12},"end":{"line":2271,"column":87}},"675":{"start":{"line":2272,"column":12},"end":{"line":2272,"column":90}},"676":{"start":{"line":2275,"column":8},"end":{"line":2292,"column":11}},"677":{"start":{"line":2280,"column":12},"end":{"line":2291,"column":15}},"678":{"start":{"line":2281,"column":16},"end":{"line":2281,"column":40}},"679":{"start":{"line":2282,"column":16},"end":{"line":2282,"column":59}},"680":{"start":{"line":2283,"column":16},"end":{"line":2290,"column":17}},"681":{"start":{"line":2288,"column":20},"end":{"line":2288,"column":93}},"682":{"start":{"line":2289,"column":20},"end":{"line":2289,"column":26}},"683":{"start":{"line":2293,"column":8},"end":{"line":2293,"column":14}}},"branchMap":{"1":{"line":26,"type":"binary-expr","locations":[{"start":{"line":26,"column":23},"end":{"line":26,"column":62}},{"start":{"line":27,"column":20},"end":{"line":27,"column":70}},{"start":{"line":28,"column":20},"end":{"line":28,"column":71}},{"start":{"line":29,"column":20},"end":{"line":29,"column":29}}]},"2":{"line":31,"type":"binary-expr","locations":[{"start":{"line":31,"column":23},"end":{"line":31,"column":37}},{"start":{"line":32,"column":20},"end":{"line":32,"column":61}},{"start":{"line":33,"column":20},"end":{"line":33,"column":70}},{"start":{"line":34,"column":20},"end":{"line":34,"column":26}}]},"3":{"line":37,"type":"switch","locations":[{"start":{"line":39,"column":8},"end":{"line":41,"column":18}},{"start":{"line":43,"column":8},"end":{"line":53,"column":18}}]},"4":{"line":45,"type":"if","locations":[{"start":{"line":45,"column":12},"end":{"line":45,"column":12},"skip":true},{"start":{"line":45,"column":12},"end":{"line":45,"column":12},"skip":true}]},"5":{"line":83,"type":"binary-expr","locations":[{"start":{"line":83,"column":54},"end":{"line":83,"column":61}},{"start":{"line":83,"column":65},"end":{"line":83,"column":67}}]},"6":{"line":84,"type":"switch","locations":[{"start":{"line":85,"column":12},"end":{"line":93,"column":22}},{"start":{"line":94,"column":12},"end":{"line":104,"column":22}},{"start":{"line":105,"column":12},"end":{"line":113,"column":22}},{"start":{"line":114,"column":12},"end":{"line":124,"column":19}}]},"7":{"line":119,"type":"binary-expr","locations":[{"start":{"line":119,"column":42},"end":{"line":119,"column":57}},{"start":{"line":119,"column":61},"end":{"line":119,"column":84}}]},"8":{"line":168,"type":"if","locations":[{"start":{"line":168,"column":24},"end":{"line":168,"column":24}},{"start":{"line":168,"column":24},"end":{"line":168,"column":24}}]},"9":{"line":190,"type":"switch","locations":[{"start":{"line":191,"column":20},"end":{"line":199,"column":30}},{"start":{"line":200,"column":20},"end":{"line":206,"column":30}},{"start":{"line":207,"column":20},"end":{"line":208,"column":45}}]},"10":{"line":263,"type":"switch","locations":[{"start":{"line":264,"column":20},"end":{"line":273,"column":30}},{"start":{"line":274,"column":20},"end":{"line":280,"column":30}},{"start":{"line":281,"column":20},"end":{"line":287,"column":30}},{"start":{"line":288,"column":20},"end":{"line":291,"column":30}},{"start":{"line":292,"column":20},"end":{"line":293,"column":45}}]},"11":{"line":311,"type":"switch","locations":[{"start":{"line":312,"column":20},"end":{"line":326,"column":30}},{"start":{"line":327,"column":20},"end":{"line":338,"column":30}},{"start":{"line":339,"column":20},"end":{"line":340,"column":45}}]},"12":{"line":358,"type":"switch","locations":[{"start":{"line":359,"column":20},"end":{"line":379,"column":30}},{"start":{"line":380,"column":20},"end":{"line":396,"column":30}},{"start":{"line":397,"column":20},"end":{"line":398,"column":45}}]},"13":{"line":416,"type":"switch","locations":[{"start":{"line":417,"column":20},"end":{"line":425,"column":30}},{"start":{"line":426,"column":20},"end":{"line":431,"column":30}},{"start":{"line":432,"column":20},"end":{"line":433,"column":45}}]},"14":{"line":451,"type":"switch","locations":[{"start":{"line":452,"column":20},"end":{"line":460,"column":30}},{"start":{"line":461,"column":20},"end":{"line":466,"column":30}},{"start":{"line":467,"column":20},"end":{"line":473,"column":30}},{"start":{"line":474,"column":20},"end":{"line":475,"column":45}}]},"15":{"line":526,"type":"switch","locations":[{"start":{"line":527,"column":20},"end":{"line":535,"column":30}},{"start":{"line":536,"column":20},"end":{"line":544,"column":30}},{"start":{"line":545,"column":20},"end":{"line":546,"column":45}}]},"16":{"line":564,"type":"switch","locations":[{"start":{"line":565,"column":20},"end":{"line":573,"column":30}},{"start":{"line":574,"column":20},"end":{"line":580,"column":30}},{"start":{"line":581,"column":20},"end":{"line":582,"column":45}}]},"17":{"line":600,"type":"switch","locations":[{"start":{"line":601,"column":20},"end":{"line":610,"column":30}},{"start":{"line":611,"column":20},"end":{"line":626,"column":30}},{"start":{"line":627,"column":20},"end":{"line":628,"column":45}}]},"18":{"line":646,"type":"switch","locations":[{"start":{"line":647,"column":20},"end":{"line":655,"column":30}},{"start":{"line":656,"column":20},"end":{"line":662,"column":30}},{"start":{"line":663,"column":20},"end":{"line":664,"column":45}}]},"19":{"line":705,"type":"switch","locations":[{"start":{"line":706,"column":20},"end":{"line":715,"column":30}},{"start":{"line":716,"column":20},"end":{"line":731,"column":30}},{"start":{"line":732,"column":20},"end":{"line":749,"column":30}},{"start":{"line":750,"column":20},"end":{"line":751,"column":45}}]},"20":{"line":767,"type":"switch","locations":[{"start":{"line":768,"column":20},"end":{"line":776,"column":30}},{"start":{"line":777,"column":20},"end":{"line":791,"column":30}},{"start":{"line":792,"column":20},"end":{"line":798,"column":30}},{"start":{"line":799,"column":20},"end":{"line":800,"column":45}}]},"21":{"line":818,"type":"switch","locations":[{"start":{"line":819,"column":20},"end":{"line":834,"column":30}},{"start":{"line":835,"column":20},"end":{"line":847,"column":30}},{"start":{"line":848,"column":20},"end":{"line":851,"column":30}},{"start":{"line":852,"column":20},"end":{"line":853,"column":39}}]},"22":{"line":871,"type":"switch","locations":[{"start":{"line":872,"column":20},"end":{"line":878,"column":30}},{"start":{"line":879,"column":20},"end":{"line":883,"column":30}},{"start":{"line":884,"column":20},"end":{"line":885,"column":39}}]},"23":{"line":1041,"type":"switch","locations":[{"start":{"line":1042,"column":20},"end":{"line":1045,"column":30}},{"start":{"line":1046,"column":20},"end":{"line":1050,"column":34}}]},"24":{"line":1066,"type":"switch","locations":[{"start":{"line":1067,"column":20},"end":{"line":1073,"column":30}},{"start":{"line":1074,"column":20},"end":{"line":1080,"column":30}},{"start":{"line":1081,"column":20},"end":{"line":1094,"column":30}},{"start":{"line":1095,"column":20},"end":{"line":1108,"column":30}},{"start":{"line":1109,"column":20},"end":{"line":1124,"column":30}},{"start":{"line":1125,"column":20},"end":{"line":1138,"column":30}},{"start":{"line":1139,"column":20},"end":{"line":1148,"column":30}},{"start":{"line":1149,"column":20},"end":{"line":1158,"column":30}},{"start":{"line":1159,"column":20},"end":{"line":1165,"column":30}}]},"25":{"line":1340,"type":"binary-expr","locations":[{"start":{"line":1340,"column":47},"end":{"line":1340,"column":75}},{"start":{"line":1340,"column":79},"end":{"line":1340,"column":93}}]},"26":{"line":1341,"type":"binary-expr","locations":[{"start":{"line":1341,"column":42},"end":{"line":1341,"column":65}},{"start":{"line":1341,"column":69},"end":{"line":1341,"column":81}}]},"27":{"line":1342,"type":"binary-expr","locations":[{"start":{"line":1342,"column":48},"end":{"line":1342,"column
[...]
    };","","        local.swgg.uiParamRender = function (paramDef) {","        /*","         * this function will render the param","         */","            local.utility2.objectSetDefault(paramDef, {","                placeholder: paramDef.required","                    ? '(required)'","                    : ''","            });","            // init input - file","            if (paramDef.type === 'file') {","                paramDef.isFile = true;","            // init input - textarea","            } else if (paramDef.in === 'body') {","                paramDef.isTextarea = true;","            // init input - select","            } else if (paramDef.enum || paramDef.type === 'boolean') {","                paramDef.enumDefault = [];","                if (paramDef.default !== undefined) {","                    paramDef.enumDefault = paramDef.type === 'array'","                        ? paramDef.default","                        : [paramDef.default];","                }","                paramDef.isSelect = true;","                paramDef.isSelectMultiple = paramDef.type === 'array';","                paramDef.selectOptionList = (paramDef.type === 'boolean'","                    ? [true, false]","                    : paramDef.enum).map(function (element) {","                    paramDef.hasDefault |= paramDef.enumDefault.indexOf(element) >= 0;","                    return {","                        id: local.swgg.idDomElementCreate('swgg_id_' + paramDef.name),","                        selected: paramDef.enumDefault.indexOf(element) >= 0","                            ? 'selected'","                            : '',","                        type: paramDef.items","                            ? paramDef.items.type","                            : paramDef.type,","                        valueDecoded: element","                    };","                });","                // init 'undefined' value","                if (!(paramDef.hasDefault ||","                        paramDef.isSelectMultiple ||","                        paramDef.required)) {","                    paramDef.selectOptionList.unshift({","                        id: local.swgg.idDomElementCreate('swgg_id_' + paramDef.name),","                        selected: 'selected',","                        type: paramDef.type","                    });","                }","                paramDef.selectOptionList.forEach(function (element) {","                    local.swgg.uiValueEncode({ dataset: {} }, element);","                });","            // init input - textarea","            } else if (paramDef.type === 'array') {","                paramDef.isTextarea = true;","                paramDef.placeholder = 'provide multiple values in new lines' +","                    (paramDef.required","                        ? ' (at least one required)'","                        : '');","            // init input - text","            } else {","                paramDef.isInputText = true;","            }","            // init format2 / type2","            [","                paramDef,","                paramDef.schema","            ].some(function (element) {","                local.utility2.tryCatchOnError(function () {","                    paramDef.format2 = paramDef.format2 || element.format;","                }, local.utility2.nop);","                local.utility2.tryCatchOnError(function () {","                    paramDef.type2 = paramDef.type2 || element.type;","                }, local.utility2.nop);","                return paramDef.type2;","            });","            paramDef.type2 = paramDef.type2 || 'object';","            // init schema2","            [","                paramDef.items,","                paramDef.schema,","                paramDef.schema && paramDef.schema.items","            ].some(function (element) {","                local.utility2.tryCatchOnError(function () {","                    paramDef.schema2 = paramDef.schema2 ||","                        local.swgg.schemaNormalizeAndCopy(element).properties;","                }, local.utility2.nop);","                return paramDef.schema2;","            });","            if (paramDef.schema2) {","                paramDef.schemaText = JSON.stringify(paramDef.type2 === 'array'","                    ? [paramDef.schema2]","                    : paramDef.schema2, null, 4);","            }","            // init valueDecoded","            paramDef.valueDecoded = paramDef.default;","            if (paramDef.valueDecoded === undefined && paramDef.in === 'body') {","                if (paramDef.schema2) {","                    paramDef.valueDecoded = local.swgg.collectDocRandomCreate({","                        override: function () {","                            var override = {};","                            // preserve default value","                            Object.keys(paramDef.schema2).forEach(function (key) {","                                if (paramDef.schema2[key].default !== undefined) {","                                    override[key] = paramDef.schema2[key].default;","                                }","                            });","                            return override;","                        },","                        properties: paramDef.schema2","                    });","                    if (paramDef.type2 === 'array') {","                        paramDef.valueDecoded = [paramDef.valueDecoded];","                    }","                    paramDef.valueEncodeSpace = 4;","                } else {","                    paramDef.valueDecoded = paramDef.type2 === 'array'","                        ? []","                        : {};","                }","            }","            // templateRender paramDef","            paramDef.uiFragment = local.utility2.domFragmentRender(","                local.utility2.templateRender(local.swgg.templateUiParam, paramDef)","            );","            ['td1', 'td2', 'td3', 'td4'].forEach(function (element) {","                paramDef[element] = paramDef.uiFragment.querySelector('.' + element);","            });","        };","","        local.swgg.uiRender = function () {","        /*","         * this function will render swagger-ui","         */","            var resource, self;","            // reset state","            local.swgg.idDomElementDict = {};","            self = local.swgg.uiState = local.utility2.jsonCopy(local.swgg.swaggerJson);","            // init url","            self.url = document.querySelector('.swggUiContainer > .header > .td2').value;","            // templateRender main","            self.uiFragment = local.utility2.domFragmentRender(local.swgg.templateUiMain, self);","            local.utility2.objectSetDefault(self, {","                resourceDict: {},","                operationDict: {},","                paramDefDict: {},","                tagDict: {}","            });","            // init tagDict","            self.tags.forEach(function (tag) {","                self.tagDict[tag.name] = tag;","            });","            // init operationDict","            Object.keys(local.swgg.apiDict).sort().forEach(function (operation) {","                // init operation","                operation = local.utility2.jsonCopy(local.swgg.apiDict[operation]);","                if (!operation.tags[0] || self.operationDict[operation._keyOperationId]) {","                    return;","                }","                self.operationDict[operation._keyOperationId] = operation;","                // init resource","                resource = self.resourceDict[operation.tags[0]];","                if (!resource && self.tagDict[operation.tags[0]]) {","                    resource = self.resourceDict[operation.tags[0]] =","                        self.tagDict[operation.tags[0]];","                    local.utility2.objectSetDefault(resource, {","                        description: 'no description available',","                        id: local.swgg.idDomElementCreate('swgg_id_' + operation.tags[0]),","                        name: operation.tags[0],","                        operationListInnerHtml: ''","                    });","                }","            });","            // init resourceDict","            Object.keys(self.resourceDict).sort().forEach(function (key) {","                // templateRender resource","                self.uiFragment.querySelector('.resourceList').appendChild(","                    local.utility2.domFragmentRender(","                        local.swgg.templateUiResource,","                        self.resourceDict[key]","                    )","                );","            });","            Object.keys(self.operationDict).sort(function (aa, bb) {","                aa = self.operationDict[aa];","                aa = aa._path + ' ' + aa._method;","                bb = self.operationDict[bb];","                bb = bb._path + ' ' + bb._method;","                return aa < bb","                    ? -1","                    : 1;","            }).forEach(function (operation) {","                operation = self.operationDict[operation];","                operation.id =","                    local.swgg.idDomElementCreate('swgg_id_' + operation.operationId);","                resource = self.resourceDict[operation.tags[0]];","                local.utility2.objectSetDefault(operation, {","                    description: '',","                    responseList: Object.keys(operation.responses).sort().map(function (key) {","                        return { key: key, value: operation.responses[key] };","                    }),","                    summary: 'no summary available'","                });","                operation.parameters.forEach(function (element) {","                    // init element.id","                    element.id = local.swgg.idDomElementCreate('swgg_id_' + element.name);","                    self.paramDefDict[element.id] = element;","                });","                // templateRender operation","                self.uiFragment.querySelector(","                    '#' + resource.id + ' .operationList'","                ).appendChild(","                    local.utility2.domFragmentRender(local.swgg.templateUiOperation, operation)","                );","            });","            Object.keys(self.paramDefDict).forEach(function (paramDef) {","                paramDef = self.paramDefDict[paramDef];","                local.swgg.uiParamRender(paramDef);","                self.uiFragment.querySelector('#' + paramDef.id).innerHTML = '';","                self.uiFragment.querySelector('#' + paramDef.id)","                    .appendChild(paramDef.uiFragment);","                // init valueEncoded","                paramDef.paramInput =","                    self.uiFragment.querySelector('#' + paramDef.id + ' > .td3').children[0];","                local.swgg.uiValueEncode(paramDef.paramInput, paramDef);","                // init input.value","                if (paramDef.isSelect) {","                    paramDef.selectOptionList.forEach(function (element) {","                        element.paramInput = self.uiFragment.querySelector('#' + element.id);","                        local.swgg.uiValueEncode(element.paramInput, element);","                        element.paramInput.value = element.valueEncoded;","                    });","                } else if (paramDef.isInputText) {","                    paramDef.paramInput.value = paramDef.valueEncoded;","                } else if (paramDef.isTextarea) {","                    paramDef.paramInput.value = paramDef.valueEncoded;","                }","            });","            // overwrite swggUiContainer with uiFragment","            document.querySelector('.swggUiContainer').innerHTML = '';","            document.querySelector('.swggUiContainer').appendChild(self.uiFragment);","            // init event-handling","            local.swgg.uiEventInit(document);","            // scrollTo location.hash","            local.swgg.uiScrollTo(location.hash);","        };","","        local.swgg.uiScrollTo = function (locationHash) {","        /*","         * this function will scrollTo locationHash","         */","            var operation, resource;","            // init resource","            resource = locationHash.split('/')[1];","            // list operations","            resource = document.querySelector('.swggUiContainer #' + resource) ||","                document.querySelector('.swggUiContainer .resource');","            local.swgg.uiAnimateSlideDown(resource.querySelector('.operationList'));","            // init operation","            operation = locationHash.split('/')[2];","            // render datatable","            if (operation === 'swgg_datatable') {","                local.utility2.onReadyAfter(function () {","                    local.swgg.uiElementClick({","                        target: resource.querySelector('.onEventDatatableReload')","                    });","                });","                return;","            }","            operation = resource.querySelector('#' + operation);","            // expand operation and scroll to it","            if (operation) {","                local.swgg.uiAnimateSlideDown(operation.querySelector('.content'));","                // scroll to operation","                local.swgg.uiAnimateScrollTo(operation);","            } else {","                // scroll to resource","                local.swgg.uiAnimateScrollTo(resource);","            }","        };","","        local.swgg.uiValueDecode = function (input, options) {","        /*","         * this function will decode options.valueEncoded","         * according to input.dataset.swgg_param_value_options","         */","            var aa, bb;","            // restore options","            if (input) {","                aa = JSON.parse(decodeURIComponent(input.dataset.swgg_param_value_options));","                options.type = aa.type;","                options.valueDecodedDefault = aa.valueDecodedDefault;","            }","            aa = options.valueEncoded;","            if (!aa) {","                // use valueDecodedDefault","                bb = options.valueDecodedDefault;","            } else {","                // validate valueEncoded is a string","                local.utility2.assertJsonEqual(typeof aa, 'string');","                if (options.type === 'string') {","                    bb = aa;","                } else {","                    bb = JSON.parse(aa);","                    // validate valueDecoded is not a string","                    local.utility2.assertJsonNotEqual(typeof bb, 'string');","                }","            }","            options.valueDecoded = bb;","            return options;","        };","","        local.swgg.uiValueEncode = function (input, options) {","        /*","         * this function will encode options.valueDecoded according to options.type","         */","            var aa, bb;","            aa = options.valueDecoded;","            // save options","            input.dataset.swgg_param_value_options = encodeURIComponent(JSON.stringify({","                type: options.type,","                valueDecodedDefault: aa === null || aa === ''","                    ? aa","                    : undefined","            }));","            if (local.utility2.isNullOrUndefined(aa)) {","                bb = aa === null && options.type !== 'string'","                    ? 'null'","                    : '';","            } else if (options.type === 'string') {","                // validate valueEncoded is a string","                local.utility2.assertJsonEqual(typeof aa, 'string');","                bb = aa;","            } else {","                // validate valueEncoded is not a string","                local.utility2.assertJsonNotEqual(typeof aa, 'string');","                bb = JSON.stringify(aa, options.valueEncodeReplacer, options.valueEncodeSpace);","            }","            options.valueEncoded = bb;","            return options;","        };","        break;","    }","}());",""],"l":{"11":2,"13":2,"18":2,"20":2,"22":2,"23":2,"24":2,"29":1,"37":2,"43":2,"94":2,"148":2,"201":2,"231":2,"248":2,"268":2,"274":1,"278":1,"279":1,"280":1,"281":1,"283":1,"284":1,"288":1,"292":1,"293":1,"294":1,"295":1,"296":1,"300":1,"304":6,"305":6,"306":6,"307":41,"308":41,"312":6,"313":6,"317":1,"321":40,"322":40,"323":40,"327":1,"333":170,"334":3010,"335":2840,"339":170,"342":1,"346":249,"347":174,"349":75,"350":75,"351":75,"352":75,"353":75,"355":75,"356":75,"357":75,"361":1,"365":2910,"366":804,"368":2106,"369":2106,"370":2106,"371":2106,"373":2106,"374":2106,"376":2106,"377":2106,"378":2106,"382":1,"386":11,"387":11,"388":11,"389":11,"391":376,"400":153,"401":153,"402":153,"403":153,"404":153,"406":11,"407":194,"408":194,"409":2774,"410":2774,"411":2774,"413":2774,"414":2774,"416":194,"417":194,"418":194,"420":11,"422":11,"425":11,"428":11,"432":11,"433":11,"434":11,"435":56,"442":11,"448":11,"453":11,"454":11,"456":11,"459":11,"461":11,"462":10,"464":1,"465":1,"468":1,"472":331,"476":331,"479":1,"480":330,"481":1805,"482":1476,"484":329,"488":186,"489":186,"491":329,"492":329,"493":329,"497":1,"501":12,"502":24,"506":413,"514":1,"518":11,"519":11,"520":11,"521":11,"524":11,"525":11,"527":0,"528":0,"529":0,"530":0,"531":0,"533":11,"536":11,"537":11,"544":11,"548":11,"549":11,"553":1,"554":0,"555":0,"558":0,"559":0,"563":0,"565":0,"574":0,"577":1,"578":0,"579":0,"582":0,"583":0,"585":0,"589":1,"593":4,"594":1,"596":3,"597":2,"599":1,"601":1,"604":1,"608":144,"609":144,"610":144,"611":288,"612":288,"615":144,"616":144,"619":144,"620":144,"621":144,"622":144,"623":218,"624":218,"627":218,"629":165,"635":162,"637":9,"639":45,"642":9,"649":9,"650":3,"652":6,"653":3,"655":6,"657":44,"665":3,"670":44,"672":212,"674":3,"675":3,"676":3,"679":144,"680":144,"683":144,"687":218,"689":144,"691":39,"695":39,"696":39,"698":39,"705":144,"706":144,"711":311,"712":311,"717":144,"720":144,"723":4,"728":4,"730":1,"732":1,"734":139,"741":144,"742":144,"744":144,"747":105,"751":144,"754":144,"758":144,"761":144,"764":1,"768":140,"769":140,"771":140,"772":140,"774":140,"783":1,"787":30,"788":30,"789":100,"794":30,"801":30,"803":100,"806":20,"809":10,"810":5,"811":5,"815":70,"819":5,"820":5,"824":70,"827":10,"832":1,"837":1,"841":1,"844":1,"848":1,"852":1,"854":1,"855":1,"856":1,"860":1,"864":255,"870":255,"871":4,"873":251,"874":18,"876":233,"877":16,"878":16,"879":6,"883":16,"884":16,"885":16,"888":45,"889":45,"901":16,"904":10,"910":16,"911":55,"914":217,"915":15,"916":15,"922":202,"925":255,"929":278,"930":278,"932":278,"933":278,"935":278,"937":255,"939":255,"944":742,"945":742,"948":742,"950":255,"951":21,"956":255,"957":255,"958":18,"959":16,"961":16,"963":16,"964":254,"965":46,"968":16,"972":16,"973":3,"975":16,"977":2,"983":255,"986":255,"987":1020,"991":1,"995":1,"997":1,"998":1,"1000":1,"1002":1,"1003":1,"1010":1,"1011":5,"1014":1,"1016":140,"1017":140,"1018":70,"1020":70,"1022":70,"1023":70,"1024":5,"1026":5,"1035":1,"1037":5,"1044":1,"1045":400,"1046":400,"1047":400,"1048":400,"1049":400,"1053":70,"1054":70,"1056":70,"1057":70,"1060":86,"1064":70,"1066":102,"1067":102,"1070":70,"1076":1,"1077":102,"1078":102,"1079":102,"1080":102,"1083":102,"1085":102,"1087":102,"1088":3,"1089":15,"1090":15,"1091":15,"1093":99,"1094":74,"1095":25,"1096":21,"1100":1,"1101":1,"1103":1,"1105":1,"1108":1,"1112":7,"1114":7,"1116":7,"1118":7,"1120":7,"1122":7,"1123":1,"1124":1,"1128":1,"1130":6,"1132":6,"1133":2,"1135":2,"1138":4,"1142":1,"1147":206,"1149":206,"1150":203,"1151":203,"1152":203,"1154":206,"1155":206,"1157":84,"1160":122,"1161":122,"1162":56,"1164":66,"1166":63,"1169":203,"1170":203,"1173":1,"1177":2946,"1178":2946,"1180":2946,"1186":2946,"1187":334,"1190":2612,"1192":1508,"1193":1508,"1196":1104,"1197":1104,"1199":2946,"1200":2946,"1202":1}}}