{"/home/travis/build/kaizhu256/node-swagger-lite/test.js":{"path":"/home/travis/build/kaizhu256/node-swagger-lite/test.js","s":{"1":2,"2":2,"3":2,"4":2,"5":2,"6":2,"7":2,"8":2,"9":1,"10":2,"11":1,"12":1,"13":1,"14":1,"15":1,"16":2,"17":2,"18":128,"19":128,"20":18,"21":18,"22":18,"23":18,"24":18,"25":18,"26":74,"27":10360,"28":2368,"29":2368,"30":74,"31":128,"32":128,"33":2,"34":2,"35":2,"36":2,"37":2,"38":2,"39":8,"40":8,"41":8,"42":8,"43":8,"44":6,"45":6,"46":8,"47":2,"48":2,"49":2,"50":2,"51":6,"52":2,"53":2,"54":2,"55":2,"56":2,"57":2,"58":2,"59":2,"60":2,"61":2,"62":2,"63":2,"64":2,"65":2,"66":8,"67":8,"68":8,"69":2,"70":2,"71":10,"72":10,"73":50,"74":10,"75":10,"76":10,"77":10,"78":10,"79":10,"80":10,"81":10,"82":10,"83":10,"84":10,"85":2,"86":2,"87":2,"88":2,"89":6,"90":2,"91":2,"92":2,"93":2,"94":2,"95":4,"96":4,"97":2,"98":2,"99":2,"100":2,"101":2,"102":2,"103":22,"104":22,"105":22,"106":66,"107":22,"108":22,"109":22,"110":22,"111":22,"112":22,"113":22,"114":22,"115":22,"116":22,"117":22,"118":22,"119":22,"120":22,"121":22,"122":2,"123":2,"124":2,"125":2,"126":2,"127":18,"128":18,"129":18,"130":18,"131":18,"132":18,"133":2,"134":2,"135":2,"136":2,"137":6,"138":2,"139":2,"140":2,"141":2,"142":2,"143":2,"144":2,"145":2,"146":2,"147":2,"148":2,"149":2,"150":6,"151":2,"152":2,"153":2,"154":2,"155":2,"156":2,"157":2,"158":2,"159":2,"160":2,"161":52,"162":52,"163":156,"164":52,"165":52,"166":52,"167":52,"168":52,"169":70,"170":52,"171":52,"172":52,"173":52,"174":52,"175":52,"176":2,"177":2,"178":2,"179":6,"180":2,"181":2,"182":2,"183":2,"184":2,"185":2,"186":2,"187":2,"188":2,"189":2,"190":2,"191":2,"192":2,"193":2,"194":2,"195":14,"196":14,"197":2,"198":2,"199":2,"200":2,"201":10,"202":2,"203":2,"204":2,"205":2,"206":2,"207":2,"208":2,"209":2,"210":2,"211":2,"212":2,"213":2,"214":2,"215":2,"216":14,"217":14,"218":70,"219":14,"220":2,"221":2,"222":12,"223":12,"224":14,"225":14,"226":14,"227":14,"228":14,"229":14,"230":14,"231":14,"232":14,"233":14,"234":14,"235":2,"236":12,"237":12,"238":12,"239":60,"240":12,"241":12,"242":2,"243":2,"244":10,"245":10,"246":12,"247":12,"248":12,"249":12,"250":12,"251":12,"252":12,"253":12,"254":12,"255":12,"256":12,"257":12,"258":12,"259":12,"260":12,"261":12,"262":12,"263":12,"264":12,"265":2,"266":4,"267":4,"268":4,"269":16,"270":16,"271":4,"272":4,"273":4,"274":4,"275":4,"276":4,"277":4,"278":4,"279":4,"280":4,"281":4,"282":4,"283":4,"284":4,"285":4,"286":4,"287":2,"288":2,"289":2,"290":8,"291":2,"292":2,"293":2,"294":2,"295":2,"296":2,"297":2,"298":2,"299":2,"300":2,"301":2,"302":2,"303":2,"304":2,"305":2,"306":2,"307":2,"308":6,"309":2,"310":2,"311":2,"312":2,"313":2,"314":2,"315":2,"316":2,"317":2,"318":2,"319":2,"320":2,"321":2,"322":6,"323":6,"324":6,"325":6,"326":6,"327":6,"328":2,"329":2,"330":2,"331":2,"332":2,"333":2,"334":2,"335":2,"336":2,"337":2,"338":2,"339":2,"340":2,"341":2,"342":2,"343":2,"344":2,"345":2,"346":2,"347":2,"348":2,"349":2,"350":2,"351":8,"352":8,"353":8,"354":8,"355":8,"356":8,"357":2,"358":2,"359":2,"360":2,"361":6,"362":2,"363":2,"364":2,"365":2,"366":2,"367":2,"368":2,"369":2,"370":2,"371":2,"372":2,"373":2,"374":2,"375":20,"376":20,"377":2,"378":2,"379":2,"380":2,"381":2,"382":2,"383":2,"384":2,"385":2,"386":2,"387":2,"388":2,"389":2,"390":2,"391":2,"392":2,"393":2,"394":2,"395":2,"396":2,"397":2,"398":2,"399":2,"400":2,"401":2,"402":2,"403":2,"404":2,"405":2,"406":2,"407":2,"408":2,"409":2,"410":2,"411":2,"412":2,"413":2,"414":2,"415":2,"416":2,"417":2,"418":2,"419":2,"420":2,"421":2,"422":2,"423":2,"424":2,"425":2,"426":2,"427":2,"428":2,"429":2,"430":2,"431":3,"432":3,"433":3,"434":3,"435":3,"436":3,"437":3,"438":3,"439":3,"440":3,"441":3,"442":3,"443":3,"444":3,"445":3,"446":3,"447":3,"448":2,"449":3,"450":3,"451":3,"452":3,"453":3,"454":24,"455":24,"456":24,"457":24,"458":24,"459":24,"460":3,"461":2,"462":2,"463":2,"464":2,"465":2,"466":2,"467":2,"468":3,"469":3,"470":78,"471":78,"472":78,"473":78,"474":78,"475":78,"476":78,"477":3,"478":2,"479":3,"480":3,"481":132,"482":132,"483":129,"484":129,"485":132,"486":132,"487":132,"488":3,"489":2,"490":3,"491":3,"492":9,"493":9,"494":9,"495":3,"496":3,"497":3,"498":63,"499":63,"500":63,"501":3,"502":2,"503":1,"504":1,"505":1,"506":1,"507":1,"508":1,"509":1,"510":1,"511":1,"512":1,"513":1,"514":1,"515":1,"516":1,"517":8,"518":162,"519":324,"520":324,"521":324,"522":324,"523":1,"524":1,"525":1,"526":1,"527":1,"528":1,"529":1,"530":1,"531":1,"532":3,"533":3,"534":1,"535":1,"536":1,"537":1,"538":6,"539":1,"540":1,"541":1,"542":1,"543":1,"544":1,"545":1,"546":1,"547":1,"548":13,"549":13,"550":13,"551":13,"552":13,"553":10,"554":10,"555":10,"556":13,"557":1,"558":1,"559":1,"560":1,"561":3,"562":1,"563":1,"564":1,"565":4,"566":1,"567":1,"568":1,"569":1,"570":1,"571":1,"572":1,"573":1,"574":1,"575":1,"576":1,"577":2,"578":2,"579":2,"580":2,"581":61,"582":20,"583":20,"584":20,"585":12,"586":12,"587":29,"588":2,"589":200,"590":2,"591":361,"592":361,"593":2,"594":1,"595":1,"596":0,"597":1,"598":5,"599":1,"600":1,"601":3,"602":1,"603":1,"604":1,"605":1,"606":1,"607":1,"608":1},"b":{"1":[2,1,1,1],"2":[1,1,1,1],"3":[1,1],"4":[1,1],"5":[18,18,18,74],"6":[2368,992],"7":[6,2],"8":[2,2,2],"9":[10,10,10,10,10],"10":[2,2,2],"11":[22,22,22],"12":[2,2,2],"13":[2,2,2],"14":[52,52,52],"15":[2,2,2],"16":[2,2,2,2,2],"17":[14,14,14,14,14],"18":[2,12],"19":[12,12,12,12,12],"20":[2,10],"21":[4,4,4,4],"22":[2,2,2,2],"23":[2,2,2],"24":[2,2,2],"25":[2,2,2,2,2,2,2,2,2,2],"26":[78,75],"27":[78,75],"28":[78,75],"29":[129,3],"30":[1,1],"31":[2,9,10],"32":[13,13],"33":[1,1,1],"34":[20,5,8,12,29],"35":[61,59],"36":[20,10],"37":[20,12],"38":[361,231,231],"39":[1],"40":[0,1],"41":[1,1,3]},"f":{"1":2,"2":2,"3":2,"4":2,"5":128,"6":10360,"7":2368,"8":2,"9":8,"10":8,"11":2,"12":6,"13":2,"14":8,"15":10,"16":50,"17":2,"18":6,"19":4,"20":22,"21":66,"22":2,"23":18,"24":18,"25":2,"26":6,"27":2,"28":6,"29":52,"30":156,"31":70,"32":2,"33":6,"34":2,"35":14,"36":2,"37":10,"38":14,"39":70,"40":12,"41":60,"42":4,"43":16,"44":2,"45":8,"46":2,"47":6,"48":2,"49":6,"50":6,"51":2,"52":2,"53":2,"54":2,"55":8,"56":8,"57":2,"58":6,"59":2,"60":20,"61":3,"62":3,"63":3,"64":3,"65":24,"66":24,"67":2,"68":2,"69":3,"70":78,"71":3,"72":132,"73":132,"74":3,"75":9,"76":9,"77":63,"78":63,"79":1,"80":1,"81":1,"82":1,"83":8,"84":162,"85":324,"86":324,"87":1,"88":3,"89":1,"90":6,"91":1,"92":13,"93":13,"94":1,"95":3,"96":1,"97":4,"98":1,"99":2,"100":61,"101":20,"102":200,"103":361,"104":5},"fnMap":{"1":{"name":"(anonymous_1)","line":12,"loc":{"start":{"line":12,"column":1},"end":{"line":12,"column":13}}},"2":{"name":"(anonymous_2)","line":19,"loc":{"start":{"line":19,"column":5},"end":{"line":19,"column":17}}},"3":{"name":"(anonymous_3)","line":25,"loc":{"start":{"line":25,"column":24},"end":{"line":25,"column":36}}},"4":{"name":"(anonymous_4)","line":57,"loc":{"start":{"line":57,"column":5},"end":{"line":57,"column":17}}},"5":{"name":"(anonymous_5)","line":58,"loc":{"start":{"line":58,"column":38},"end":{"line":58,"column":67}}},"6":{"name":"(anonymous_6)","line":94,"loc":{"start":{"line":94,"column":56},"end":{"line":94,"column":71}}},"7":{"name":"(anonymous_7)","line":95,"loc":{"start":{"line":95,"column":50},"end":{"line":95,"column":76}}},"8":{"name":"(anonymous_8)","line":111,"loc":{"start":{"line":111,"column":36},"end":{"line":111,"column":64}}},"9":{"name":"(anonymous_9)","line":136,"loc":{"start":{"line":136,"column":28},"end":{"line":136,"column":47}}},"10":{"name":"(anonymous_10)","line":138,"loc":{"start":{"line":138,"column":45},"end":{"line":138,"column":67}}},"11":{"name":"(anonymous_11)","line":154,"loc":{"start":{"line":154,"column":54},"end":{"line":154,"column":82}}},"12":{"name":"(anonymous_12)","line":161,"loc":{"start":{"line":161,"column":43},"end":{"line":161,"column":66}}},"13":{"name":"(anonymous_13)","line":183,"loc":{"start":{"line":183,"column":67},"end":{"line":183,"column":95}}},"14":{"name":"(anonymous_14)","line":211,"loc":{"start":{"line":211,"column":23},"end":{"line":211,"column":36}}},"15":{"name":"(anonymous_15)","line":220,"loc":{"start":{"line":220,"column":66},"end":{"line":220,"column":94}}},"16":{"name":"(anonymous_16)","line":227,"loc":{"start":{"line":227,"column":43},"end":{"line":227,"column":66}}},"17":{"name":"(anonymous_17)","line":259,"loc":{"start":{"line":259,"column":57},"end":{"line":259,"column":85}}},"18":{"name":"(anonymous_18)","line":273,"loc":{"start":{"line":273,"column":43},"end":{"line":273,"column":66}}},"19":{"name":"(anonymous_19)","line":284,"loc":{"start":{"line":284,"column":41},"end":{"line":284,"column":60}}},"20":{"name":"(anonymous_20)","line":301,"loc":{"start":{"line":301,"column":67},"end":{"line":301,"column":95}}},"21":{"name":"(anonymous_21)","line":315,"loc":{"start":{"line":315,"column":43},"end":{"line":315,"column":66}}},"22":{"name":"(anonymous_22)","line":354,"loc":{"start":{"line":354,"column":46},"end":{"line":354,"column":74}}},"23":{"name":"(anonymous_23)","line":371,"loc":{"start":{"line":371,"column":22},"end":{"line":371,"column":37}}},"24":{"name":"(anonymous_24)","line":374,"loc":{"start":{"line":374,"column":55},"end":{"line":374,"column":78}}},"25":{"name":"(anonymous_25)","line":385,"loc":{"start":{"line":385,"column":58},"end":{"line":385,"column":86}}},"26":{"name":"(anonymous_26)","line":392,"loc":{"start":{"line":392,"column":43},"end":{"line":392,"column":66}}},"27":{"name":"(anonymous_27)","line":417,"loc":{"start":{"line":417,"column":52},"end":{"line":417,"column":80}}},"28":{"name":"(anonymous_28)","line":424,"loc":{"start":{"line":424,"column":43},"end":{"line":424,"column":66}}},"29":{"name":"(anonymous_29)","line":449,"loc":{"start":{"line":449,"column":55},"end":{"line":449,"column":83}}},"30":{"name":"(anonymous_30)","line":457,"loc":{"start":{"line":457,"column":43},"end":{"line":457,"column":66}}},"31":{"name":"(anonymous_31)","line":473,"loc":{"start":{"line":473,"column":62},"end":{"line":473,"column":77}}},"32":{"name":"(anonymous_32)","line":491,"loc":{"start":{"line":491,"column":51},"end":{"line":491,"column":79}}},"33":{"name":"(anonymous_33)","line":498,"loc":{"start":{"line":498,"column":43},"end":{"line":498,"column":66}}},"34":{"name":"(anonymous_34)","line":523,"loc":{"start":{"line":523,"column":45},"end":{"line":523,"column":73}}},"35":{"name":"(anonymous_35)","line":539,"loc":{"start":{"line":539,"column":22},"end":{"line":539,"column":37}}},"36":{"name":"(anonymous_36)","line":546,"loc":{"start":{"line":546,"column":55},"end":{"line":546,"column":83}}},"37":{"name":"(anonymous_37)","line":553,"loc":{"start":{"line":553,"column":43},"end":{"line":553,"column":66}}},"38":{"name":"(anonymous_38)","line":593,"loc":{"start":{"line":593,"column":58},"end":{"line":593,"column":86}}},"39":{"name":"(anonymous_39)","line":600,"loc":{"start":{"line":600,"column":43},"end":{"line":600,"column":66}}},"40":{"name":"(anonymous_40)","line":644,"loc":{"start":{"line":644,"column":58},"end":{"line":644,"column":86}}},"41":{"name":"(anonymous_41)","line":654,"loc":{"start":{"line":654,"column":43},"end":{"line":654,"column":66}}},"42":{"name":"(anonymous_42)","line":724,"loc":{"start":{"line":724,"column":55},"end":{"line":724,"column":83}}},"43":{"name":"(anonymous_43)","line":730,"loc":{"start":{"line":730,"column":21},"end":{"line":730,"column":44}}},"44":{"name":"(anonymous_44)","line":773,"loc":{"start":{"line":773,"column":54},"end":{"line":773,"column":82}}},"45":{"name":"(anonymous_45)","line":778,"loc":{"start":{"line":778,"column":43},"end":{"line":778,"column":66}}},"46":{"name":"(anonymous_46)","line":820,"loc":{"start":{"line":820,"column":55},"end":{"line":820,"column":83}}},"47":{"name":"(anonymous_47)","line":825,"loc":{"start":{"line":825,"column":43},"end":{"line":825,"column":66}}},"48":{"name":"(anonymous_48)","line":847,"loc":{"start":{"line":847,"column":48},"end":{"line":847,"column":76}}},"49":{"name":"(anonymous_49)","line":858,"loc":{"start":{"line":858,"column":22},"end":{"line":858,"column":35}}},"50":{"name":"(anonymous_50)","line":863,"loc":{"start":{"line":863,"column":19},"end":{"line":863,"column":42}}},"51":{"name":"(anonymous_51)","line":877,"loc":{"start":{"line":877,"column":51},"end":{"line":877,"column":79}}},"52":{"name":"(anonymous_52)","line":886,"loc":{"start":{"line":886,"column":70},"end":{"line":886,"column":93}}},"53":{"name":"(anonymous_53)","line":898,"loc":{"start":{"line":898,"column":70},"end":{"line":898,"column":93}}},"54":{"name":"(anonymous_54)","line":911,"loc":{"start":{"line":911,"column":46},"end":{"line":911,"column":74}}},"55":{"name":"(anonymous_55)","line":927,"loc":{"start":{"line":927,"column":22},"end":{"line":927,"column":38}}},"56":{"name":"(anonymous_56)","line":932,"loc":{"start":{"line":932,"column":33},"end":{"line":932,"column":56}}},"57":{"name":"(anonymous_57)","line":946,"loc":{"start":{"line":946,"column":59},"end":{"line":946,"column":87}}},"58":{"name":"(anonymous_58)","line":951,"loc":{"start":{"line":951,"column":43},"end":{"line":951,"column":66}}},"59":{"name":"(anonymous_59)","line":970,"loc":{"start":{"line":970,"column":46},"end":{"line":970,"column":74}}},"60":{"name":"(anonymous_60)","line":976,"loc":{"start":{"line":976,"column":21},"end":{"line":976,"column":44}}},"61":{"name":"(anonymous_61)","line":1096,"loc":{"start":{"line":1096,"column":56},"end":{"line":1096,"column":84}}},"62":{"name":"(anonymous_62)","line":1131,"loc":{"start":{"line":1131,"column":68},"end":{"line":1131,"column":91}}},"63":{"name":"(anonymous_63)","line":1157,"loc":{"start":{"line":1157,"column":70},"end":{"line":1157,"column":93}}},"64":{"name":"(anonymous_64)","line":1169,"loc":{"start":{"line":1169,"column":54},"end":{"line":1169,"column":82}}},"65":{"name":"(anonymous_65)","line":1186,"loc":{"start":{"line":1186,"column":22},"end":{"line":1186,"column":41}}},"66":{"name":"(anonymous_66)","line":1190,"loc":{"start":{"line":1190,"column":72},"end":{"line":1190,"column":89}}},"67":{"name":"(anonymous_67)","line":1199,"loc":{"start":{"line":1199,"column":57},"end":{"line":1199,"column":85}}},"68":{"name":"(anonymous_68)","line":1209,"loc":{"start":{"line":1209,"column":69},"end":{"line":1209,"column":92}}},"69":{"name":"(anonymous_69)","line":1221,"loc":{"start":{"line":1221,"column":50},"end":{"line":1221,"column":78}}},"70":{"name":"(anonymous_70)","line":1257,"loc":{"start":{"line":1257,"column":22},"end":{"line":1257,"column":41}}},"71":{"name":"(anonymous_71)","line":1270,"loc":{"start":{"line":1270,"column":48},"end":{"line":1270,"column":76}}},"72":{"name":"(anonymous_72)","line":1323,"loc":{"start":{"line":1323,"column":22},"end":{"line":1323,"column":41}}},"73":{"name":"(anonymous_73)","line":1324,"loc":{"start":{"line":1324,"column":47},"end":{"line":1324,"column":59}}},"74":{"name":"(anonymous_74)","line":1338,"loc":{"start":{"line":1338,"column":51},"end":{"line":1338,"column":79}}},"75":{"name":"(anonymous_75)","line":1344,"loc":{"start":{"line":1344,"column":42},"end":{"line":1344,"column":61}}},"76":{"name":"(anonymous_76)","line":1345,"loc":{"start":{"line":1345,"column":47},"end":{"line":1345,"column":59}}},"77":{"name":"(anonymous_77)","line":1409,"loc":{"start":{"line":1409,"column":22},"end":{"line":1409,"column":41}}},"78":{"name":"(anonymous_78)","line":1410,"loc":{"start":{"line":1410,"column":47},"end":{"line":1410,"column":59}}},"79":{"name":"(anonymous_79)","line":1428,"loc":{"start":{"line":1428,"column":49},"end":{"line":1428,"column":77}}},"80":{"name":"(anonymous_80)","line":1438,"loc":{"start":{"line":1438,"column":36},"end":{"line":1438,"column":64}}},"81":{"name":"(anonymous_81)","line":1444,"loc":{"start":{"line":1444,"column":51},"end":{"line":1444,"column":68}}},"82":{"name":"(anonymous_82)","line":1445,"loc":{"start":{"line":1445,"column":27},"end":{"line":1445,"column":39}}},"83":{"name":"(anonymous_83)","line":1454,"loc":{"start":{"line":1454,"column":71},"end":{"line":1454,"column":91}}},"84":{"name":"(anonymous_84)","line":1458,"loc":{"start":{"line":1458,"column":26},"end":{"line":1458,"column":55}}},"85":{"name":"(anonymous_85)","line":1459,"loc":{"start":{"line":1459,"column":41},"end":{"line":1459,"column":53}}},"86":{"name":"(anonymous_86)","line":1461,"loc":{"start":{"line":1461,"column":35},"end":{"line":1461,"column":47}}},"87":{"name":"(anonymous_87)","line":1482,"loc":{"start":{"line":1482,"column":38},"end":{"line":1482,"column":66}}},"88":{"name":"(anonymous_88)","line":1491,"loc":{"start":{"line":1491,"column":28},"end":{"line":1491,"column":42}}},"89":{"name":"(anonymous_89)","line":1503,"loc":{"start":{"line":1503,"column":36},"end":{"line":1503,"column":64}}},"90":{"name":"(anonymous_90)","line":1515,"loc":{"start":{"line":1515,"column":28},"end":{"line":1515,"column":47}}},"91":{"name":"(anonymous_91)","line":1526,"loc":{"start":{"line":1526,"column":35},"end":{"line":1526,"column":63}}},"92":{"name":"(anonymous_92)","line":1574,"loc":{"start":{"line":1574,"column":28},"end":{"line":1574,"column":47}}},"93":{"name":"(anonymous_93)","line":1576,"loc":{"start":{"line":1576,"column":45},"end":{"line":1576,"column":67}}},"94":{"name":"(anonymous_94)","line":1605,"loc":{"start":{"line":1605,"column":35},"end":{"line":1605,"column":63}}},"95":{"name":"(anonymous_95)","line":1610,"loc":{"start":{"line":1610,"column":43},"end":{"line":1610,"column":60}}},"96":{"name":"(anonymous_96)","line":1619,"loc":{"start":{"line":1619,"column":60},"end":{"line":1619,"column":75}}},"97":{"name":"(anonymous_97)","line":1628,"loc":{"start":{"line":1628,"column":33},"end":{"line":1628,"column":49}}},"98":{"name":"(anonymous_98)","line":1656,"loc":{"start":{"line":1656,"column":41},"end":{"line":1656,"column":69}}},"99":{"name":"(anonymous_99)","line":1673,"loc":{"start":{"line":1673,"column":5},"end":{"line":1673,"column":17}}},"100":{"name":"(anonymous_100)","line":2018,"loc":{"start":{"line":2018,"column":45},"end":{"line":2018,"column":90}}},"101":{"name":"(anonymous_101)","line":2022,"loc":{"start":{"line":2022,"column":42},"end":{"line":2022,"column":65}}},"102":{"name":"(anonymous_102)","line":2074,"loc":{"start":{"line":2074,"column":26},"end":{"line":2074,"column":45}}},"103":{"name":"(anonymous_103)","line":2114,"loc":{"start":{"line":2114,"column":44},"end":{"line":2114,"column":59}}},"104":{"name":"(anonymous_104)","line":2140,"loc":{"start":{"line":2140,"column":14},"end":{"line":2140,"column":29}}}},"statementMap":{"1":{"start":{"line":12,"column":0},"end":{"line":2181,"column":5}},"2":{"start":{"line":14,"column":4},"end":{"line":14,"column":14}},"3":{"start":{"line":19,"column":4},"end":{"line":52,"column":9}},"4":{"start":{"line":21,"column":8},"end":{"line":21,"column":35}},"5":{"start":{"line":23,"column":8},"end":{"line":23,"column":19}},"6":{"start":{"line":25,"column":8},"end":{"line":37,"column":13}},"7":{"start":{"line":26,"column":12},"end":{"line":36,"column":13}},"8":{"start":{"line":27,"column":16},"end":{"line":30,"column":30}},"9":{"start":{"line":32,"column":16},"end":{"line":35,"column":27}},"10":{"start":{"line":38,"column":8},"end":{"line":51,"column":9}},"11":{"start":{"line":41,"column":12},"end":{"line":41,"column":33}},"12":{"start":{"line":42,"column":12},"end":{"line":42,"column":18}},"13":{"start":{"line":45,"column":12},"end":{"line":48,"column":15}},"14":{"start":{"line":49,"column":12},"end":{"line":49,"column":72}},"15":{"start":{"line":50,"column":12},"end":{"line":50,"column":18}},"16":{"start":{"line":57,"column":4},"end":{"line":1421,"column":9}},"17":{"start":{"line":58,"column":8},"end":{"line":108,"column":10}},"18":{"start":{"line":62,"column":12},"end":{"line":62,"column":73}},"19":{"start":{"line":63,"column":12},"end":{"line":104,"column":13}},"20":{"start":{"line":65,"column":16},"end":{"line":71,"column":19}},"21":{"start":{"line":72,"column":16},"end":{"line":72,"column":22}},"22":{"start":{"line":74,"column":16},"end":{"line":82,"column":19}},"23":{"start":{"line":83,"column":16},"end":{"line":83,"column":22}},"24":{"start":{"line":85,"column":16},"end":{"line":91,"column":19}},"25":{"start":{"line":92,"column":16},"end":{"line":92,"column":22}},"26":{"start":{"line":94,"column":16},"end":{"line":100,"column":19}},"27":{"start":{"line":95,"column":20},"end":{"line":99,"column":23}},"28":{"start":{"line":97,"column":24},"end":{"line":97,"column":51}},"29":{"start":{"line":98,"column":24},"end":{"line":98,"column":85}},"30":{"start":{"line":101,"column":16},"end":{"line":103,"column":19}},"31":{"start":{"line":105,"column":12},"end":{"line":105,"column":46}},"32":{"start":{"line":107,"column":12},"end":{"line":107,"column":64}},"33":{"start":{"line":111,"column":8},"end":{"line":152,"column":10}},"34":{"start":{"line":115,"column":12},"end":{"line":115,"column":27}},"35":{"start":{"line":116,"column":12},"end":{"line":116,"column":60}},"36":{"start":{"line":117,"column":12},"end":{"line":117,"column":36}},"37":{"start":{"line":118,"column":12},"end":{"line":135,"column":15}},"38":{"start":{"line":136,"column":12},"end":{"line":150,"column":15}},"39":{"start":{"line":137,"column":16},"end":{"line":137,"column":40}},"40":{"start":{"line":138,"column":16},"end":{"line":149,"column":19}},"41":{"start":{"line":140,"column":20},"end":{"line":140,"column":56}},"42":{"start":{"line":142,"column":20},"end":{"line":142,"column":89}},"43":{"start":{"line":144,"column":20},"end":{"line":147,"column":21}},"44":{"start":{"line":145,"column":24},"end":{"line":145,"column":61}},"45":{"start":{"line":146,"column":24},"end":{"line":146,"column":70}},"46":{"start":{"line":148,"column":20},"end":{"line":148,"column":33}},"47":{"start":{"line":151,"column":12},"end":{"line":151,"column":25}},"48":{"start":{"line":154,"column":8},"end":{"line":181,"column":10}},"49":{"start":{"line":158,"column":12},"end":{"line":160,"column":15}},"50":{"start":{"line":161,"column":12},"end":{"line":178,"column":15}},"51":{"start":{"line":162,"column":16},"end":{"line":177,"column":17}},"52":{"start":{"line":165,"column":20},"end":{"line":167,"column":39}},"53":{"start":{"line":168,"column":20},"end":{"line":168,"column":26}},"54":{"start":{"line":171,"column":20},"end":{"line":171,"column":85}},"55":{"start":{"line":172,"column":20},"end":{"line":172,"column":94}},"56":{"start":{"line":173,"column":20},"end":{"line":173,"column":37}},"57":{"start":{"line":174,"column":20},"end":{"line":174,"column":26}},"58":{"start":{"line":176,"column":20},"end":{"line":176,"column":41}},"59":{"start":{"line":179,"column":12},"end":{"line":179,"column":33}},"60":{"start":{"line":180,"column":12},"end":{"line":180,"column":29}},"61":{"start":{"line":183,"column":8},"end":{"line":218,"column":10}},"62":{"start":{"line":187,"column":12},"end":{"line":187,"column":27}},"63":{"start":{"line":188,"column":12},"end":{"line":188,"column":60}},"64":{"start":{"line":189,"column":12},"end":{"line":189,"column":36}},"65":{"start":{"line":190,"column":12},"end":{"line":216,"column":15}},"66":{"start":{"line":212,"column":16},"end":{"line":212,"column":28}},"67":{"start":{"line":213,"column":16},"end":{"line":213,"column":40}},"68":{"start":{"line":215,"column":16},"end":{"line":215,"column":93}},"69":{"start":{"line":217,"column":12},"end":{"line":217,"column":25}},"70":{"start":{"line":220,"column":8},"end":{"line":257,"column":10}},"71":{"start":{"line":224,"column":12},"end":{"line":226,"column":15}},"72":{"start":{"line":227,"column":12},"end":{"line":254,"column":15}},"73":{"start":{"line":228,"column":16},"end":{"line":253,"column":17}},"74":{"start":{"line":231,"column":20},"end":{"line":234,"column":22}},"75":{"start":{"line":235,"column":20},"end":{"line":235,"column":26}},"76":{"start":{"line":238,"column":20},"end":{"line":241,"column":22}},"77":{"start":{"line":242,"column":20},"end":{"line":242,"column":26}},"78":{"start":{"line":245,"column":20},"end":{"line":245,"column":93}},"79":{"start":{"line":246,"column":20},"end":{"line":246,"column":26}},"80":{"start":{"line":249,"column":20},"end":{"line":249,"column":93}},"81":{"start":{"line":250,"column":20},"end":{"line":250,"column":26}},"82":{"start":{"line":252,"column":20},"end":{"line":252,"column":41}},"83":{"start":{"line":255,"column":12},"end":{"line":255,"column":33}},"84":{"start":{"line":256,"column":12},"end":{"line":256,"column":29}},"85":{"start":{"line":259,"column":8},"end":{"line":299,"column":10}},"86":{"start":{"line":263,"column":12},"end":{"line":263,"column":27}},"87":{"start":{"line":264,"column":12},"end":{"line":272,"column":15}},"88":{"start":{"line":273,"column":12},"end":{"line":296,"column":15}},"89":{"start":{"line":274,"column":16},"end":{"line":295,"column":17}},"90":{"start":{"line":277,"column":20},"end":{"line":279,"column":39}},"91":{"start":{"line":280,"column":20},"end":{"line":280,"column":26}},"92":{"start":{"line":282,"column":20},"end":{"line":282,"column":75}},"93":{"start":{"line":283,"column":20},"end":{"line":283,"column":44}},"94":{"start":{"line":284,"column":20},"end":{"line":290,"column":23}},"95":{"start":{"line":285,"column":24},"end":{"line":285,"column":48}},"96":{"start":{"line":287,"column":24},"end":{"line":289,"column":39}},"97":{"start":{"line":291,"column":20},"end":{"line":291,"column":33}},"98":{"start":{"line":292,"column":20},"end":{"line":292,"column":26}},"99":{"start":{"line":294,"column":20},"end":{"line":294,"column":41}},"100":{"start":{"line":297,"column":12},"end":{"line":297,"column":33}},"101":{"start":{"line":298,"column":12},"end":{"line":298,"column":29}},"102":{"start":{"line":301,"column":8},"end":{"line":352,"column":10}},"103":{"start":{"line":305,"column":12},"end":{"line":305,"column":26}},"104":{"start":{"line":306,"column":12},"end":{"line":314,"column":15}},"105":{"start":{"line":315,"column":12},"end":{"line":349,"column":15}},"106":{"start":{"line":316,"column":16},"end":{"line":348,"column":17}},"107":{"start":{"line":319,"column":20},"end":{"line":319,"column":35}},"108":{"start":{"line":320,"column":20},"end":{"line":323,"column":22}},"109":{"start":{"line":325,"column":20},"end":{"line":327,"column":39}},"110":{"start":{"line":328,"column":20},"end":{"line":328,"column":26}},"111":{"start":{"line":331,"column":20},"end":{"line":331,"column":67}},"112":{"start":{"line":333,"column":20},"end":{"line":334,"column":71}},"113":{"start":{"line":335,"column":20},"end":{"line":336,"column":69}},"114":{"start":{"line":338,"column":20},"end":{"line":339,"column":71}},"115":{"start":{"line":340,"column":20},"end":{"line":341,"column":69}},"116":{"start":{"line":343,"column":20},"end":{"line":343,"column":71}},"117":{"start":{"line":344,"column":20},"end":{"line":344,"column":90}},"118":{"start":{"line":345,"column":20},"end":{"line":345,"column":26}},"119":{"start":{"line":347,"column":20},"end":{"line":347,"column":41}},"120":{"start":{"line":350,"column":12},"end":{"line":350,"column":33}},"121":{"start":{"line":351,"column":12},"end":{"line":351,"column":29}},"122":{"start":{"line":354,"column":8},"end":{"line":383,"column":10}},"123":{"start":{"line":358,"column":12},"end":{"line":358,"column":27}},"124":{"start":{"line":359,"column":12},"end":{"line":359,"column":60}},"125":{"start":{"line":360,"column":12},"end":{"line":360,"column":36}},"126":{"start":{"line":361,"column":12},"end":{"line":381,"column":15}},"127":{"start":{"line":372,"column":16},"end":{"line":372,"column":40}},"128":{"start":{"line":373,"column":16},"end":{"line":373,"column":29}},"129":{"start":{"line":374,"column":16},"end":{"line":380,"column":19}},"130":{"start":{"line":376,"column":20},"end":{"line":376,"column":56}},"131":{"start":{"line":378,"column":20},"end":{"line":378,"column":73}},"132":{"start":{"line":379,"column":20},"end":{"line":379,"column":33}},"133":{"start":{"line":382,"column":12},"end":{"line":382,"column":25}},"134":{"start":{"line":385,"column":8},"end":{"line":415,"column":10}},"135":{"start":{"line":389,"column":12},"end":{"line":391,"column":15}},"136":{"start":{"line":392,"column":12},"end":{"line":412,"column":15}},"137":{"start":{"line":393,"column":16},"end":{"line":411,"column":17}},"138":{"start":{"line":396,"column":20},"end":{"line":398,"column":39}},"139":{"start":{"line":399,"column":20},"end":{"line":399,"column":26}},"140":{"start":{"line":402,"column":20},"end":{"line":402,"column":85}},"141":{"start":{"line":403,"column":20},"end":{"line":406,"column":22}},"142":{"start":{"line":407,"column":20},"end":{"line":407,"column":37}},"143":{"start":{"line":408,"column":20},"end":{"line":408,"column":26}},"144":{"start":{"line":410,"column":20},"end":{"line":410,"column":41}},"145":{"start":{"line":413,"column":12},"end":{"line":413,"column":33}},"146":{"start":{"line":414,"column":12},"end":{"line":414,"column":29}},"147":{"start":{"line":417,"column":8},"end":{"line":447,"column":10}},"148":{"start":{"line":421,"column":12},"end":{"line":423,"column":15}},"149":{"start":{"line":424,"column":12},"end":{"line":444,"column":15}},"150":{"start":{"line":425,"column":16},"end":{"line":443,"column":17}},"151":{"start":{"line":428,"column":20},"end":{"line":430,"column":39}},"152":{"start":{"line":431,"column":20},"end":{"line":431,"column":26}},"153":{"start":{"line":434,"column":20},"end":{"line":434,"column":85}},"154":{"start":{"line":435,"column":20},"end":{"line":438,"column":22}},"155":{"start":{"line":439,"column":20},"end":{"line":439,"column":37}},"156":{"start":{"line":440,"column":20},"end":{"line":440,"column":26}},"157":{"start":{"line":442,"column":20},"end":{"line":442,"column":41}},"158":{"start":{"line":445,"column":12},"end":{"line":445,"column":33}},"159":{"start":{"line":446,"column":12},"end":{"line":446,"column":29}},"160":{"start":{"line":449,"column":8},"end":{"line":489,"column":10}},"161":{"start":{"line":453,"column":12},"end":{"line":456,"column":15}},"162":{"start":{"line":457,"column":12},"end":{"line":486,"column":15}},"163":{"start":{"line":458,"column":16},"end":{"line":485,"column":17}},"164":{"start":{"line":461,"column":20},"end":{"line":463,"column":39}},"165":{"start":{"line":464,"column":20},"end":{"line":464,"column":26}},"166":{"start":{"line":467,"column":20},"end":{"line":467,"column":85}},"167":{"start":{"line":468,"column":20},"end":{"line":471,"column":22}},"168":{"start":{"line":473,"column":20},"end":{"line":478,"column":23}},"169":{"start":{"line":474,"column":24},"end":{"line":477,"column":26}},"170":{"start":{"line":480,"column":20},"end":{"line":480,"column":46}},"171":{"start":{"line":481,"column":20},"end":{"line":481,"column":47}},"172":{"start":{"line":482,"column":20},"end":{"line":482,"column":26}},"173":{"start":{"line":484,"column":20},"end":{"line":484,"column":41}},"174":{"start":{"line":487,"column":12},"end":{"line":487,"column":33}},"175":{"start":{"line":488,"column":12},"end":{"line":488,"column":29}},"176":{"start":{"line":491,"column":8},"end":{"line":521,"column":10}},"177":{"start":{"line":495,"column":12},"end":{"line":497,"column":15}},"178":{"start":{"line":498,"column":12},"end":{"line":518,"column":15}},"179":{"start":{"line":499,"column":16},"end":{"line":517,"column":17}},"180":{"start":{"line":502,"column":20},"end":{"line":504,"column":39}},"181":{"start":{"line":505,"column":20},"end":{"line":505,"column":26}},"182":{"start":{"line":508,"column":20},"end":{"line":508,"column":85}},"183":{"start":{"line":509,"column":20},"end":{"line":512,"column":22}},"184":{"start":{"line":513,"column":20},"end":{"line":513,"column":37}},"185":{"start":{"line":514,"column":20},"end":{"line":514,"column":26}},"186":{"start":{"line":516,"column":20},"end":{"line":516,"column":41}},"187":{"start":{"line":519,"column":12},"end":{"line":519,"column":33}},"188":{"start":{"line":520,"column":12},"end":{"line":520,"column":29}},"189":{"start":{"line":523,"column":8},"end":{"line":544,"column":10}},"190":{"start":{"line":527,"column":12},"end":{"line":527,"column":27}},"191":{"start":{"line":528,"column":12},"end":{"line":528,"column":60}},"192":{"start":{"line":529,"column":12},"end":{"line":529,"column":36}},"193":{"start":{"line":530,"column":12},"end":{"line":530,"column":25}},"194":{"start":{"line":531,"column":12},"end":{"line":542,"column":15}},"195":{"start":{"line":540,"column":16},"end":{"line":540,"column":40}},"196":{"start":{"line":541,"column":16},"end":{"line":541,"column":67}},"197":{"start":{"line":543,"column":12},"end":{"line":543,"column":25}},"198":{"start":{"line":546,"column":8},"end":{"line":591,"column":10}},"199":{"start":{"line":550,"column":12},"end":{"line":552,"column":15}},"200":{"start":{"line":553,"column":12},"end":{"line":588,"column":15}},"201":{"start":{"line":554,"column":16},"end":{"line":587,"column":17}},"202":{"start":{"line":557,"column":20},"end":{"line":562,"column":39}},"203":{"start":{"line":563,"column":20},"end":{"line":563,"column":26}},"204":{"start":{"line":566,"column":20},"end":{"line":568,"column":39}},"205":{"start":{"line":569,"column":20},"end":{"line":569,"column":26}},"206":{"start":{"line":572,"column":20},"end":{"line":574,"column":39}},"207":{"start":{"line":575,"column":20},"end":{"line":575,"column":26}},"208":{"start":{"line":578,"column":20},"end":{"line":578,"column":85}},"209":{"start":{"line":579,"column":20},"end":{"line":582,"column":22}},"210":{"start":{"line":583,"column":20},"end":{"line":583,"column":37}},"211":{"start":{"line":584,"column":20},"end":{"line":584,"column":26}},"212":{"start":{"line":586,"column":20},"end":{"line":586,"column":41}},"213":{"start":{"line":589,"column":12},"end":{"line":589,"column":33}},"214":{"start":{"line":590,"column":12},"end":{"line":590,"column":29}},"215":{"start":{"line":593,"column":8},"end":{"line":642,"column":10}},"216":{"start":{"line":597,"column":12},"end":{"line":599,"column":15}},"217":{"start":{"line":600,"column":12},"end":{"line":639,"column":15}},"218":{"start":{"line":601,"column":16},"end":{"line":638,"column":17}},"219":{"start":{"line":603,"column":20},"end":{"line":612,"column":21}},"220":{"start":{"line":605,"column":24},"end":{"line":610,"column":43}},"221":{"start":{"line":611,"column":24},"end":{"line":611,"column":31}},"222":{"start":{"line":613,"column":20},"end":{"line":613,"column":37}},"223":{"start":{"line":614,"column":20},"end":{"line":614,"column":26}},"224":{"start":{"line":617,"column":20},"end":{"line":619,"column":39}},"225":{"start":{"line":620,"column":20},"end":{"line":620,"column":26}},"226":{"start":{"line":623,"column":20},"end":{"line":625,"column":39}},"227":{"start":{"line":626,"column":20},"end":{"line":626,"column":26}},"228":{"start":{"line":629,"column":20},"end":{"line":629,"column":85}},"229":{"start":{"line":630,"column":20},"end":{"line":633,"column":22}},"230":{"start":{"line":634,"column":20},"end":{"line":634,"column":37}},"231":{"start":{"line":635,"column":20},"end":{"line":635,"column":26}},"232":{"start":{"line":637,"column":20},"end":{"line":637,"column":41}},"233":{"start":{"line":640,"column":12},"end":{"line":640,"column":33}},"234":{"start":{"line":641,"column":12},"end":{"line":641,"column":29}},"235":{"start":{"line":644,"column":8},"end":{"line":722,"column":10}},"236":{"start":{"line":648,"column":12},"end":{"line":648,"column":26}},"237":{"start":{"line":649,"column":12},"end":{"line":653,"column":15}},"238":{"start":{"line":654,"column":12},"end":{"line":719,"column":15}},"239":{"start":{"line":655,"column":16},"end":{"line":718,"column":17}},"240":{"start":{"line":658,"column":20},"end":{"line":658,"column":71}},"241":{"start":{"line":659,"column":20},"end":{"line":668,"column":21}},"242":{"start":{"line":661,"column":24},"end":{"line":666,"column":43}},"243":{"start":{"line":667,"column":24},"end":{"line":667,"column":31}},"244":{"start":{"line":669,"column":20},"end":{"line":669,"column":37}},"245":{"start":{"line":670,"column":20},"end":{"line":670,"column":26}},"246":{"start":{"line":672,"column":20},"end":{"line":672,"column":90}},"247":{"start":{"line":673,"column":20},"end":{"line":673,"column":26}},"248":{"start":{"line":675,"column":20},"end":{"line":675,"column":76}},"249":{"start":{"line":676,"column":20},"end":{"line":676,"column":76}},"250":{"start":{"line":678,"column":20},"end":{"line":678,"column":82}},"251":{"start":{"line":679,"column":20},"end":{"line":682,"column":22}},"252":{"start":{"line":684,"column":20},"end":{"line":684,"column":80}},"253":{"start":{"line":686,"column":20},"end":{"line":688,"column":39}},"254":{"start":{"line":689,"column":20},"end":{"line":689,"column":26}},"255":{"start":{"line":692,"column":20},"end":{"line":695,"column":22}},"256":{"start":{"line":696,"column":20},"end":{"line":699,"column":22}},"257":{"start":{"line":701,"column":20},"end":{"line":704,"column":22}},"258":{"start":{"line":705,"column":20},"end":{"line":708,"column":22}},"259":{"start":{"line":710,"column":20},"end":{"line":713,"column":22}},"260":{"start":{"line":714,"column":20},"end":{"line":714,"column":90}},"261":{"start":{"line":715,"column":20},"end":{"line":715,"column":26}},"262":{"start":{"line":717,"column":20},"end":{"line":717,"column":41}},"263":{"start":{"line":720,"column":12},"end":{"line":720,"column":33}},"264":{"start":{"line":721,"column":12},"end":{"line":721,"column":29}},"265":{"start":{"line":724,"column":8},"end":{"line":771,"column":10}},"266":{"start":{"line":728,"column":12},"end":{"line":728,"column":33}},"267":{"start":{"line":729,"column":12},"end":{"line":729,"column":25}},"268":{"start":{"line":730,"column":12},"end":{"line":769,"column":14}},"269":{"start":{"line":731,"column":16},"end":{"line":731,"column":30}},"270":{"start":{"line":732,"column":16},"end":{"line":768,"column":17}},"271":{"start":{"line":734,"column":20},"end":{"line":736,"column":23}},"272":{"start":{"line":738,"column":20},"end":{"line":740,"column":31}},"273":{"start":{"line":741,"column":20},"end":{"line":741,"column":26}},"274":{"start":{"line":744,"column":20},"end":{"line":744,"column":57}},"275":{"start":{"line":746,"column":20},"end":{"line":746,"column":74}},"276":{"start":{"line":747,"column":20},"end":{"line":747,"column":78}},"277":{"start":{"line":749,"column":20},"end":{"line":749,"column":90}},"278":{"start":{"line":750,"column":20},"end":{"line":753,"column":22}},"279":{"start":{"line":755,"column":20},"end":{"line":757,"column":31}},"280":{"start":{"line":758,"column":20},"end":{"line":758,"column":26}},"281":{"start":{"line":761,"column":20},"end":{"line":761,"column":56}},"282":{"start":{"line":763,"column":20},"end":{"line":763,"column":73}},"283":{"start":{"line":764,"column":20},"end":{"line":764,"column":29}},"284":{"start":{"line":765,"column":20},"end":{"line":765,"column":26}},"285":{"start":{"line":767,"column":20},"end":{"line":767,"column":41}},"286":{"start":{"line":770,"column":12},"end":{"line":770,"column":21}},"287":{"start":{"line":773,"column":8},"end":{"line":818,"column":10}},"288":{"start":{"line":777,"column":12},"end":{"line":777,"column":25}},"289":{"start":{"line":778,"column":12},"end":{"line":815,"column":15}},"290":{"start":{"line":779,"column":16},"end":{"line":814,"column":17}},"291":{"start":{"line":781,"column":20},"end":{"line":783,"column":46}},"292":{"start":{"line":784,"column":20},"end":{"line":784,"column":50}},"293":{"start":{"line":786,"column":20},"end":{"line":793,"column":39}},"294":{"start":{"line":794,"column":20},"end":{"line":794,"column":26}},"295":{"start":{"line":797,"column":20},"end":{"line":797,"column":85}},"296":{"start":{"line":798,"column":20},"end":{"line":801,"column":22}},"297":{"start":{"line":802,"column":20},"end":{"line":804,"column":23}},"298":{"start":{"line":806,"column":20},"end":{"line":806,"column":90}},"299":{"start":{"line":807,"column":20},"end":{"line":807,"column":26}},"300":{"start":{"line":810,"column":20},"end":{"line":810,"column":93}},"301":{"start":{"line":811,"column":20},"end":{"line":811,"column":26}},"302":{"start":{"line":813,"column":20},"end":{"line":813,"column":35}},"303":{"start":{"line":816,"column":12},"end":{"line":816,"column":33}},"304":{"start":{"line":817,"column":12},"end":{"line":817,"column":29}},"305":{"start":{"line":820,"column":8},"end":{"line":845,"column":10}},"306":{"start":{"line":824,"column":12},"end":{"line":824,"column":25}},"307":{"start":{"line":825,"column":12},"end":{"line":842,"column":15}},"308":{"start":{"line":826,"column":16},"end":{"line":841,"column":17}},"309":{"start":{"line":829,"column":20},"end":{"line":832,"column":22}},"310":{"start":{"line":833,"column":20},"end":{"line":833,"column":26}},"311":{"start":{"line":836,"column":20},"end":{"line":836,"column":85}},"312":{"start":{"line":837,"column":20},"end":{"line":837,"column":37}},"313":{"start":{"line":838,"column":20},"end":{"line":838,"column":26}},"314":{"start":{"line":840,"column":20},"end":{"line":840,"column":35}},"315":{"start":{"line":843,"column":12},"end":{"line":843,"column":33}},"316":{"start":{"line":844,"column":12},"end":{"line":844,"column":29}},"317":{"start":{"line":847,"column":8},"end":{"line":875,"column":10}},"318":{"start":{"line":851,"column":12},"end":{"line":851,"column":27}},"319":{"start":{"line":852,"column":12},"end":{"line":852,"column":60}},"320":{"start":{"line":853,"column":12},"end":{"line":853,"column":36}},"321":{"start":{"line":854,"column":12},"end":{"line":873,"column":15}},"322":{"start":{"line":859,"column":16},"end":{"line":859,"column":28}},"323":{"start":{"line":860,"column":16},"end":{"line":860,"column":40}},"324":{"start":{"line":861,"column":16},"end":{"line":872,"column":19}},"325":{"start":{"line":865,"column":20},"end":{"line":865,"column":57}},"326":{"start":{"line":867,"column":20},"end":{"line":870,"column":22}},"327":{"start":{"line":871,"column":20},"end":{"line":871,"column":33}},"328":{"start":{"line":874,"column":12},"end":{"line":874,"column":25}},"329":{"start":{"line":877,"column":8},"end":{"line":909,"column":10}},"330":{"start":{"line":881,"column":12},"end":{"line":881,"column":27}},"331":{"start":{"line":882,"column":12},"end":{"line":882,"column":60}},"332":{"start":{"line":883,"column":12},"end":{"line":883,"column":36}},"333":{"start":{"line":884,"column":12},"end":{"line":884,"column":52}},"334":{"start":{"line":885,"column":12},"end":{"line":885,"column":36}},"335":{"start":{"line":886,"column":12},"end":{"line":895,"column":15}},"336":{"start":{"line":888,"column":16},"end":{"line":888,"column":53}},"337":{"start":{"line":890,"column":16},"end":{"line":893,"column":18}},"338":{"start":{"line":894,"column":16},"end":{"line":894,"column":29}},"339":{"start":{"line":896,"column":12},"end":{"line":896,"column":53}},"340":{"start":{"line":897,"column":12},"end":{"line":897,"column":36}},"341":{"start":{"line":898,"column":12},"end":{"line":907,"column":15}},"342":{"start":{"line":900,"column":16},"end":{"line":900,"column":52}},"343":{"start":{"line":902,"column":16},"end":{"line":905,"column":18}},"344":{"start":{"line":906,"column":16},"end":{"line":906,"column":29}},"345":{"start":{"line":908,"column":12},"end":{"line":908,"column":25}},"346":{"start":{"line":911,"column":8},"end":{"line":944,"column":10}},"347":{"start":{"line":915,"column":12},"end":{"line":915,"column":27}},"348":{"start":{"line":916,"column":12},"end":{"line":916,"column":60}},"349":{"start":{"line":917,"column":12},"end":{"line":917,"column":36}},"350":{"start":{"line":918,"column":12},"end":{"line":942,"column":15}},"351":{"start":{"line":928,"column":16},"end":{"line":928,"column":73}},"352":{"start":{"line":929,"column":16},"end":{"line":929,"column":40}},"353":{"start":{"line":930,"column":16},"end":{"line":941,"column":19}},"354":{"start":{"line":934,"column":20},"end":{"line":934,"column":56}},"355":{"start":{"line":936,"column":20},"end":{"line":939,"column":22}},"356":{"start":{"line":940,"column":20},"end":{"line":940,"column":33}},"357":{"start":{"line":943,"column":12},"end":{"line":943,"column":25}},"358":{"start":{"line":946,"column":8},"end":{"line":968,"column":10}},"359":{"start":{"line":950,"column":12},"end":{"line":950,"column":25}},"360":{"start":{"line":951,"column":12},"end":{"line":965,"column":15}},"361":{"start":{"line":952,"column":16},"end":{"line":964,"column":17}},"362":{"start":{"line":954,"column":20},"end":{"line":954,"column":92}},"363":{"start":{"line":955,"column":20},"end":{"line":955,"column":26}},"364":{"start":{"line":958,"column":20},"end":{"line":958,"column":85}},"365":{"start":{"line":959,"column":20},"end":{"line":959,"column":69}},"366":{"start":{"line":960,"column":20},"end":{"line":960,"column":37}},"367":{"start":{"line":961,"column":20},"end":{"line":961,"column":26}},"368":{"start":{"line":963,"column":20},"end":{"line":963,"column":35}},"369":{"start":{"line":966,"column":12},"end":{"line":966,"column":33}},"370":{"start":{"line":967,"column":12},"end":{"line":967,"column":29}},"371":{"start":{"line":970,"column":8},"end":{"line":1094,"column":10}},"372":{"start":{"line":974,"column":12},"end":{"line":974,"column":33}},"373":{"start":{"line":975,"column":12},"end":{"line":975,"column":25}},"374":{"start":{"line":976,"column":12},"end":{"line":1092,"column":14}},"375":{"start":{"line":977,"column":16},"end":{"line":977,"column":30}},"376":{"start":{"line":978,"column":16},"end":{"line":1091,"column":17}},"377":{"start":{"line":981,"column":20},"end":{"line":981,"column":53}},"378":{"start":{"line":983,"column":20},"end":{"line":983,"column":33}},"379":{"start":{"line":984,"column":20},"end":{"line":984,"column":59}},"380":{"start":{"line":985,"column":20},"end":{"line":985,"column":26}},"381":{"start":{"line":988,"column":20},"end":{"line":988,"column":56}},"382":{"start":{"line":990,"column":20},"end":{"line":990,"column":79}},"383":{"start":{"line":991,"column":20},"end":{"line":991,"column":68}},"384":{"start":{"line":992,"column":20},"end":{"line":992,"column":26}},"385":{"start":{"line":995,"column":20},"end":{"line":995,"column":56}},"386":{"start":{"line":997,"column":20},"end":{"line":997,"column":73}},"387":{"start":{"line":999,"column":20},"end":{"line":1002,"column":22}},"388":{"start":{"line":1004,"column":20},"end":{"line":1004,"column":33}},"389":{"start":{"line":1005,"column":20},"end":{"line":1005,"column":59}},"390":{"start":{"line":1006,"column":20},"end":{"line":1006,"column":26}},"391":{"start":{"line":1009,"column":20},"end":{"line":1009,"column":56}},"392":{"start":{"line":1011,"column":20},"end":{"line":1011,"column":73}},"393":{"start":{"line":1013,"column":20},"end":{"line":1016,"column":22}},"394":{"start":{"line":1018,"column":20},"end":{"line":1018,"column":72}},"395":{"start":{"line":1019,"column":20},"end":{"line":1019,"column":68}},"396":{"start":{"line":1020,"column":20},"end":{"line":1020,"column":26}},"397":{"start":{"line":1023,"column":20},"end":{"line":1023,"column":57}},"398":{"start":{"line":1025,"column":20},"end":{"line":1025,"column":73}},"399":{"start":{"line":1027,"column":20},"end":{"line":1030,"column":22}},"400":{"start":{"line":1032,"column":20},"end":{"line":1032,"column":78}},"401":{"start":{"line":1033,"column":20},"end":{"line":1033,"column":26}},"402":{"start":{"line":1036,"column":20},"end":{"line":1036,"column":57}},"403":{"start":{"line":1038,"column":20},"end":{"line":1038,"column":73}},"404":{"start":{"line":1040,"column":20},"end":{"line":1043,"column":22}},"405":{"start":{"line":1046,"column":20},"end":{"line":1046,"column":65}},"406":{"start":{"line":1047,"column":20},"end":{"line":1047,"column":67}},"407":{"start":{"line":1048,"column":20},"end":{"line":1048,"column":59}},"408":{"start":{"line":1049,"column":20},"end":{"line":1049,"column":26}},"409":{"start":{"line":1052,"column":20},"end":{"line":1052,"column":57}},"410":{"start":{"line":1054,"column":20},"end":{"line":1054,"column":73}},"411":{"start":{"line":1056,"column":20},"end":{"line":1059,"column":22}},"412":{"start":{"line":1061,"column":20},"end":{"line":1061,"column":33}},"413":{"start":{"line":1062,"column":20},"end":{"line":1062,"column":59}},"414":{"start":{"line":1063,"column":20},"end":{"line":1063,"column":26}},"415":{"start":{"line":1066,"column":20},"end":{"line":1066,"column":56}},"416":{"start":{"line":1068,"column":20},"end":{"line":1068,"column":73}},"417":{"start":{"line":1070,"column":20},"end":{"line":1072,"column":31}},"418":{"start":{"line":1073,"column":20},"end":{"line":1073,"column":26}},"419":{"start":{"line":1076,"column":20},"end":{"line":1076,"column":56}},"420":{"start":{"line":1078,"column":20},"end":{"line":1078,"column":73}},"421":{"start":{"line":1080,"column":20},"end":{"line":1080,"column":69}},"422":{"start":{"line":1081,"column":20},"end":{"line":1081,"column":67}},"423":{"start":{"line":1082,"column":20},"end":{"line":1082,"column":59}},"424":{"start":{"line":1083,"column":20},"end":{"line":1083,"column":26}},"425":{"start":{"line":1086,"column":20},"end":{"line":1086,"column":56}},"426":{"start":{"line":1088,"column":20},"end":{"line":1088,"column":73}},"427":{"start":{"line":1089,"column":20},"end":{"line":1089,"column":40}},"428":{"start":{"line":1090,"column":20},"end":{"line":1090,"column":26}},"429":{"start":{"line":1093,"column":12},"end":{"line":1093,"column":21}},"430":{"start":{"line":1096,"column":8},"end":{"line":1167,"column":10}},"431":{"start":{"line":1100,"column":12},"end":{"line":1100,"column":27}},"432":{"start":{"line":1101,"column":12},"end":{"line":1101,"column":60}},"433":{"start":{"line":1102,"column":12},"end":{"line":1102,"column":36}},"434":{"start":{"line":1104,"column":12},"end":{"line":1104,"column":60}},"435":{"start":{"line":1105,"column":12},"end":{"line":1129,"column":14}},"436":{"start":{"line":1130,"column":12},"end":{"line":1130,"column":36}},"437":{"start":{"line":1131,"column":12},"end":{"line":1148,"column":15}},"438":{"start":{"line":1133,"column":16},"end":{"line":1133,"column":53}},"439":{"start":{"line":1135,"column":16},"end":{"line":1146,"column":19}},"440":{"start":{"line":1147,"column":16},"end":{"line":1147,"column":29}},"441":{"start":{"line":1149,"column":12},"end":{"line":1155,"column":14}},"442":{"start":{"line":1156,"column":12},"end":{"line":1156,"column":36}},"443":{"start":{"line":1157,"column":12},"end":{"line":1165,"column":15}},"444":{"start":{"line":1159,"column":16},"end":{"line":1159,"column":53}},"445":{"start":{"line":1161,"column":16},"end":{"line":1163,"column":19}},"446":{"start":{"line":1164,"column":16},"end":{"line":1164,"column":29}},"447":{"start":{"line":1166,"column":12},"end":{"line":1166,"column":25}},"448":{"start":{"line":1169,"column":8},"end":{"line":1197,"column":10}},"449":{"start":{"line":1173,"column":12},"end":{"line":1173,"column":27}},"450":{"start":{"line":1174,"column":12},"end":{"line":1174,"column":60}},"451":{"start":{"line":1175,"column":12},"end":{"line":1175,"column":36}},"452":{"start":{"line":1176,"column":12},"end":{"line":1176,"column":83}},"453":{"start":{"line":1177,"column":12},"end":{"line":1195,"column":15}},"454":{"start":{"line":1187,"column":16},"end":{"line":1187,"column":69}},"455":{"start":{"line":1188,"column":16},"end":{"line":1188,"column":63}},"456":{"start":{"line":1189,"column":16},"end":{"line":1189,"column":40}},"457":{"start":{"line":1190,"column":16},"end":{"line":1194,"column":19}},"458":{"start":{"line":1192,"column":20},"end":{"line":1192,"column":58}},"459":{"start":{"line":1193,"column":20},"end":{"line":1193,"column":33}},"460":{"start":{"line":1196,"column":12},"end":{"line":1196,"column":25}},"461":{"start":{"line":1199,"column":8},"end":{"line":1219,"column":10}},"462":{"start":{"line":1203,"column":12},"end":{"line":1208,"column":14}},"463":{"start":{"line":1209,"column":12},"end":{"line":1218,"column":15}},"464":{"start":{"line":1211,"column":16},"end":{"line":1211,"column":53}},"465":{"start":{"line":1213,"column":16},"end":{"line":1216,"column":19}},"466":{"start":{"line":1217,"column":16},"end":{"line":1217,"column":26}},"467":{"start":{"line":1221,"column":8},"end":{"line":1268,"column":10}},"468":{"start":{"line":1225,"column":12},"end":{"line":1228,"column":14}},"469":{"start":{"line":1229,"column":12},"end":{"line":1266,"column":15}},"470":{"start":{"line":1258,"column":16},"end":{"line":1258,"column":69}},"471":{"start":{"line":1259,"column":16},"end":{"line":1259,"column":58}},"472":{"start":{"line":1260,"column":16},"end":{"line":1260,"column":48}},"473":{"start":{"line":1262,"column":16},"end":{"line":1262,"column":94}},"474":{"start":{"line":1263,"column":16},"end":{"line":1263,"column":82}},"475":{"start":{"line":1264,"column":16},"end":{"line":1264,"column":94}},"476":{"start":{"line":1265,"column":16},"end":{"line":1265,"column":53}},"477":{"start":{"line":1267,"column":12},"end":{"line":1267,"column":22}},"478":{"start":{"line":1270,"column":8},"end":{"line":1336,"column":10}},"479":{"start":{"line":1274,"column":12},"end":{"line":1277,"column":14}},"480":{"start":{"line":1278,"column":12},"end":{"line":1334,"column":15}},"481":{"start":{"line":1324,"column":16},"end":{"line":1331,"column":39}},"482":{"start":{"line":1325,"column":20},"end":{"line":1328,"column":21}},"483":{"start":{"line":1326,"column":24},"end":{"line":1326,"column":77}},"484":{"start":{"line":1327,"column":24},"end":{"line":1327,"column":66}},"485":{"start":{"line":1329,"column":20},"end":{"line":1329,"column":52}},"486":{"start":{"line":1330,"column":20},"end":{"line":1330,"column":57}},"487":{"start":{"line":1333,"column":16},"end":{"line":1333,"column":88}},"488":{"start":{"line":1335,"column":12},"end":{"line":1335,"column":22}},"489":{"start":{"line":1338,"column":8},"end":{"line":1420,"column":10}},"490":{"start":{"line":1342,"column":12},"end":{"line":1342,"column":25}},"491":{"start":{"line":1344,"column":12},"end":{"line":1350,"column":15}},"492":{"start":{"line":1345,"column":16},"end":{"line":1347,"column":39}},"493":{"start":{"line":1346,"column":20},"end":{"line":1346,"column":58}},"494":{"start":{"line":1349,"column":16},"end":{"line":1349,"column":83}},"495":{"start":{"line":1351,"column":12},"end":{"line":1383,"column":15}},"496":{"start":{"line":1386,"column":12},"end":{"line":1386,"column":75}},"497":{"start":{"line":1387,"column":12},"end":{"line":1418,"column":15}},"498":{"start":{"line":1410,"column":16},"end":{"line":1415,"column":39}},"499":{"start":{"line":1411,"column":20},"end":{"line":1414,"column":27}},"500":{"start":{"line":1417,"column":16},"end":{"line":1417,"column":83}},"501":{"start":{"line":1419,"column":12},"end":{"line":1419,"column":22}},"502":{"start":{"line":1422,"column":4},"end":{"line":1668,"column":5}},"503":{"start":{"line":1428,"column":8},"end":{"line":1436,"column":10}},"504":{"start":{"line":1432,"column":12},"end":{"line":1432,"column":25}},"505":{"start":{"line":1433,"column":12},"end":{"line":1433,"column":60}},"506":{"start":{"line":1434,"column":12},"end":{"line":1434,"column":55}},"507":{"start":{"line":1435,"column":12},"end":{"line":1435,"column":38}},"508":{"start":{"line":1438,"column":8},"end":{"line":1480,"column":10}},"509":{"start":{"line":1442,"column":12},"end":{"line":1442,"column":27}},"510":{"start":{"line":1443,"column":12},"end":{"line":1443,"column":25}},"511":{"start":{"line":1444,"column":12},"end":{"line":1452,"column":15}},"512":{"start":{"line":1445,"column":16},"end":{"line":1450,"column":24}},"513":{"start":{"line":1447,"column":20},"end":{"line":1449,"column":23}},"514":{"start":{"line":1451,"column":16},"end":{"line":1451,"column":31}},"515":{"start":{"line":1453,"column":12},"end":{"line":1453,"column":36}},"516":{"start":{"line":1454,"column":12},"end":{"line":1467,"column":15}},"517":{"start":{"line":1455,"column":16},"end":{"line":1466,"column":19}},"518":{"start":{"line":1459,"column":20},"end":{"line":1465,"column":23}},"519":{"start":{"line":1460,"column":24},"end":{"line":1460,"column":48}},"520":{"start":{"line":1461,"column":24},"end":{"line":1464,"column":52}},"521":{"start":{"line":1462,"column":28},"end":{"line":1462,"column":75}},"522":{"start":{"line":1463,"column":28},"end":{"line":1463,"column":41}},"523":{"start":{"line":1469,"column":12},"end":{"line":1471,"column":14}},"524":{"start":{"line":1472,"column":12},"end":{"line":1472,"column":47}},"525":{"start":{"line":1474,"column":12},"end":{"line":1474,"column":90}},"526":{"start":{"line":1475,"column":12},"end":{"line":1477,"column":14}},"527":{"start":{"line":1478,"column":12},"end":{"line":1478,"column":47}},"528":{"start":{"line":1479,"column":12},"end":{"line":1479,"column":25}},"529":{"start":{"line":1482,"column":8},"end":{"line":1501,"column":10}},"530":{"start":{"line":1486,"column":12},"end":{"line":1490,"column":14}},"531":{"start":{"line":1491,"column":12},"end":{"line":1499,"column":15}},"532":{"start":{"line":1492,"column":16},"end":{"line":1493,"column":23}},"533":{"start":{"line":1494,"column":16},"end":{"line":1498,"column":19}},"534":{"start":{"line":1500,"column":12},"end":{"line":1500,"column":22}},"535":{"start":{"line":1503,"column":8},"end":{"line":1519,"column":10}},"536":{"start":{"line":1507,"column":12},"end":{"line":1514,"column":14}},"537":{"start":{"line":1515,"column":12},"end":{"line":1517,"column":15}},"538":{"start":{"line":1516,"column":16},"end":{"line":1516,"column":47}},"539":{"start":{"line":1518,"column":12},"end":{"line":1518,"column":22}},"540":{"start":{"line":1520,"column":8},"end":{"line":1520,"column":14}},"541":{"start":{"line":1526,"column":8},"end":{"line":1603,"column":10}},"542":{"start":{"line":1530,"column":12},"end":{"line":1530,"column":27}},"543":{"start":{"line":1531,"column":12},"end":{"line":1531,"column":60}},"544":{"start":{"line":1532,"column":12},"end":{"line":1532,"column":36}},"545":{"start":{"line":1533,"column":12},"end":{"line":1533,"column":25}},"546":{"start":{"line":1534,"column":12},"end":{"line":1573,"column":15}},"547":{"start":{"line":1574,"column":12},"end":{"line":1601,"column":15}},"548":{"start":{"line":1575,"column":16},"end":{"line":1575,"column":40}},"549":{"start":{"line":1576,"column":16},"end":{"line":1600,"column":19}},"550":{"start":{"line":1577,"column":20},"end":{"line":1577,"column":44}},"551":{"start":{"line":1579,"column":20},"end":{"line":1579,"column":38}},"552":{"start":{"line":1580,"column":20},"end":{"line":1594,"column":21}},"553":{"start":{"line":1584,"column":24},"end":{"line":1587,"column":26}},"554":{"start":{"line":1589,"column":24},"end":{"line":1592,"column":26}},"555":{"start":{"line":1593,"column":24},"end":{"line":1593,"column":30}},"556":{"start":{"line":1595,"column":20},"end":{"line":1599,"column":22}},"557":{"start":{"line":1602,"column":12},"end":{"line":1602,"column":25}},"558":{"start":{"line":1605,"column":8},"end":{"line":1654,"column":10}},"559":{"start":{"line":1609,"column":12},"end":{"line":1609,"column":25}},"560":{"start":{"line":1610,"column":12},"end":{"line":1651,"column":15}},"561":{"start":{"line":1611,"column":16},"end":{"line":1650,"column":17}},"562":{"start":{"line":1613,"column":20},"end":{"line":1618,"column":22}},"563":{"start":{"line":1619,"column":20},"end":{"line":1633,"column":23}},"564":{"start":{"line":1620,"column":24},"end":{"line":1632,"column":40}},"565":{"start":{"line":1629,"column":32},"end":{"line":1631,"column":55}},"566":{"start":{"line":1635,"column":20},"end":{"line":1639,"column":22}},"567":{"start":{"line":1640,"column":20},"end":{"line":1640,"column":26}},"568":{"start":{"line":1642,"column":20},"end":{"line":1646,"column":39}},"569":{"start":{"line":1647,"column":20},"end":{"line":1647,"column":26}},"570":{"start":{"line":1649,"column":20},"end":{"line":1649,"column":35}},"571":{"start":{"line":1652,"column":12},"end":{"line":1652,"column":33}},"572":{"start":{"line":1653,"column":12},"end":{"line":1653,"column":29}},"573":{"start":{"line":1656,"column":8},"end":{"line":1666,"column":10}},"574":{"start":{"line":1660,"column":12},"end":{"line":1664,"column":14}},"575":{"start":{"line":1665,"column":12},"end":{"line":1665,"column":57}},"576":{"start":{"line":1667,"column":8},"end":{"line":1667,"column":14}},"577":{"start":{"line":1673,"column":4},"end":{"line":2120,"column":9}},"578":{"start":{"line":1675,"column":8},"end":{"line":2014,"column":11}},"579":{"start":{"line":2016,"column":8},"end":{"line":2016,"column":77}},"580":{"start":{"line":2018,"column":8},"end":{"line":2044,"column":11}},"581":{"start":{"line":2019,"column":12},"end":{"line":2043,"column":13}},"582":{"start":{"line":2022,"column":16},"end":{"line":2027,"column":18}},"583":{"start":{"line":2023,"column":20},"end":{"line":2023,"column":84}},"584":{"start":{"line":2028,"column":16},"end":{"line":2028,"column":22}},"585":{"start":{"line":2033,"column":16},"end":{"line":2038,"column":18}},"586":{"start":{"line":2039,"column":16},"end":{"line":2039,"column":22}},"587":{"start":{"line":2042,"column":16},"end":{"line":2042,"column":87}},"588":{"start":{"line":2046,"column":8},"end":{"line":2112,"column":12}},"589":{"start":{"line":2075,"column":20},"end":{"line":2077,"column":22}},"590":{"start":{"line":2114,"column":8},"end":{"line":2119,"column":10}},"591":{"start":{"line":2115,"column":12},"end":{"line":2115,"column":56}},"592":{"start":{"line":2116,"column":12},"end":{"line":2118,"column":51}},"593":{"start":{"line":2121,"column":4},"end":{"line":2180,"column":5}},"594":{"start":{"line":2128,"column":8},"end":{"line":2128,"column":35}},"595":{"start":{"line":2131,"column":8},"end":{"line":2133,"column":9},"skip":true},"596":{"start":{"line":2132,"column":12},"end":{"line":2132,"column":18},"skip":true},"597":{"start":{"line":2134,"column":8},"end":{"line":2170,"column":28}},"598":{"start":{"line":2141,"column":12},"end":{"line":2169,"column":13}},"599":{"start":{"line":2144,"column":0},"end":{"line":2156,"column":2}},"600":{"start":{"line":2159,"column":16},"end":{"line":2166,"column":22}},"601":{"start":{"line":2168,"column":16},"end":{"line":2168,"column":75}},"602":{"start":{"line":2171,"column":8},"end":{"line":2172,"column":91}},"603":{"start":{"line":2174,"column":8},"end":{"line":2174,"column":91}},"604":{"start":{"line":2175,"column":8},"end":{"line":2175,"column":89}},"605":{"start":{"line":2176,"column":8},"end":{"line":2176,"column":85}},"606":{"start":{"line":2177,"column":8},"end":{"line":2177,"column":83}},"607":{"start":{"line":2178,"column":8},"end":{"line":2178,"column":86}},"608":{"start":{"line":2179,"column":8},"end":{"line":2179,"column":14}}},"branchMap":{"1":{"line":27,"type":"binary-expr","locations":[{"start":{"line":27,"column":23},"end":{"line":27,"column":62}},{"start":{"line":28,"column":20},"end":{"line":28,"column":70}},{"start":{"line":29,"column":20},"end":{"line":29,"column":71}},{"start":{"line":30,"column":20},"end":{"line":30,"column":29}}]},"2":{"line":32,"type":"binary-expr","locations":[{"start":{"line":32,"column":23},"end":{"line":32,"column":37}},{"start":{"line":33,"column":20},"end":{"line":33,"column":61}},{"start":{"line":34,"column":20},"end":{"line":34,"column":70}},{"start":{"line":35,"column":20},"end":{"line":35,"column":26}}]},"3":{"line":38,"type":"switch","locations":[{"start":{"line":40,"column":8},"end":{"line":42,"column":18}},{"start":{"line":44,"column":8},"end":{"line":50,"column":18}}]},"4":{"line":45,"type":"binary-expr","locations":[{"start":{"line":45,"column":21},"end":{"line":45,"column":36}},{"start":{"line":45,"column":40},"end":{"line":45,"column":59}}]},"5":{"line":63,"type":"switch","locations":[{"start":{"line":64,"column":12},"end":{"line":72,"column":22}},{"start":{"line":73,"column":12},"end":{"line":83,"column":22}},{"start":{"line":84,"column":12},"end":{"line":92,"column":22}},{"start":{"line":93,"column":12},"end":{"line":103,"column":19}}]},"6":{"line":98,"type":"binary-expr","locations":[{"start":{"line":98,"column":42},"end":{"line":98,"column":57}},{"start":{"line":98,"column":61},"end":{"line":98,"column":84}}]},"7":{"line":144,"type":"if","locations":[{"start":{"line":144,"column":20},"end":{"line":144,"column":20}},{"start":{"line":144,"column":20},"end":{"line":144,"column":20}}]},"8":{"line":162,"type":"switch","locations":[{"start":{"line":163,"column":16},"end":{"line":168,"column":26}},{"start":{"line":169,"column":16},"end":{"line":174,"column":26}},{"start":{"line":175,"column":16},"end":{"line":176,"column":41}}]},"9":{"line":228,"type":"switch","locations":[{"start":{"line":229,"column":16},"end":{"line":235,"column":26}},{"start":{"line":236,"column":16},"end":{"line":242,"column":26}},{"start":{"line":243,"column":16},"end":{"line":246,"column":26}},{"start":{"line":247,"column":16},"end":{"line":250,"column":26}},{"start":{"line":251,"column":16},"end":{"line":252,"column":41}}]},"10":{"line":274,"type":"switch","locations":[{"start":{"line":275,"column":16},"end":{"line":280,"column":26}},{"start":{"line":281,"column":16},"end":{"line":292,"column":26}},{"start":{"line":293,"column":16},"end":{"line":294,"column":41}}]},"11":{"line":316,"type":"switch","locations":[{"start":{"line":317,"column":16},"end":{"line":328,"column":26}},{"start":{"line":329,"column":16},"end":{"line":345,"column":26}},{"start":{"line":346,"column":16},"end":{"line":347,"column":41}}]},"12":{"line":393,"type":"switch","locations":[{"start":{"line":394,"column":16},"end":{"line":399,"column":26}},{"start":{"line":400,"column":16},"end":{"line":408,"column":26}},{"start":{"line":409,"column":16},"end":{"line":410,"column":41}}]},"13":{"line":425,"type":"switch","locations":[{"start":{"line":426,"column":16},"end":{"line":431,"column":26}},{"start":{"line":432,"column":16},"end":{"line":440,"column":26}},{"start":{"line":441,"column":16},"end":{"line":442,"column":41}}]},"14":{"line":458,"type":"switch","locations":[{"start":{"line":459,"column":16},"end":{"line":464,"column":26}},{"start":{"line":465,"column":16},"end":{"line":482,"column":26}},{"start":{"line":483,"column":16},"end":{"line":484,"column":41}}]},"15":{"line":499,"type":"switch","locations":[{"start":{"line":500,"column":16},"end":{"line":505,"column":26}},{"start":{"line":506,"column":16},"end":{"line":514,"column":26}},{"start":{"line":515,"column":16},"end":{"line":516,"column":41}}]},"16":{"line":554,"type":"switch","locations":[{"start":{"line":555,"column":16},"end":{"line":563,"column":26}},{"start":{"line":564,"column":16},"end":{"line":569,"column":26}},{"start":{"line":570,"column":16},"end":{"line":575,"column":26}},{"start":{"line":576,"column":16},"end":{"line":584,"column":26}},{"start":{"line":585,"column":16},"end":{"line":586,"column":41}}]},"17":{"line":601,"type":"switch","locations":[{"start":{"line":602,"column":16},"end":{"line":614,"column":26}},{"start":{"line":615,"column":16},"end":{"line":620,"column":26}},{"start":{"line":621,"column":16},"end":{"line":626,"column":26}},{"start":{"line":627,"column":16},"end":{"line":635,"column":26}},{"start":{"line":636,"column":16},"end":{"line":637,"column":41}}]},"18":{"line":603,"type":"if","locations":[{"start":{"line":603,"column":20},"end":{"line":603,"column":20}},{"start":{"line":603,"column":20},"end":{"line":603,"column":20}}]},"19":{"line":655,"type":"switch","locations":[{"start":{"line":656,"column":16},"end":{"line":670,"column":26}},{"start":{"line":671,"column":16},"end":{"line":673,"column":26}},{"start":{"line":674,"column":16},"end":{"line":689,"column":26}},{"start":{"line":690,"column":16},"end":{"line":715,"column":26}},{"start":{"line":716,"column":16},"end":{"line":717,"column":41}}]},"20":{"line":659,"type":"if","locations":[{"start":{"line":659,"column":20},"end":{"line":659,"column":20}},{"start":{"line":659,"column":20},"end":{"line":659,"column":20}}]},"21":{"line":732,"type":"switch","locations":[{"start":{"line":733,"column":16},"end":{"line":741,"column":26}},{"start":{"line":742,"column":16},"end":{"line":758,"column":26}},{"start":{"line":759,"column":16},"end":{"line":765,"column":26}},{"start":{"line":766,"column":16},"end":{"line":767,"column":41}}]},"22":{"line":779,"type":"switch","locations":[{"start":{"line":780,"column":16},"end":{"line":794,"column":26}},{"start":{"line":795,"column":16},"end":{"line":807,"column":26}},{"start":{"line":808,"column":16},"end":{"line":811,"column":26}},{"start":{"line":812,"column":16},"end":{"line":813,"column":35}}]},"23":{"line":826,"type":"switch","locations":[{"start":{"line":827,"column":16},"end":{"line":833,"column":26}},{"start":{"line":834,"column":16},"end":{"line":838,"column":26}},{"start":{"line":839,"column":16},"end":{"line":840,"column":35}}]},"24":{"line":952,"type":"switch","locations":[{"start":{"line":953,"column":16},"end":{"line":955,"column":26}},{"start":{"line":956,"column":16},"end":{"line":961,"column":26}},{"start":{"line":962,"column":16},"end":{"line":963,"column":35}}]},"25":{"line":978,"type":"switch","locations":[{"start":{"line":979,"column":16},"end":{"line":985,"column":26}},{"start":{"line":986,"column":16},"end":{"line":992,"column":26}},{"start":{"line":993,"column":16},"end":{"line":1006,"column":26}},{"start":{"line":1007,"column":16},"end":{"line":1020,"column":26}},{"start":{"line":1021,"column":16},"end":{"line":1033,"column":26}},{"start":{"line":1034,"column":16},"end":{"line":1049,"column":26}},{"start":{"line":1050,"column":16},"end":{"line":1063,"column":26}},{"start":{"line":1064,"column":16},"end":{"line":1073,"column":26}},{"start":{"line":1074,"column":16},"end":{"line":1083,"column":26}},{"start":{"line":1084,"column":16},"end":{"line":1090,"column":26}}]},"26":{"line":1262,"type":"binary-expr","locations":[{"start":{"line":1262,"column":47},"end":{"line":1262,"column":75}},{"start":{"line":1262,"column":79},"end":{"line":1262,"column":93}}]},"27":{"line":1263,"type":"binary-expr","locations":[{"start":{"line":1263,"column":42},"end":{"line":1263,"column":65}},{"start":{"line":1263,"column":69},"end":{"line":1263,"column":81}}]},"28":{"line":1264,"type":"binary-expr","locations":[{"start":{"line":1264,"column":48},"end":{"line":1264,"column":77}},{"start":{"line":1264,"column":81},"end":{"line":1264,"column":93}}]},"29":{"line":1325,"type":"if","locations":[{"start":{"line":1325,"column":20},"end":{"line":1325,"column":20}},{"start":{"line":1325,"column":20},"end":{"line":1325,"column":20}}]},"30":{"line":1422,"type":"switch","locations":[{"start":{"line":1427,"column":4},"end":{"line":1520,"column":14}},{"start":{"line":1525,"column":4},"end":{"line":1667,"column":14}}]},"31":{"line":1580,"type":"switch","locations":[{"start":{"line":1581,"column":20},"end":{"line":1581,"column":32}},{"start":{"line":1582,"column":20},"end":{"line":1582,"column":31}},{"start":{"line":1583,"column":20},"end":{"line":1593,"column":30}}]},"32":{"line":1597,"type":"binary-expr","locations":[{"start":{"line":1597,"column":25},"end":{"line":1597,"column":42}},{"start":{"line":1597,"column":46},"end":{"line":1597,"column":65}}]},"33":{"line":1611,"type":"switch","locations":[{"start":{"line":1612,"column":16},"end":{"line":1640,"column":26}},{"start":{"line":1641,"column":16},"end":{"line":1647,"column":26}},{"start":{"line":1648,"column":16},"end":{"line":1649,"column":35}}]},"34":{"line":2019,"type":"switch","locations":[{"start":{"line":2020,"column":12},"end":{"line":2028,"column":22}},{"start":{"line":2029,"column":12},"end":{"line":2029,"column":34}},{"start":{"line":2030,"column":12},"end":{"line":2030,"column":32}},{"start":{"line":2031,"column":12},"end":{"line":2039,"column":22}},{"start":{"line":2040,"column":12},"end":{"line":2042,"column":87}}]},"35":{"line":2019,"type":"binary-expr","locations":[{"start":{"line":2019,"column":20},"end":{"line":2019,"column":43}},{"start":{"line":2019,"column":47},"end":{"line":2019,"column":82}}]},"36":{"line":2025,"type":"binary-expr","locations":[{"start":{"line":2025,"column":31},"end":{"line":2025,"column":59}},{"start":{"line":2025,"column":63},"end":{"line":2025,"column":69}}]},"37":{"line":2026,"type":"binary-expr","locations":[{"start":{"line":2026,"column":31},"end":{"line":2026,"column":58}},{"start":{"line":2026,"column":62},"end":{"line":2026,"column":68}}]},"38":{"line":2116,"type":"binary-expr","locations":[{"start":{"line":2116,"column":19},"end":{"line":2116,"column":45}},{"start":{"line":2117,"column":16},"end":{"line":2117,"column":55}},{"start":{"line":2118,"column":16},"end":{"line":2118,"column":50}}]},"39":{"line":2121,"type":"switch","locations":[{"start":{"line":2126,"column":4},"end":{"line":2179,"column":14}}]},"40":{"line":2131,"type":"if","locations":[{"start":{"line":2131,"column":8},"end":{"line":2131,"column":8},"skip":true},{"start":{"line":2131,"column":8},"end":{"line":2131,"column":8},"skip":true}]},"41":{"line":2141,"type":"switch","locations":[{"start":{"line":2143,"column":0},"end":{"line":2156,"column":2}},{"start":{"line":2158,"column":12},"end":{"line":2166,"column":22}},{"start":{"line":2167,"column":12},"end":{"line":2168,"column":75}}]}},"code":["/* istanbul instrument in package swagger-lite */","/*jslint","    bitwise: true,","    browser: true,","    maxerr: 8,","    maxlen: 96,","    node: true,","    nomen: true,","    regexp: true,","    stupid: true","*/","(function () {","    'use strict';","    var local;","","","","    // run shared js-env code - pre-init","    (function () {","        // init Error.stackTraceLimit","        Error.stackTraceLimit = 16;","        // init local","        local = {};","        // init modeJs","        local.modeJs = (function () {","            try {","                return typeof navigator.userAgent === 'string' &&","                    typeof document.querySelector('body') === 'object' &&","                    typeof XMLHttpRequest.prototype.open === 'function' &&","                    'browser';","            } catch (errorCaughtBrowser) {","                return module.exports &&","                    typeof process.versions.node === 'string' &&","                    typeof require('http').createServer === 'function' &&","                    'node';","            }","        }());","        switch (local.modeJs) {","        // re-init local from window.local","        case 'browser':","            local = window.local;","            break;","        // re-init local from example.js","        case 'node':","            local = (module.utility2 || require('utility2')).requireExampleJsFromReadme({","                __dirname: __dirname,","                module: module","            });","            local.swgg = local[local.utility2.envDict.npm_package_name];","            break;","        }","    }());","","","","    // run shared js-env code - function","    (function () {","        local.crudOptionsSetDefault = function (options, defaults) {","        /*","         * this function will set default-values for options","         */","            options = local.utility2.objectSetDefault(options, defaults);","            switch (options._tags0) {","            case 'pet':","                local.utility2.objectSetDefault(options, {","                    crudCreateOrReplaceOneByKeyUnique: local.swgg.apiDict['pet addPet'],","                    crudGetOneByKeyUnique: local.swgg.apiDict['pet getPetById'],","                    crudRemoveOneByKeyUnique: local.swgg.apiDict['pet deletePet'],","                    crudUpdateOneByKeyUnique: local.swgg.apiDict['pet updatePetWithForm'],","                    operationId: 'undefined.petId.id'","                });","                break;","            case 'store':","                local.utility2.objectSetDefault(options, {","                    crudCreateOrReplaceOneByKeyUnique: local.swgg.apiDict['store placeOrder'],","                    crudGetOneByKeyUnique: local.swgg.apiDict['store getOrderById'],","                    crudRemoveOneByKeyUnique: local.swgg.apiDict['store deleteOrder'],","                    crudUpdateOneByKeyUnique: local.swgg.apiDict[","                        'store crudUpdateOneByKeyUnique.id.id'","                    ],","                    operationId: 'undefined.orderId.id'","                });","                break;","            case 'user':","                local.utility2.objectSetDefault(options, {","                    crudCreateOrReplaceOneByKeyUnique: local.swgg.apiDict['user createUser'],","                    crudGetOneByKeyUnique: local.swgg.apiDict['user getUserByName'],","                    crudRemoveOneByKeyUnique: local.swgg.apiDict['user deleteUser'],","                    crudUpdateOneByKeyUnique: local.swgg.apiDict['user updateUser'],","                    operationId: 'undefined.username.username'","                });","                break;","            default:","                Object.keys(local.swgg.apiDict).forEach(function (key) {","                    key.replace((/^_test (\\w+)/), function (match0, match1) {","                        // jslint-hack - nop","                        local.utility2.nop(match0);","                        options[match1] = options[match1] || local.swgg.apiDict[key];","                    });","                });","                local.utility2.objectSetDefault(options, {","                    operationId: 'undefined.id.id'","                });","            }","            local.swgg.keyUniqueInit(options);","            // shallow-copy options","            return local.utility2.objectSetDefault({}, options);","        };","","        // init tests","        local.testCase_ajax_error = function (options, onError) {","        /*","         * this function will test ajax's error handling-behavior","         */","            var onParallel;","            onParallel = local.utility2.onParallel(onError);","            onParallel.counter += 1;","            options = [{","                method: 'POST',","                // test 400 param-parse-error handling-behavior","                statusCode: 400,","                url: '/api/v0/_test/paramDefault/aa?paramJson=syntax%20error'","            }, {","                // test 404 undefined-api-error-1 handling-behavior","                statusCode: 404,","                url: '/api/v0/_test/errorUndefined'","            }, {","                // test 404 undefined-api-error-2 handling-behavior","                statusCode: 404,","                url: '/api/v0/_test/errorUndefinedApi'","            }, {","                // test 404 undefined-map-file handling-behavior","                statusCode: 404,","                url: '/api/v0/_test/undefined.map'","            }];","            options.forEach(function (options) {","                onParallel.counter += 1;","                local.utility2.ajax(options, function (error, xhr) {","                    // validate error occurred","                    local.utility2.assert(error, error);","                    // validate statusCode","                    local.utility2.assertJsonEqual(error.statusCode, options.statusCode);","                    // validate error is in jsonapi-format","                    if (options.url !== '/api/v0/_test/undefined.map') {","                        error = JSON.parse(xhr.responseText);","                        local.utility2.assert(error.errors[0], error);","                    }","                    onParallel();","                });","            });","            onParallel();","        };","","        local.testCase_crudCountManyByQuery_default = function (options, onError) {","        /*","         * this function will test crudCountManyByQuery's default handling-behavior","         */","            options = local.crudOptionsSetDefault(options, {","                keyValue: '00_test_crudCountManyByQuery'","            });","            local.utility2.onNext(options, function (error, data) {","                switch (options.modeNext) {","                case 1:","                    // ajax - crudCountManyByQuery","                    options.crudCountManyByQuery._ajax({","                        paramDict: { _queryWhere: JSON.stringify(options.queryByKeyUnique
[...]
content=\"width=device-width, initial-scale=1\">\\n\\","<title>\\n\\","{{envDict.npm_package_name}} v{{envDict.npm_package_version}}\\n\\","</title>\\n\\","<link href=\"assets.swgg.css\" rel=\"stylesheet\">\\n\\","<link href=\"assets.utility2.css\" rel=\"stylesheet\">\\n\\","<style>\\n\\","/*csslint\\n\\","    box-sizing: false,\\n\\","    universal-selector: false\\n\\","*/\\n\\","* {\\n\\","    box-sizing: border-box;\\n\\","}\\n\\","body {\\n\\","    background-color: #fff;\\n\\","    font-family: Arial, Helvetica, sans-serif;\\n\\","}\\n\\","body > * {\\n\\","    margin-bottom: 1rem;\\n\\","}\\n\\","body > button {\\n\\","    width: 15rem;\\n\\","}\\n\\",".zeroPixel {\\n\\","    border: 0;\\n\\","    height: 0;\\n\\","    margin: 0;\\n\\","    padding: 0;\\n\\","    width: 0;\\n\\","}\\n\\","</style>\\n\\","</head>\\n\\","<body>\\n\\","    <div class=\"ajaxProgressDiv\" style=\"display: block;\">\\n\\","        <div class=\"ajaxProgressBarDiv ajaxProgressBarDivLoading\">loading</div>\\n\\","    </div>\\n\\","    <h1>\\n\\","        <a\\n\\","            {{#if envDict.npm_package_homepage}}\\n\\","            href=\"{{envDict.npm_package_homepage}}\"\\n\\","            {{/if envDict.npm_package_homepage}}\\n\\","            target=\"_blank\"\\n\\","        >{{envDict.npm_package_name}} v{{envDict.npm_package_version}}</a>\\n\\","    </h1>\\n\\","    <h3>{{envDict.npm_package_description}}</h3>\\n\\","    <h4><a download href=\"assets.app.js\">download standalone app</a></h4>\\n\\","    <button class=\"onclick\" id=\"testRunButton1\">run internal test</button><br>\\n\\","    <div class=\"testReportDiv\" style=\"display: none;\"></div>\\n\\","    <button class=\"onclick\" id=\"dbResetButton1\">reset db-database</button><br>\\n\\","    <button class=\"onclick\" id=\"dbExportButton1\">save db-database to file</button><br>\\n\\","    <a download=\"db.persistence.json\" href=\"\" id=\"dbExportA1\"></a>\\n\\","    <button class=\"onclick\" id=\"dbImportButton1\">load db-database from file</button><br>\\n\\","    <input class=\"onchange zeroPixel\" type=\"file\" id=\"dbImportInput1\">\\n\\","\\n\\","    <div class=\"swggUiContainer\">\\n\\","    <form class=\"header tr\">\\n\\","        <a class=\"td1\" href=\"http://swagger.io\" target=\"_blank\">swagger</a>\\n\\","        <input\\n\\","            class=\"flex1 td2\"\\n\\","            placeholder=\"http://petstore.swagger.io/v2/swagger.json\"\\n\\","            type=\"text\"\\n\\","            value=\"api/v0/swagger.json\"\\n\\","        >\\n\\","    </form>\\n\\","    <div class=\"reset\"></div>\\n\\","    </div>\\n\\","    {{#if isRollup}}\\n\\","    <script src=\"assets.app.min.js\"></script>\\n\\","    {{#unless isRollup}}\\n\\","    <script src=\"assets.utility2.rollup.js\"></script>\\n\\","    <script src=\"assets.swgg.js\"></script>\\n\\","    <script src=\"assets.swgg.lib.swagger-ui.js\"></script>\\n\\","    <script src=\"jsonp.swgg.stateInit?callback=window.swgg.stateInit\"></script>\\n\\","    <script>window.utility2.onResetBefore.counter += 1;</script>\\n\\","    <script src=\"assets.example.js\"></script>\\n\\","    <script src=\"assets.test.js\"></script>\\n\\","    <script>window.utility2.onResetBefore();</script>\\n\\","    {{/if isRollup}}\\n\\","</body>\\n\\","</html>\\n\\","';","        /* jslint-ignore-end */","        local.utility2.assetsDict['/'] = local.utility2.templateRender(","            local.templateIndexHtml,","            { envDict: local.utility2.envDict }","        );","        break;","    }","","","","    // run shared js-env code - post-init","    (function () {","        // init petstore-api - frontend","        local.tmp =","            JSON.parse(local.utility2.assetsDict['/assets.swgg.lib.swagger.petstore.json']);","        delete local.tmp.basePath;","        delete local.tmp.host;","        delete local.tmp.schemes;","        local.swgg.apiDictUpdate(local.tmp);","        // init petstore-api - backend","        local.swgg.apiDictUpdate({","            definitions: {","                File: {","                    allOf: [{ $ref: '#/definitions/BuiltinFile' }]","                },","                Pet: {","                    properties: {","                        _id: { readOnly: true, type: 'string' },","                        createdAt: { format: 'date-time', readOnly: true, type: 'string' },","                        id: { default: 1, minimum: 1 },","                        updatedAt: { format: 'date-time', readOnly: true, type: 'string' }","                    }","                },","                Order: {","                    properties: {","                        _id: { readOnly: true, type: 'string' },","                        createdAt: { format: 'date-time', readOnly: true, type: 'string' },","                        id: { default: 1, minimum: 1 },","                        updatedAt: { format: 'date-time', readOnly: true, type: 'string' }","                    }","                },","                User: {","                    allOf: [{ $ref: '#/definitions/BuiltinUser' }],","                    properties: {","                        _id: { readOnly: true, type: 'string' },","                        createdAt: { format: 'date-time', readOnly: true, type: 'string' },","                        email: { default: 'a@a.com', format: 'email' },","                        id: { default: 1, minimum: 1 },","                        updatedAt: { format: 'date-time', readOnly: true, type: 'string' }","                    }","                }","            },","            tags: [{ description: 'builtin-file model', name: 'file' }],","            'x-swgg-apiDict': {","                'file crudCountManyByQuery': {","                    _schemaName: 'File'","                },","                'file crudCreateOrReplaceOneByKeyUnique.id.id': {","                    _schemaName: 'File'","                },","                'file crudGetManyByQuery': {","                    _schemaName: 'File'","                },","                'file crudRemoveOneByKeyUnique.id.id': {","                    _schemaName: 'File'","                },","                'file crudUpdateOneByKeyUnique.id.id': {","                    _schemaName: 'File'","                },","                'file fileGetOneByKeyUnique.id.id': {","                    _schemaName: 'File'","                },","                'file fileUploadManyByForm.1': {","                    _schemaName: 'File'","                },","                'pet addPet': {","                    _operationId: 'crudCreateOrReplaceOneByKeyUnique.petId.id',","                    _schemaName: 'Pet'","                },","                'pet crudGetManyByQuery': {","                    _schemaName: 'Pet'","                },","                'pet deletePet': {","                    _operationId: 'crudRemoveOneByKeyUnique.petId.id',","                    _schemaName: 'Pet'","                },","                'pet findPetsByStatus': {","                    _operationId: 'crudGetManyByQuery',","                    _queryWhere: '{\"status\":{\"$in\":{{status jsonStringify}}}}',","                    _schemaName: 'Pet'","                },","                'pet findPetsByTags': {","                    _operationId: 'crudGetManyByQuery',","                    _queryWhere: '{\"tags.name\":{\"$in\":{{tags jsonStringify}}}}',","                    _schemaName: 'Pet'","                },","                'pet getPetById': {","                    _operationId: 'crudGetOneByKeyUnique.petId.id',","                    _schemaName: 'Pet'","                },","                'pet updatePet': {","                    _operationId: 'crudUpdateOneByKeyUnique.petId.id',","                    _schemaName: 'Pet'","                },","                'pet updatePetWithForm': {","                    _operationId: 'crudUpdateOneByKeyUnique.petId.id',","                    _schemaName: 'Pet'","                },","                'pet uploadFile': {","                    _operationId: 'fileUploadManyByForm',","                    _schemaName: 'User'","                },","                'store crudGetManyByQuery': {","                    _schemaName: 'Order'","                },","                'store crudUpdateOneByKeyUnique.id.id': {","                    _schemaName: 'Order'","                },","                'store deleteOrder': {","                    _operationId: 'crudRemoveOneByKeyUnique.orderId.id',","                    _schemaName: 'Order'","                },","                'store getInventory': {","                    _schemaName: 'Order'","                },","                'store getOrderById': {","                    _operationId: 'crudGetOneByKeyUnique.orderId.id',","                    _schemaName: 'Order'","                },","                'store placeOrder': {","                    _operationId: 'crudCreateOrReplaceOneByKeyUnique.orderId.id',","                    _schemaName: 'Order'","                },","                'user createUser': {","                    _operationId: 'crudCreateOrReplaceOneByKeyUnique.username.username',","                    _schemaName: 'User'","                },","                'user createUsersWithArrayInput': {","                    _operationId: 'crudCreateOrReplaceMany',","                    _schemaName: 'User'","                },","                'user createUsersWithListInput': {","                    _operationId: 'crudCreateOrReplaceMany',","                    _schemaName: 'User'","                },","                'user crudCountManyByQuery': {","                    _schemaName: 'User'","                },","                'user crudCreateOrReplaceOneByKeyUnique.username.username': {","                    _schemaName: 'User'","                },","                'user crudRemoveOneByKeyUnique.username.username': {","                    _schemaName: 'User'","                },","                'user crudGetManyByQuery': {","                    _schemaName: 'User'","                },","                'user crudUpdateOneByKeyUnique.username.username': {","                    _schemaName: 'User'","                },","                'user deleteUser': {","                    _operationId: 'crudRemoveOneByKeyUnique.username.username',","                    _schemaName: 'User'","                },","                'user getUserByName': {","                    _operationId: 'crudGetOneByKeyUnique.username.username',","                    _schemaName: 'User'","                },","                'user loginUser': {","                    _operationId: 'userLoginByPassword',","                    _schemaName: 'User'","                },","                'user logoutUser': {","                    _operationId: 'userLogout',","                    _schemaName: 'User'","                },","                'user updateUser': {","                    _operationId: 'crudUpdateOneByKeyUnique.username.username',","                    _schemaName: 'User'","                },","                'user userLoginByPassword': {","                    _schemaName: 'User'","                },","                'user userLogout': {","                    _schemaName: 'User'","                }","            },","            'x-swgg-datatableDict': {","                file: {","                    crudCreateOrReplaceOneByKeyUnique:","                        'file crudCreateOrReplaceOneByKeyUnique.id.id',","                    crudRemoveOneByKeyUnique:","                        'file crudRemoveOneByKeyUnique.id.id',","                    crudGetManyByQuery: 'file crudGetManyByQuery',","                    keyUnique: 'id',","                    queryLimit: 20,","                    schema: { $ref: '#/definitions/File' }","                },","                pet: {","                    crudCreateOrReplaceOneByKeyUnique: 'pet addPet',","                    crudRemoveOneByKeyUnique: 'pet deletePet',","                    crudGetManyByQuery: 'pet crudGetManyByQuery',","                    keyUnique: 'id',","                    queryLimit: 20,","                    schema: { $ref: '#/definitions/Pet' }","                },","                store: {","                    crudCreateOrReplaceOneByKeyUnique: 'store placeOrder',","                    crudRemoveOneByKeyUnique: 'store deleteOrder',","                    crudGetManyByQuery: 'store crudGetManyByQuery',","                    keyUnique: 'id',","                    queryLimit: 20,","                    schema: { $ref: '#/definitions/Order' }","                },","                user: {","                    crudCreateOrReplaceOneByKeyUnique: 'user createUser',","                    crudRemoveOneByKeyUnique: 'user deleteUser',","                    crudGetManyByQuery: 'user crudGetManyByQuery',","                    keyUnique: 'username',","                    queryLimit: 20,","                    schema: { $ref: '#/definitions/User' }","                }","            }","        });","        // init dbSeedList","        local.utility2.dbSeedList = [{","            dbIndexCreateList: [{","                fieldName: 'id',","                unique: true","            }],","            dbRowList: [{","                id: '00_test_swaggerUiLogoSmall',","                fileBlob: local.swgg.templateSwaggerUiLogoSmallBase64,","                fileContentType: 'image/png',","                fileDescription: 'swagger-ui logo',","                fileFilename: 'swaggerUiLogoSmall.png'","            }],","            name: 'File'","        }, {","            dbIndexCreateList: [{","                fieldName: 'id',","                isInteger: true,","                unique: true","            }],","            dbRowList: local.swgg.dbRowListRandomCreate({","                dbRowList: [{","                    id: 0,","                    name: 'birdie',","                    photoUrls: [],","                    status: 'available',","                    tags: [{ name: 'bird'}]","                }, {","                    id: 1,","                    name: 'doggie',","                    status: 'pending',","                    photoUrls: [],","                    tags: [{ name: 'dog'}]","                }, {","                    id: 2,","                    name: 'fishie',","                    photoUrls: [],","                    status: 'sold',","                    tags: [{ name: 'fish'}]","                }],","                // init 100 extra random pets","                length: 100,","                override: function (options) {","                    return {","                        id: options.ii + 100,","                        name: local.utility2.listGetElementRandom(","                            ['birdie', 'doggie', 'fishie']","                        ) + '-' + (options.ii + 100),","                        tags: [","                            { name: local.utility2.listGetElementRandom(['female', 'male']) },","                            { name: Math.random().toString(36).slice(2) }","                        ]","                    };","                },","                properties: local.swgg.swaggerJson.definitions.Pet.properties","            }),","            name: 'Pet'","        }, {","            dbIndexCreateList: [{","                fieldName: 'id',","                isInteger: true,","                unique: true","            }],","            dbRowList: local.swgg.dbRowListRandomCreate({","                dbRowList: [{","                    id: 0,","                    petId: 0,","                    status: 'available'","                }, {","                    id: 1,","                    petId: 1,","                    status: 'pending'","                }, {","                    id: 2,","                    petId: 2,","                    status: 'sold'","                }],","                // init 100 extra random orders","                length: 100,","                override: function (options) {","                    return {","                        id: options.ii + 100,","                        petId: options.ii + 100","                    };","                },","                properties: local.swgg.swaggerJson.definitions.Order.properties","            }),","            name: 'Order'","        }, {","            dbIndexCreateList: [{","                fieldName: 'email',","                unique: true","            }, {","                fieldName: 'id',","                isInteger: true,","                unique: true","            }, {","                fieldName: 'username',","                unique: true","            }],","            dbRowList: local.swgg.dbRowListRandomCreate({","                dbRowList: [{","                    email: 'admin@admin.com',","                    firstName: 'admin',","                    id: 0,","                    lastName: '',","                    password: local.utility2.sjclHashScryptCreate('secret'),","                    phone: '1234-5678',","                    username: 'admin'","                }, {","                    email: 'jane@doe.com',","                    firstName: 'jane',","                    id: 1,","                    lastName: 'doe',","                    password: local.utility2.sjclHashScryptCreate('secret'),","                    phone: '1234-5678',","                    username: 'jane.doe'","                }, {","                    email: 'john@doe.com',","                    firstName: 'john',","                    id: 2,","                    lastName: 'doe',","                    password: local.utility2.sjclHashScryptCreate('secret'),","                    phone: '1234-5678',","                    username: 'john.doe'","                }],","                // init 100 extra random users","                length: 100,","                override: function (options) {","                    return {","                        firstName: local.utility2.listGetElementRandom(","                            ['alice', 'bob', 'jane', 'john']","                        ) + '-' + (options.ii + 100),","                        id: options.ii + 100,","                        lastName: local.utility2.listGetElementRandom(['doe', 'smith']) +","                            '-' + (options.ii + 100),","                        password: local.utility2.sjclHashScryptCreate('secret'),","                        tags: [","                            { name: local.utility2.listGetElementRandom(['female', 'male']) },","                            { name: Math.random().toString(36).slice(2) }","                        ]","                    };","                },","                properties: local.swgg.swaggerJson.definitions.User.properties","            }),","            name: 'User'","        }];","        local.utility2.onReadyBefore.counter += 1;","        local.utility2.dbSeedListUpsert(","            local.utility2.dbSeedList,","            local.utility2.onReadyBefore","        );","    }());","}());"],"l":{"110":2,"112":2,"117":2,"119":2,"121":2,"122":2,"123":2,"128":1,"136":2,"142":2,"143":2,"147":338,"148":338,"149":338,"150":680,"152":338,"153":338,"156":4,"157":4,"159":4,"163":4,"165":330,"166":330,"168":334,"170":4,"172":4,"173":4,"174":416,"175":416,"177":4,"178":4,"180":4,"182":4,"183":4,"185":334,"188":338,"189":338,"191":2,"197":348,"201":348,"203":348,"205":348,"206":2,"207":2,"209":346,"212":2,"227":2,"229":2,"231":2,"238":1,"239":1,"240":1,"242":1,"243":1,"244":1,"245":1,"246":1,"248":1,"250":1,"251":1,"253":1,"254":1,"255":1,"256":1,"257":1,"259":1,"260":1,"262":1,"263":1,"265":1,"266":1,"268":1,"269":1,"270":1,"271":1,"272":1,"274":1,"275":1,"277":1,"281":1,"282":2,"285":5,"289":1,"291":1,"292":1,"294":1,"301":1,"303":1,"304":1,"309":1,"397":1,"401":1,"407":2,"409":2,"411":2,"412":2,"413":2,"414":2,"416":2,"621":2,"663":200,"700":200,"749":200,"767":2,"768":2}}}