{"/home/travis/build/kaizhu256/node-swagger-lite/test.js":{"path":"/home/travis/build/kaizhu256/node-swagger-lite/test.js","s":{"1":2,"2":2,"3":2,"4":2,"5":2,"6":2,"7":2,"8":2,"9":1,"10":2,"11":1,"12":1,"13":1,"14":1,"15":1,"16":2,"17":2,"18":128,"19":128,"20":18,"21":18,"22":18,"23":18,"24":18,"25":18,"26":74,"27":10360,"28":2368,"29":2368,"30":74,"31":128,"32":128,"33":2,"34":2,"35":2,"36":2,"37":2,"38":2,"39":8,"40":8,"41":8,"42":8,"43":8,"44":8,"45":6,"46":6,"47":8,"48":2,"49":2,"50":2,"51":2,"52":2,"53":6,"54":6,"55":6,"56":6,"57":2,"58":2,"59":2,"60":2,"61":2,"62":2,"63":2,"64":2,"65":2,"66":2,"67":2,"68":2,"69":2,"70":2,"71":8,"72":8,"73":8,"74":2,"75":2,"76":10,"77":10,"78":10,"79":50,"80":50,"81":50,"82":50,"83":10,"84":10,"85":10,"86":10,"87":10,"88":10,"89":10,"90":10,"91":10,"92":10,"93":10,"94":2,"95":2,"96":2,"97":2,"98":6,"99":6,"100":6,"101":6,"102":2,"103":2,"104":2,"105":2,"106":2,"107":2,"108":4,"109":4,"110":2,"111":2,"112":2,"113":2,"114":2,"115":22,"116":22,"117":22,"118":66,"119":66,"120":66,"121":66,"122":22,"123":22,"124":22,"125":22,"126":22,"127":22,"128":22,"129":22,"130":22,"131":22,"132":22,"133":22,"134":22,"135":22,"136":22,"137":2,"138":2,"139":2,"140":2,"141":10,"142":10,"143":10,"144":10,"145":2,"146":2,"147":2,"148":2,"149":2,"150":2,"151":2,"152":2,"153":2,"154":2,"155":2,"156":2,"157":2,"158":2,"159":14,"160":14,"161":14,"162":70,"163":70,"164":70,"165":70,"166":14,"167":14,"168":2,"169":12,"170":14,"171":14,"172":14,"173":14,"174":14,"175":14,"176":14,"177":14,"178":14,"179":14,"180":14,"181":2,"182":2,"183":2,"184":2,"185":2,"186":18,"187":18,"188":18,"189":18,"190":18,"191":18,"192":18,"193":2,"194":2,"195":2,"196":2,"197":2,"198":6,"199":6,"200":6,"201":6,"202":2,"203":2,"204":2,"205":2,"206":2,"207":2,"208":2,"209":2,"210":2,"211":2,"212":2,"213":2,"214":2,"215":6,"216":6,"217":6,"218":6,"219":2,"220":2,"221":2,"222":2,"223":2,"224":2,"225":2,"226":2,"227":2,"228":2,"229":52,"230":52,"231":52,"232":156,"233":156,"234":156,"235":156,"236":52,"237":52,"238":52,"239":52,"240":52,"241":52,"242":70,"243":52,"244":52,"245":52,"246":52,"247":52,"248":2,"249":2,"250":2,"251":2,"252":6,"253":6,"254":6,"255":6,"256":2,"257":2,"258":2,"259":2,"260":2,"261":2,"262":2,"263":2,"264":2,"265":2,"266":2,"267":2,"268":2,"269":2,"270":2,"271":14,"272":14,"273":2,"274":2,"275":12,"276":12,"277":12,"278":60,"279":60,"280":60,"281":60,"282":12,"283":12,"284":12,"285":2,"286":10,"287":12,"288":12,"289":12,"290":12,"291":12,"292":12,"293":12,"294":12,"295":12,"296":12,"297":12,"298":12,"299":12,"300":12,"301":12,"302":12,"303":12,"304":12,"305":12,"306":2,"307":4,"308":4,"309":4,"310":16,"311":16,"312":16,"313":4,"314":4,"315":4,"316":4,"317":4,"318":4,"319":4,"320":4,"321":4,"322":4,"323":4,"324":4,"325":4,"326":4,"327":4,"328":4,"329":2,"330":2,"331":2,"332":2,"333":8,"334":8,"335":8,"336":8,"337":2,"338":2,"339":2,"340":2,"341":2,"342":2,"343":2,"344":2,"345":2,"346":2,"347":2,"348":2,"349":2,"350":2,"351":2,"352":2,"353":2,"354":2,"355":6,"356":6,"357":6,"358":6,"359":2,"360":2,"361":2,"362":2,"363":2,"364":2,"365":2,"366":2,"367":2,"368":2,"369":2,"370":2,"371":200,"372":200,"373":200,"374":2,"375":2,"376":2,"377":2,"378":2,"379":2,"380":6,"381":6,"382":6,"383":6,"384":6,"385":6,"386":6,"387":2,"388":2,"389":2,"390":2,"391":2,"392":2,"393":2,"394":2,"395":2,"396":2,"397":2,"398":2,"399":2,"400":2,"401":2,"402":2,"403":2,"404":2,"405":2,"406":2,"407":2,"408":2,"409":2,"410":2,"411":2,"412":8,"413":8,"414":8,"415":8,"416":8,"417":8,"418":8,"419":2,"420":2,"421":2,"422":2,"423":2,"424":4,"425":4,"426":4,"427":4,"428":2,"429":2,"430":2,"431":2,"432":2,"433":2,"434":2,"435":2,"436":2,"437":2,"438":2,"439":18,"440":18,"441":18,"442":2,"443":2,"444":2,"445":2,"446":2,"447":2,"448":2,"449":2,"450":2,"451":2,"452":2,"453":2,"454":2,"455":2,"456":2,"457":2,"458":2,"459":2,"460":2,"461":2,"462":2,"463":2,"464":2,"465":2,"466":2,"467":2,"468":2,"469":2,"470":2,"471":2,"472":2,"473":2,"474":2,"475":2,"476":2,"477":2,"478":2,"479":2,"480":2,"481":2,"482":2,"483":2,"484":2,"485":2,"486":2,"487":2,"488":2,"489":2,"490":2,"491":3,"492":3,"493":3,"494":3,"495":3,"496":3,"497":3,"498":3,"499":3,"500":3,"501":3,"502":3,"503":3,"504":3,"505":3,"506":3,"507":3,"508":3,"509":3,"510":2,"511":3,"512":3,"513":3,"514":3,"515":3,"516":24,"517":24,"518":24,"519":24,"520":24,"521":24,"522":24,"523":3,"524":2,"525":2,"526":2,"527":2,"528":2,"529":2,"530":2,"531":2,"532":3,"533":3,"534":78,"535":78,"536":78,"537":78,"538":78,"539":78,"540":78,"541":3,"542":2,"543":3,"544":3,"545":132,"546":132,"547":129,"548":129,"549":132,"550":132,"551":132,"552":3,"553":2,"554":3,"555":3,"556":9,"557":9,"558":9,"559":3,"560":3,"561":3,"562":63,"563":63,"564":63,"565":3,"566":2,"567":1,"568":1,"569":1,"570":1,"571":1,"572":1,"573":1,"574":1,"575":1,"576":1,"577":1,"578":1,"579":1,"580":1,"581":8,"582":162,"583":324,"584":324,"585":324,"586":324,"587":1,"588":1,"589":1,"590":1,"591":1,"592":1,"593":1,"594":1,"595":1,"596":3,"597":3,"598":1,"599":1,"600":1,"601":1,"602":6,"603":1,"604":1,"605":1,"606":1,"607":1,"608":1,"609":1,"610":1,"611":1,"612":13,"613":13,"614":13,"615":13,"616":13,"617":1,"618":1,"619":1,"620":1,"621":1,"622":3,"623":3,"624":3,"625":3,"626":1,"627":1,"628":1,"629":1,"630":4,"631":1,"632":1,"633":1,"634":1,"635":1,"636":1,"637":1,"638":1,"639":1,"640":1,"641":2,"642":2,"643":2,"644":2,"645":38,"646":20,"647":20,"648":20,"649":12,"650":12,"651":6,"652":2,"653":200,"654":2,"655":359,"656":359,"657":2,"658":1,"659":1,"660":0,"661":1,"662":5,"663":1,"664":1,"665":3,"666":1,"667":1,"668":1,"669":1,"670":1,"671":1,"672":1,"673":1},"b":{"1":[2,1,1,1],"2":[1,1,1,1],"3":[1,1],"4":[1,1],"5":[128,24],"6":[18,18,18,74],"7":[2368,992],"8":[6,2],"9":[2,2,2],"10":[10,10,10,10,10],"11":[2,2,2],"12":[22,22,22],"13":[2,2,2,2,2],"14":[14,14,14,14,14],"15":[2,12],"16":[2,2,2],"17":[2,2,2],"18":[52,52,52],"19":[2,2,2],"20":[12,12,12,12,12],"21":[2,10],"22":[4,4,4,4],"23":[2,2,2,2],"24":[2,2,2],"25":[2,2],"26":[2,2,2,2,2,2,2,2,2],"27":[78,75],"28":[78,75],"29":[78,75],"30":[129,3],"31":[1,1],"32":[1,1,1],"33":[20,5,8,12,6],"34":[38,36],"35":[20,10],"36":[20,12],"37":[359,230,230],"38":[1],"39":[0,1],"40":[1,1,3]},"f":{"1":2,"2":2,"3":2,"4":2,"5":128,"6":10360,"7":2368,"8":2,"9":8,"10":8,"11":8,"12":2,"13":6,"14":6,"15":2,"16":8,"17":10,"18":50,"19":50,"20":2,"21":6,"22":6,"23":4,"24":22,"25":66,"26":66,"27":2,"28":10,"29":10,"30":14,"31":70,"32":70,"33":2,"34":18,"35":18,"36":18,"37":2,"38":6,"39":6,"40":2,"41":6,"42":6,"43":52,"44":156,"45":156,"46":70,"47":2,"48":6,"49":6,"50":2,"51":14,"52":12,"53":60,"54":60,"55":4,"56":16,"57":16,"58":2,"59":8,"60":8,"61":2,"62":6,"63":6,"64":2,"65":2,"66":6,"67":6,"68":6,"69":2,"70":2,"71":2,"72":2,"73":2,"74":2,"75":8,"76":8,"77":8,"78":2,"79":4,"80":4,"81":2,"82":18,"83":18,"84":3,"85":3,"86":3,"87":3,"88":3,"89":3,"90":24,"91":24,"92":24,"93":2,"94":2,"95":2,"96":3,"97":78,"98":3,"99":132,"100":132,"101":3,"102":9,"103":9,"104":63,"105":63,"106":1,"107":1,"108":1,"109":1,"110":8,"111":162,"112":324,"113":324,"114":1,"115":3,"116":1,"117":6,"118":1,"119":13,"120":13,"121":1,"122":3,"123":3,"124":1,"125":4,"126":1,"127":2,"128":38,"129":20,"130":200,"131":359,"132":5,"133":1},"fnMap":{"1":{"name":"(anonymous_1)","line":12,"loc":{"start":{"line":12,"column":1},"end":{"line":12,"column":13}}},"2":{"name":"(anonymous_2)","line":19,"loc":{"start":{"line":19,"column":5},"end":{"line":19,"column":17}}},"3":{"name":"(anonymous_3)","line":25,"loc":{"start":{"line":25,"column":24},"end":{"line":25,"column":36}}},"4":{"name":"(anonymous_4)","line":59,"loc":{"start":{"line":59,"column":5},"end":{"line":59,"column":17}}},"5":{"name":"(anonymous_5)","line":60,"loc":{"start":{"line":60,"column":38},"end":{"line":60,"column":67}}},"6":{"name":"(anonymous_6)","line":96,"loc":{"start":{"line":96,"column":56},"end":{"line":96,"column":71}}},"7":{"name":"(anonymous_7)","line":97,"loc":{"start":{"line":97,"column":50},"end":{"line":97,"column":76}}},"8":{"name":"(anonymous_8)","line":112,"loc":{"start":{"line":112,"column":36},"end":{"line":112,"column":64}}},"9":{"name":"(anonymous_9)","line":137,"loc":{"start":{"line":137,"column":28},"end":{"line":137,"column":47}}},"10":{"name":"(anonymous_10)","line":139,"loc":{"start":{"line":139,"column":45},"end":{"line":139,"column":67}}},"11":{"name":"(anonymous_11)","line":140,"loc":{"start":{"line":140,"column":51},"end":{"line":140,"column":63}}},"12":{"name":"(anonymous_12)","line":160,"loc":{"start":{"line":160,"column":54},"end":{"line":160,"column":82}}},"13":{"name":"(anonymous_13)","line":166,"loc":{"start":{"line":166,"column":21},"end":{"line":166,"column":44}}},"14":{"name":"(anonymous_14)","line":167,"loc":{"start":{"line":167,"column":47},"end":{"line":167,"column":59}}},"15":{"name":"(anonymous_15)","line":196,"loc":{"start":{"line":196,"column":67},"end":{"line":196,"column":95}}},"16":{"name":"(anonymous_16)","line":224,"loc":{"start":{"line":224,"column":23},"end":{"line":224,"column":36}}},"17":{"name":"(anonymous_17)","line":233,"loc":{"start":{"line":233,"column":66},"end":{"line":233,"column":94}}},"18":{"name":"(anonymous_18)","line":239,"loc":{"start":{"line":239,"column":21},"end":{"line":239,"column":44}}},"19":{"name":"(anonymous_19)","line":240,"loc":{"start":{"line":240,"column":47},"end":{"line":240,"column":59}}},"20":{"name":"(anonymous_20)","line":281,"loc":{"start":{"line":281,"column":57},"end":{"line":281,"column":85}}},"21":{"name":"(anonymous_21)","line":287,"loc":{"start":{"line":287,"column":21},"end":{"line":287,"column":44}}},"22":{"name":"(anonymous_22)","line":288,"loc":{"start":{"line":288,"column":47},"end":{"line":288,"column":59}}},"23":{"name":"(anonymous_23)","line":311,"loc":{"start":{"line":311,"column":45},"end":{"line":311,"column":64}}},"24":{"name":"(anonymous_24)","line":328,"loc":{"start":{"line":328,"column":67},"end":{"line":328,"column":95}}},"25":{"name":"(anonymous_25)","line":334,"loc":{"start":{"line":334,"column":21},"end":{"line":334,"column":44}}},"26":{"name":"(anonymous_26)","line":335,"loc":{"start":{"line":335,"column":47},"end":{"line":335,"column":59}}},"27":{"name":"(anonymous_27)","line":386,"loc":{"start":{"line":386,"column":55},"end":{"line":386,"column":83}}},"28":{"name":"(anonymous_28)","line":392,"loc":{"start":{"line":392,"column":21},"end":{"line":392,"column":44}}},"29":{"name":"(anonymous_29)","line":393,"loc":{"start":{"line":393,"column":47},"end":{"line":393,"column":59}}},"30":{"name":"(anonymous_30)","line":437,"loc":{"start":{"line":437,"column":58},"end":{"line":437,"column":86}}},"31":{"name":"(anonymous_31)","line":443,"loc":{"start":{"line":443,"column":21},"end":{"line":443,"column":44}}},"32":{"name":"(anonymous_32)","line":444,"loc":{"start":{"line":444,"column":47},"end":{"line":444,"column":59}}},"33":{"name":"(anonymous_33)","line":492,"loc":{"start":{"line":492,"column":46},"end":{"line":492,"column":74}}},"34":{"name":"(anonymous_34)","line":509,"loc":{"start":{"line":509,"column":22},"end":{"line":509,"column":37}}},"35":{"name":"(anonymous_35)","line":512,"loc":{"start":{"line":512,"column":55},"end":{"line":512,"column":78}}},"36":{"name":"(anonymous_36)","line":513,"loc":{"start":{"line":513,"column":51},"end":{"line":513,"column":63}}},"37":{"name":"(anonymous_37)","line":525,"loc":{"start":{"line":525,"column":58},"end":{"line":525,"column":86}}},"38":{"name":"(anonymous_38)","line":531,"loc":{"start":{"line":531,"column":21},"end":{"line":531,"column":44}}},"39":{"name":"(anonymous_39)","line":532,"loc":{"start":{"line":532,"column":47},"end":{"line":532,"column":59}}},"40":{"name":"(anonymous_40)","line":563,"loc":{"start":{"line":563,"column":52},"end":{"line":563,"column":80}}},"41":{"name":"(anonymous_41)","line":569,"loc":{"start":{"line":569,"column":21},"end":{"line":569,"column":44}}},"42":{"name":"(anonymous_42)","line":570,"loc":{"start":{"line":570,"column":47},"end":{"line":570,"column":59}}},"43":{"name":"(anonymous_43)","line":599,"loc":{"start":{"line":599,"column":55},"end":{"line":599,"column":83}}},"44":{"name":"(anonymous_44)","line":605,"loc":{"start":{"line":605,"column":21},"end":{"line":605,"column":44}}},"45":{"name":"(anonymous_45)","line":606,"loc":{"start":{"line":606,"column":47},"end":{"line":606,"column":59}}},"46":{"name":"(anonymous_46)","line":627,"loc":{"start":{"line":627,"column":66},"end":{"line":627,"column":81}}},"47":{"name":"(anonymous_47)","line":645,"loc":{"start":{"line":645,"column":51},"end":{"line":645,"column":79}}},"48":{"name":"(anonymous_48)","line":651,"loc":{"start":{"line":651,"column":21},"end":{"line":651,"column":44}}},"49":{"name":"(anonymous_49)","line":652,"loc":{"start":{"line":652,"column":47},"end":{"line":652,"column":59}}},"50":{"name":"(anonymous_50)","line":681,"loc":{"start":{"line":681,"column":45},"end":{"line":681,"column":73}}},"51":{"name":"(anonymous_51)","line":697,"loc":{"start":{"line":697,"column":22},"end":{"line":697,"column":37}}},"52":{"name":"(anonymous_52)","line":704,"loc":{"start":{"line":704,"column":58},"end":{"line":704,"column":86}}},"53":{"name":"(anonymous_53)","line":710,"loc":{"start":{"line":710,"column":21},"end":{"line":710,"column":44}}},"54":{"name":"(anonymous_54)","line":711,"loc":{"start":{"line":711,"column":47},"end":{"line":711,"column":59}}},"55":{"name":"(anonymous_55)","line":781,"loc":{"start":{"line":781,"column":55},"end":{"line":781,"column":83}}},"56":{"name":"(anonymous_56)","line":787,"loc":{"start":{"line":787,"column":21},"end":{"line":787,"column":44}}},"57":{"name":"(anonymous_57)","line":788,"loc":{"start":{"line":788,"column":47},"end":{"line":788,"column":59}}},"58":{"name":"(anonymous_58)","line":830,"loc":{"start":{"line":830,"column":54},"end":{"line":830,"column":82}}},"59":{"name":"(anonymous_59)","line":836,"loc":{"start":{"line":836,"column":21},"end":{"line":836,"column":44}}},"60":{"name":"(anonymous_60)","line":837,"loc":{"start":{"line":837,"column":47},"end":{"line":837,"column":59}}},"61":{"name":"(anonymous_61)","line":883,"loc":{"start":{"line":883,"column":55},"end":{"line":883,"column":83}}},"62":{"name":"(anonymous_62)","line":889,"loc":{"start":{"line":889,"column":21},"end":{"line":889,"column":44}}},"63":{"name":"(anonymous_63)","line":890,"loc":{"start":{"line":890,"column":47},"end":{"line":890,"column":59}}},"64":{"name":"(anonymous_64)","line":915,"loc":{"start":{"line":915,"column":49},"end":{"line":915,"column":77}}},"65":{"name":"(anonymous_65)","line":931,"loc":{"start":{"line":931,"column":48},"end":{"line":931,"column":76}}},"66":{"name":"(anonymous_66)","line":942,"loc":{"start":{"line":942,"column":22},"end":{"line":942,"column":35}}},"67":{"name":"(anonymous_67)","line":947,"loc":{"start":{"line":947,"column":21},"end":{"line":947,"column":44}}},"68":{"name":"(anonymous_68)","line":948,"loc":{"start":{"line":948,"column":51},"end":{"line":948,"column":63}}},"69":{"name":"(anonymous_69)","line":963,"loc":{"start":{"line":963,"column":51},"end":{"line":963,"column":79}}},"70":{"name":"(anonymous_70)","line":972,"loc":{"start":{"line":972,"column":70},"end":{"line":972,"column":93}}},"71":{"name":"(anonymous_71)","line":973,"loc":{"start":{"line":973,"column":47},"end":{"line":973,"column":59}}},"72":{"name":"(anonymous_72)","line":986,"loc":{"start":{"line":986,"column":70},"end":{"line":986,"column":93}}},"73":{"name":"(anonymous_73)","line":987,"loc":{"start":{"line":987,"column":47},"end":{"line":987,"column":59}}},"74":{"name":"(anonymous_74)","line":999,"loc":{"start":{"line":999,"column":46},"end":{"line":999,"column":74}}},"75":{"name":"(anonymous_75)","line":1015,"loc":{"start":{"line":1015,"column":22},"end":{"line":1015,"column":38}}},"76":{"name":"(anonymous_76)","line":1020,"loc":{"start":{"line":1020,"column":33},"end":{"line":1020,"column":56}}},"77":{"name":"(anonymous_77)","line":1021,"loc":{"start":{"line":1021,"column":51},"end":{"line":1021,"column":63}}},"78":{"name":"(anonymous_78)","line":1034,"loc":{"start":{"line":1034,"column":59},"end":{"line":1034,"column":87}}},"79":{"name":"(anonymous_79)","line":1040,"loc":{"start":{"line":1040,"column":21},"end":{"line":1040,"column":44}}},"80":{"name":"(anonymous_80)","line":1041,"loc":{"start":{"line":1041,"column":47},"end":{"line":1041,"column":59}}},"81":{"name":"(anonymous_81)","line":1061,"loc":{"start":{"line":1061,"column":46},"end":{"line":1061,"column":74}}},"82":{"name":"(anonymous_82)","line":1067,"loc":{"start":{"line":1067,"column":21},"end":{"line":1067,"column":44}}},"83":{"name":"(anonymous_83)","line":1068,"loc":{"start":{"line":1068,"column":47},"end":{"line":1068,"column":59}}},"84":{"name":"(anonymous_84)","line":1176,"loc":{"start":{"line":1176,"column":56},"end":{"line":1176,"column":84}}},"85":{"name":"(anonymous_85)","line":1209,"loc":{"start":{"line":1209,"column":68},"end":{"line":1209,"column":91}}},"86":{"name":"(anonymous_86)","line":1210,"loc":{"start":{"line":1210,"column":47},"end":{"line":1210,"column":59}}},"87":{"name":"(anonymous_87)","line":1235,"loc":{"start":{"line":1235,"column":70},"end":{"line":1235,"column":93}}},"88":{"name":"(anonymous_88)","line":1236,"loc":{"start":{"line":1236,"column":47},"end":{"line":1236,"column":59}}},"89":{"name":"(anonymous_89)","line":1249,"loc":{"start":{"line":1249,"column":54},"end":{"line":1249,"column":82}}},"90":{"name":"(anonymous_90)","line":1266,"loc":{"start":{"line":1266,"column":22},"end":{"line":1266,"column":41}}},"91":{"name":"(anonymous_91)","line":1270,"loc":{"start":{"line":1270,"column":72},"end":{"line":1270,"column":89}}},"92":{"name":"(anonymous_92)","line":1271,"loc":{"start":{"line":1271,"column":51},"end":{"line":1271,"column":63}}},"93":{"name":"(anonymous_93)","line":1281,"loc":{"start":{"line":1281,"column":57},"end":{"line":1281,"column":85}}},"94":{"name":"(anonymous_94)","line":1289,"loc":{"start":{"line":1289,"column":69},"end":{"line":1289,"column":92}}},"95":{"name":"(anonymous_95)","line":1290,"loc":{"start":{"line":1290,"column":47},"end":{"line":1290,"column":59}}},"96":{"name":"(anonymous_96)","line":1303,"loc":{"start":{"line":1303,"column":50},"end":{"line":1303,"column":78}}},"97":{"name":"(anonymous_97)","line":1339,"loc":{"start":{"line":1339,"column":22},"end":{"line":1339,"column":41}}},"98":{"name":"(anonymous_98)","line":1352,"loc":{"start":{"line":1352,"column":48},"end":{"line":1352,"column":76}}},"99":{"name":"(anonymous_99)","line":1405,"loc":{"start":{"line":1405,"column":22},"end":{"line":1405,"column":41}}},"100":{"name":"(anonymous_100)","line":1406,"loc":{"start":{"line":1406,"column":47},"end":{"line":1406,"column":59}}},"101":{"name":"(anonymous_101)","line":1419,"loc":{"start":{"line":1419,"column":51},"end":{"line":1419,"column":79}}},"102":{"name":"(anonymous_102)","line":1425,"loc":{"start":{"line":1425,"column":42},"end":{"line":1425,"column":61}}},"103":{"name":"(anonymous_103)","line":1426,"loc":{"start":{"line":1426,"column":47},"end":{"line":1426,"column":59}}},"104":{"name":"(anonymous_104)","line":1490,"loc":{"start":{"line":1490,"column":22},"end":{"line":1490,"column":41}}},"105":{"name":"(anonymous_105)","line":1491,"loc":{"start":{"line":1491,"column":47},"end":{"line":1491,"column":59}}},"106":{"name":"(anonymous_106)","line":1509,"loc":{"start":{"line":1509,"column":49},"end":{"line":1509,"column":77}}},"107":{"name":"(anonymous_107)","line":1519,"loc":{"start":{"line":1519,"column":36},"end":{"line":1519,"column":64}}},"108":{"name":"(anonymous_108)","line":1525,"loc":{"start":{"line":1525,"column":51},"end":{"line":1525,"column":68}}},"109":{"name":"(anonymous_109)","line":1526,"loc":{"start":{"line":1526,"column":27},"end":{"line":1526,"column":39}}},"110":{"name":"(anonymous_110)","line":1535,"loc":{"start":{"line":1535,"column":71},"end":{"line":1535,"column":91}}},"111":{"name":"(anonymous_111)","line":1539,"loc":{"start":{"line":1539,"column":26},"end":{"line":1539,"column":55}}},"112":{"name":"(anonymous_112)","line":1540,"loc":{"start":{"line":1540,"column":41},"end":{"line":1540,"column":53}}},"113":{"name":"(anonymous_113)","line":1542,"loc":{"start":{"line":1542,"column":35},"end":{"line":1542,"column":47}}},"114":{"name":"(anonymous_114)","line":1563,"loc":{"start":{"line":1563,"column":38},"end":{"line":1563,"column":66}}},"115":{"name":"(anonymous_115)","line":1572,"loc":{"start":{"line":1572,"column":28},"end":{"line":1572,"column":42}}},"116":{"name":"(anonymous_116)","line":1584,"loc":{"start":{"line":1584,"column":36},"end":{"line":1584,"column":64}}},"117":{"name":"(anonymous_117)","line":1596,"loc":{"start":{"line":1596,"column":28},"end":{"line":1596,"column":47}}},"118":{"name":"(anonymous_118)","line":1607,"loc":{"start":{"line":1607,"column":35},"end":{"line":1607,"column":63}}},"119":{"name":"(anonymous_119)","line":1655,"loc":{"start":{"line":1655,"column":28},"end":{"line":1655,"column":47}}},"120":{"name":"(anonymous_120)","line":1657,"loc":{"start":{"line":1657,"column":45},"end":{"line":1657,"column":67}}},"121":{"name":"(anonymous_121)","line":1671,"loc":{"start":{"line":1671,"column":35},"end":{"line":1671,"column":63}}},"122":{"name":"(anonymous_122)","line":1677,"loc":{"start":{"line":1677,"column":21},"end":{"line":1677,"column":38}}},"123":{"name":"(anonymous_123)","line":1678,"loc":{"start":{"line":1678,"column":47},"end":{"line":1678,"column":59}}},"124":{"name":"(anonymous_124)","line":1691,"loc":{"start":{"line":1691,"column":64},"end":{"line":1691,"column":79}}},"125":{"name":"(anonymous_125)","line":1700,"loc":{"start":{"line":1700,"column":37},"end":{"line":1700,"column":53}}},"126":{"name":"(anonymous_126)","line":1728,"loc":{"start":{"line":1728,"column":41},"end":{"line":1728,"column":69}}},"127":{"name":"(anonymous_127)","line":1745,"loc":{"start":{"line":1745,"column":5},"end":{"line":1745,"column":17}}},"128":{"name":"(anonymous_128)","line":2090,"loc":{"start":{"line":2090,"column":45},"end":{"line":2090,"column":90}}},"129":{"name":"(anonymous_129)","line":2094,"loc":{"start":{"line":2094,"column":42},"end":{"line":2094,"column":65}}},"130":{"name":"(anonymous_130)","line":2138,"loc":{"start":{"line":2138,"column":26},"end":{"line":2138,"column":45}}},"131":{"name":"(anonymous_131)","line":2179,"loc":{"start":{"line":2179,"column":44},"end":{"line":2179,"column":59}}},"132":{"name":"(anonymous_132)","line":2205,"loc":{"start":{"line":2205,"column":14},"end":{"line":2205,"column":29}}},"133":{"name":"(anonymous_133)","line":2239,"loc":{"start":{"line":2239,"column":39},"end":{"line":2239,"column":51}}}},"statementMap":{"1":{"start":{"line":12,"column":0},"end":{"line":2248,"column":5}},"2":{"start":{"line":14,"column":4},"end":{"line":14,"column":14}},"3":{"start":{"line":19,"column":4},"end":{"line":54,"column":9}},"4":{"start":{"line":21,"column":8},"end":{"line":21,"column":41}},"5":{"start":{"line":23,"column":8},"end":{"line":23,"column":19}},"6":{"start":{"line":25,"column":8},"end":{"line":37,"column":13}},"7":{"start":{"line":26,"column":12},"end":{"line":36,"column":13}},"8":{"start":{"line":27,"column":16},"end":{"line":30,"column":30}},"9":{"start":{"line":32,"column":16},"end":{"line":35,"column":27}},"10":{"start":{"line":38,"column":8},"end":{"line":53,"column":9}},"11":{"start":{"line":41,"column":12},"end":{"line":41,"column":33}},"12":{"start":{"line":42,"column":12},"end":{"line":42,"column":18}},"13":{"start":{"line":45,"column":12},"end":{"line":50,"column":15}},"14":{"start":{"line":51,"column":12},"end":{"line":51,"column":47}},"15":{"start":{"line":52,"column":12},"end":{"line":52,"column":18}},"16":{"start":{"line":59,"column":4},"end":{"line":1502,"column":9}},"17":{"start":{"line":60,"column":8},"end":{"line":109,"column":10}},"18":{"start":{"line":64,"column":12},"end":{"line":64,"column":79}},"19":{"start":{"line":65,"column":12},"end":{"line":106,"column":13}},"20":{"start":{"line":67,"column":16},"end":{"line":73,"column":19}},"21":{"start":{"line":74,"column":16},"end":{"line":74,"column":22}},"22":{"start":{"line":76,"column":16},"end":{"line":84,"column":19}},"23":{"start":{"line":85,"column":16},"end":{"line":85,"column":22}},"24":{"start":{"line":87,"column":16},"end":{"line":93,"column":19}},"25":{"start":{"line":94,"column":16},"end":{"line":94,"column":22}},"26":{"start":{"line":96,"column":16},"end":{"line":102,"column":19}},"27":{"start":{"line":97,"column":20},"end":{"line":101,"column":23}},"28":{"start":{"line":99,"column":24},"end":{"line":99,"column":51}},"29":{"start":{"line":100,"column":24},"end":{"line":100,"column":85}},"30":{"start":{"line":103,"column":16},"end":{"line":105,"column":19}},"31":{"start":{"line":107,"column":12},"end":{"line":107,"column":46}},"32":{"start":{"line":108,"column":12},"end":{"line":108,"column":27}},"33":{"start":{"line":112,"column":8},"end":{"line":158,"column":10}},"34":{"start":{"line":116,"column":12},"end":{"line":116,"column":27}},"35":{"start":{"line":117,"column":12},"end":{"line":117,"column":60}},"36":{"start":{"line":118,"column":12},"end":{"line":118,"column":36}},"37":{"start":{"line":119,"column":12},"end":{"line":136,"column":15}},"38":{"start":{"line":137,"column":12},"end":{"line":156,"column":15}},"39":{"start":{"line":138,"column":16},"end":{"line":138,"column":40}},"40":{"start":{"line":139,"column":16},"end":{"line":155,"column":19}},"41":{"start":{"line":140,"column":20},"end":{"line":154,"column":32}},"42":{"start":{"line":142,"column":24},"end":{"line":142,"column":60}},"43":{"start":{"line":144,"column":24},"end":{"line":147,"column":26}},"44":{"start":{"line":149,"column":24},"end":{"line":152,"column":25}},"45":{"start":{"line":150,"column":28},"end":{"line":150,"column":65}},"46":{"start":{"line":151,"column":28},"end":{"line":151,"column":74}},"47":{"start":{"line":153,"column":24},"end":{"line":153,"column":37}},"48":{"start":{"line":157,"column":12},"end":{"line":157,"column":25}},"49":{"start":{"line":160,"column":8},"end":{"line":194,"column":10}},"50":{"start":{"line":164,"column":12},"end":{"line":164,"column":33}},"51":{"start":{"line":165,"column":12},"end":{"line":165,"column":25}},"52":{"start":{"line":166,"column":12},"end":{"line":192,"column":14}},"53":{"start":{"line":167,"column":16},"end":{"line":191,"column":28}},"54":{"start":{"line":169,"column":20},"end":{"line":169,"column":57}},"55":{"start":{"line":170,"column":20},"end":{"line":170,"column":34}},"56":{"start":{"line":171,"column":20},"end":{"line":190,"column":21}},"57":{"start":{"line":173,"column":24},"end":{"line":175,"column":27}},"58":{"start":{"line":177,"column":24},"end":{"line":179,"column":35}},"59":{"start":{"line":180,"column":24},"end":{"line":180,"column":30}},"60":{"start":{"line":183,"column":24},"end":{"line":183,"column":89}},"61":{"start":{"line":184,"column":24},"end":{"line":185,"column":50}},"62":{"start":{"line":186,"column":24},"end":{"line":186,"column":33}},"63":{"start":{"line":187,"column":24},"end":{"line":187,"column":30}},"64":{"start":{"line":189,"column":24},"end":{"line":189,"column":45}},"65":{"start":{"line":193,"column":12},"end":{"line":193,"column":21}},"66":{"start":{"line":196,"column":8},"end":{"line":231,"column":10}},"67":{"start":{"line":200,"column":12},"end":{"line":200,"column":27}},"68":{"start":{"line":201,"column":12},"end":{"line":201,"column":60}},"69":{"start":{"line":202,"column":12},"end":{"line":202,"column":36}},"70":{"start":{"line":203,"column":12},"end":{"line":229,"column":15}},"71":{"start":{"line":225,"column":16},"end":{"line":225,"column":28}},"72":{"start":{"line":226,"column":16},"end":{"line":226,"column":40}},"73":{"start":{"line":228,"column":16},"end":{"line":228,"column":93}},"74":{"start":{"line":230,"column":12},"end":{"line":230,"column":25}},"75":{"start":{"line":233,"column":8},"end":{"line":279,"column":10}},"76":{"start":{"line":237,"column":12},"end":{"line":237,"column":33}},"77":{"start":{"line":238,"column":12},"end":{"line":238,"column":25}},"78":{"start":{"line":239,"column":12},"end":{"line":277,"column":14}},"79":{"start":{"line":240,"column":16},"end":{"line":276,"column":28}},"80":{"start":{"line":242,"column":20},"end":{"line":242,"column":57}},"81":{"start":{"line":243,"column":20},"end":{"line":243,"column":34}},"82":{"start":{"line":244,"column":20},"end":{"line":275,"column":21}},"83":{"start":{"line":246,"column":24},"end":{"line":248,"column":27}},"84":{"start":{"line":250,"column":24},"end":{"line":253,"column":26}},"85":{"start":{"line":254,"column":24},"end":{"line":254,"column":30}},"86":{"start":{"line":257,"column":24},"end":{"line":260,"column":26}},"87":{"start":{"line":261,"column":24},"end":{"line":261,"column":30}},"88":{"start":{"line":264,"column":24},"end":{"line":267,"column":26}},"89":{"start":{"line":268,"column":24},"end":{"line":268,"column":30}},"90":{"start":{"line":271,"column":24},"end":{"line":271,"column":89}},"91":{"start":{"line":272,"column":24},"end":{"line":272,"column":30}},"92":{"start":{"line":274,"column":24},"end":{"line":274,"column":45}},"93":{"start":{"line":278,"column":12},"end":{"line":278,"column":21}},"94":{"start":{"line":281,"column":8},"end":{"line":326,"column":10}},"95":{"start":{"line":285,"column":12},"end":{"line":285,"column":45}},"96":{"start":{"line":286,"column":12},"end":{"line":286,"column":25}},"97":{"start":{"line":287,"column":12},"end":{"line":324,"column":14}},"98":{"start":{"line":288,"column":16},"end":{"line":323,"column":28}},"99":{"start":{"line":290,"column":20},"end":{"line":290,"column":57}},"100":{"start":{"line":291,"column":20},"end":{"line":291,"column":34}},"101":{"start":{"line":292,"column":20},"end":{"line":322,"column":21}},"102":{"start":{"line":294,"column":24},"end":{"line":302,"column":27}},"103":{"start":{"line":304,"column":24},"end":{"line":306,"column":37}},"104":{"start":{"line":307,"column":24},"end":{"line":307,"column":30}},"105":{"start":{"line":309,"column":24},"end":{"line":309,"column":71}},"106":{"start":{"line":310,"column":24},"end":{"line":310,"column":48}},"107":{"start":{"line":311,"column":24},"end":{"line":317,"column":27}},"108":{"start":{"line":312,"column":28},"end":{"line":312,"column":52}},"109":{"start":{"line":314,"column":28},"end":{"line":316,"column":43}},"110":{"start":{"line":318,"column":24},"end":{"line":318,"column":37}},"111":{"start":{"line":319,"column":24},"end":{"line":319,"column":30}},"112":{"start":{"line":321,"column":24},"end":{"line":321,"column":45}},"113":{"start":{"line":325,"column":12},"end":{"line":325,"column":21}},"114":{"start":{"line":328,"column":8},"end":{"line":384,"column":10}},"115":{"start":{"line":332,"column":12},"end":{"line":332,"column":44}},"116":{"start":{"line":333,"column":12},"end":{"line":333,"column":25}},"117":{"start":{"line":334,"column":12},"end":{"line":382,"column":14}},"118":{"start":{"line":335,"column":16},"end":{"line":381,"column":28}},"119":{"start":{"line":337,"column":20},"end":{"line":337,"column":57}},"120":{"start":{"line":338,"column":20},"end":{"line":338,"column":34}},"121":{"start":{"line":339,"column":20},"end":{"line":380,"column":21}},"122":{"start":{"line":341,"column":24},"end":{"line":349,"column":27}},"123":{"start":{"line":351,"column":24},"end":{"line":351,"column":39}},"124":{"start":{"line":352,"column":24},"end":{"line":355,"column":26}},"125":{"start":{"line":357,"column":24},"end":{"line":359,"column":35}},"126":{"start":{"line":360,"column":24},"end":{"line":360,"column":30}},"127":{"start":{"line":363,"column":24},"end":{"line":363,"column":71}},"128":{"start":{"line":365,"column":24},"end":{"line":366,"column":75}},"129":{"start":{"line":367,"column":24},"end":{"line":368,"column":73}},"130":{"start":{"line":370,"column":24},"end":{"line":371,"column":75}},"131":{"start":{"line":372,"column":24},"end":{"line":373,"column":73}},"132":{"start":{"line":375,"column":24},"end":{"line":375,"column":75}},"133":{"start":{"line":376,"column":24},"end":{"line":376,"column":86}},"134":{"start":{"line":377,"column":24},"end":{"line":377,"column":30}},"135":{"start":{"line":379,"column":24},"end":{"line":379,"column":45}},"136":{"start":{"line":383,"column":12},"end":{"line":383,"column":21}},"137":{"start":{"line":386,"column":8},"end":{"line":435,"column":10}},"138":{"start":{"line":390,"column":12},"end":{"line":390,"column":33}},"139":{"start":{"line":391,"column":12},"end":{"line":391,"column":25}},"140":{"start":{"line":392,"column":12},"end":{"line":433,"column":14}},"141":{"start":{"line":393,"column":16},"end":{"line":432,"column":28}},"142":{"start":{"line":395,"column":20},"end":{"line":395,"column":57}},"143":{"start":{"line":396,"column":20},"end":{"line":396,"column":34}},"144":{"start":{"line":397,"column":20},"end":{"line":431,"column":21}},"145":{"start":{"line":399,"column":24},"end":{"line":401,"column":27}},"146":{"start":{"line":403,"column":24},"end":{"line":408,"column":35}},"147":{"start":{"line":409,"column":24},"end":{"line":409,"column":30}},"148":{"start":{"line":412,"column":24},"end":{"line":414,"column":35}},"149":{"start":{"line":415,"column":24},"end":{"line":415,"column":30}},"150":{"start":{"line":418,"column":24},"end":{"line":420,"column":35}},"151":{"start":{"line":421,"column":24},"end":{"line":421,"column":30}},"152":{"start":{"line":424,"column":24},"end":{"line":424,"column":89}},"153":{"start":{"line":425,"column":24},"end":{"line":426,"column":53}},"154":{"start":{"line":427,"column":24},"end":{"line":427,"column":33}},"155":{"start":{"line":428,"column":24},"end":{"line":428,"column":30}},"156":{"start":{"line":430,"column":24},"end":{"line":430,"column":45}},"157":{"start":{"line":434,"column":12},"end":{"line":434,"column":21}},"158":{"start":{"line":437,"column":8},"end":{"line":490,"column":10}},"159":{"start":{"line":441,"column":12},"end":{"line":441,"column":33}},"160":{"start":{"line":442,"column":12},"end":{"line":442,"column":25}},"161":{"start":{"line":443,"column":12},"end":{"line":488,"column":14}},"162":{"start":{"line":444,"column":16},"end":{"line":487,"column":28}},"163":{"start":{"line":446,"column":20},"end":{"line":446,"column":57}},"164":{"start":{"line":447,"column":20},"end":{"line":447,"column":34}},"165":{"start":{"line":448,"column":20},"end":{"line":486,"column":21}},"166":{"start":{"line":450,"column":24},"end":{"line":452,"column":27}},"167":{"start":{"line":453,"column":24},"end":{"line":463,"column":25}},"168":{"start":{"line":455,"column":28},"end":{"line":460,"column":39}},"169":{"start":{"line":462,"column":28},"end":{"line":462,"column":37}},"170":{"start":{"line":464,"column":24},"end":{"line":464,"column":30}},"171":{"start":{"line":467,"column":24},"end":{"line":469,"column":35}},"172":{"start":{"line":470,"column":24},"end":{"line":470,"column":30}},"173":{"start":{"line":473,"column":24},"end":{"line":475,"column":35}},"174":{"start":{"line":476,"column":24},"end":{"line":476,"column":30}},"175":{"start":{"line":479,"column":24},"end":{"line":479,"column":89}},"176":{"start":{"line":480,"column":24},"end":{"line":481,"column":53}},"177":{"start":{"line":482,"column":24},"end":{"line":482,"column":33}},"178":{"start":{"line":483,"column":24},"end":{"line":483,"column":30}},"179":{"start":{"line":485,"column":24},"end":{"line":485,"column":45}},"180":{"start":{"line":489,"column":12},"end":{"line":489,"column":21}},"181":{"start":{"line":492,"column":8},"end":{"line":523,"column":10}},"182":{"start":{"line":496,"column":12},"end":{"line":496,"column":27}},"183":{"start":{"line":497,"column":12},"end":{"line":497,"column":60}},"184":{"start":{"line":498,"column":12},"end":{"line":498,"column":36}},"185":{"start":{"line":499,"column":12},"end":{"line":521,"column":15}},"186":{"start":{"line":510,"column":16},"end":{"line":510,"column":40}},"187":{"start":{"line":511,"column":16},"end":{"line":511,"column":29}},"188":{"start":{"line":512,"column":16},"end":{"line":520,"column":19}},"189":{"start":{"line":513,"column":20},"end":{"line":519,"column":32}},"190":{"start":{"line":515,"column":24},"end":{"line":515,"column":60}},"191":{"start":{"line":517,"column":24},"end":{"line":517,"column":77}},"192":{"start":{"line":518,"column":24},"end":{"line":518,"column":37}},"193":{"start":{"line":522,"column":12},"end":{"line":522,"column":25}},"194":{"start":{"line":525,"column":8},"end":{"line":561,"column":10}},"195":{"start":{"line":529,"column":12},"end":{"line":529,"column":33}},"196":{"start":{"line":530,"column":12},"end":{"line":530,"column":25}},"197":{"start":{"line":531,"column":12},"end":{"line":559,"column":14}},"198":{"start":{"line":532,"column":16},"end":{"line":558,"column":28}},"199":{"start":{"line":534,"column":20},"end":{"line":534,"column":57}},"200":{"start":{"line":535,"column":20},"end":{"line":535,"column":34}},"201":{"start":{"line":536,"column":20},"end":{"line":557,"column":21}},"202":{"start":{"line":538,"column":24},"end":{"line":540,"column":27}},"203":{"start":{"line":542,"column":24},"end":{"line":544,"column":35}},"204":{"start":{"line":545,"column":24},"end":{"line":545,"column":30}},"205":{"start":{"line":548,"column":24},"end":{"line":548,"column":89}},"206":{"start":{"line":549,"column":24},"end":{"line":552,"column":26}},"207":{"start":{"line":553,"column":24},"end":{"line":553,"column":33}},"208":{"start":{"line":554,"column":24},"end":{"line":554,"column":30}},"209":{"start":{"line":556,"column":24},"end":{"line":556,"column":45}},"210":{"start":{"line":560,"column":12},"end":{"line":560,"column":21}},"211":{"start":{"line":563,"column":8},"end":{"line":597,"column":10}},"212":{"start":{"line":567,"column":12},"end":{"line":567,"column":33}},"213":{"start":{"line":568,"column":12},"end":{"line":568,"column":25}},"214":{"start":{"line":569,"column":12},"end":{"line":595,"column":14}},"215":{"start":{"line":570,"column":16},"end":{"line":594,"column":28}},"216":{"start":{"line":572,"column":20},"end":{"line":572,"column":57}},"217":{"start":{"line":573,"column":20},"end":{"line":573,"column":34}},"218":{"start":{"line":574,"column":20},"end":{"line":593,"column":21}},"219":{"start":{"line":576,"column":24},"end":{"line":578,"column":27}},"220":{"start":{"line":580,"column":24},"end":{"line":582,"column":35}},"221":{"start":{"line":583,"column":24},"end":{"line":583,"column":30}},"222":{"start":{"line":586,"column":24},"end":{"line":586,"column":89}},"223":{"start":{"line":587,"column":24},"end":{"line":588,"column":65}},"224":{"start":{"line":589,"column":24},"end":{"line":589,"column":33}},"225":{"start":{"line":590,"column":24},"end":{"line":590,"column":30}},"226":{"start":{"line":592,"column":24},"end":{"line":592,"column":45}},"227":{"start":{"line":596,"column":12},"end":{"line":596,"column":21}},"228":{"start":{"line":599,"column":8},"end":{"line":643,"column":10}},"229":{"start":{"line":603,"column":12},"end":{"line":603,"column":33}},"230":{"start":{"line":604,"column":12},"end":{"line":604,"column":25}},"231":{"start":{"line":605,"column":12},"end":{"line":641,"column":14}},"232":{"start":{"line":606,"column":16},"end":{"line":640,"column":28}},"233":{"start":{"line":608,"column":20},"end":{"line":608,"column":57}},"234":{"start":{"line":609,"column":20},"end":{"line":609,"column":34}},"235":{"start":{"line":610,"column":20},"end":{"line":639,"column":21}},"236":{"start":{"line":612,"column":24},"end":{"line":615,"column":27}},"237":{"start":{"line":617,"column":24},"end":{"line":619,"column":35}},"238":{"start":{"line":620,"column":24},"end":{"line":620,"column":30}},"239":{"start":{"line":623,"column":24},"end":{"line":623,"column":89}},"240":{"start":{"line":624,"column":24},"end":{"line":625,"column":65}},"241":{"start":{"line":627,"column":24},"end":{"line":632,"column":27}},"242":{"start":{"line":628,"column":28},"end":{"line":631,"column":30}},"243":{"start":{"line":634,"column":24},"end":{"line":634,"column":50}},"244":{"start":{"line":635,"column":24},"end":{"line":635,"column":43}},"245":{"start":{"line":636,"column":24},"end":{"line":636,"column":30}},"246":{"start":{"line":638,"column":24},"end":{"line":638,"column":45}},"247":{"start":{"line":642,"column":12},"end":{"line":642,"column":21}},"248":{"start":{"line":645,"column":8},"end":{"line":679,"column":10}},"249":{"start":{"line":649,"column":12},"end":{"line":649,"column":33}},"250":{"start":{"line":650,"column":12},"end":{"line":650,"column":25}},"251":{"start":{"line":651,"column":12},"end":{"line":677,"column":14}},"252":{"start":{"line":652,"column":16},"end":{"line":676,"column":28}},"253":{"start":{"line":654,"column":20},"end":{"line":654,"column":57}},"254":{"start":{"line":655,"column":20},"end":{"line":655,"column":34}},"255":{"start":{"line":656,"column":20},"end":{"line":675,"column":21}},"256":{"start":{"line":658,"column":24},"end":{"line":660,"column":27}},"257":{"start":{"line":662,"column":24},"end":{"line":664,"column":35}},"258":{"start":{"line":665,"column":24},"end":{"line":665,"column":30}},"259":{"start":{"line":668,"column":24},"end":{"line":668,"column":89}},"260":{"start":{"line":669,"column":24},"end":{"line":670,"column":65}},"261":{"start":{"line":671,"column":24},"end":{"line":671,"column":33}},"262":{"start":{"line":672,"column":24},"end":{"line":672,"column":30}},"263":{"start":{"line":674,"column":24},"end":{"line":674,"column":45}},"264":{"start":{"line":678,"column":12},"end":{"line":678,"column":21}},"265":{"start":{"line":681,"column":8},"end":{"line":702,"column":10}},"266":{"start":{"line":685,"column":12},"end":{"line":685,"column":27}},"267":{"start":{"line":686,"column":12},"end":{"line":686,"column":60}},"268":{"start":{"line":687,"column":12},"end":{"line":687,"column":36}},"269":{"start":{"line":688,"column":12},"end":{"line":688,"column":25}},"270":{"start":{"line":689,"column":12},"end":{"line":700,"column":15}},"271":{"start":{"line":698,"column":16},"end":{"line":698,"column":40}},"272":{"start":{"line":699,"column":16},"end":{"line":699,"column":67}},"273":{"start":{"line":701,"column":12},"end":{"line":701,"column":25}},"274":{"start":{"line":704,"column":8},"end":{"line":779,"column":10}},"275":{"start":{"line":708,"column":12},"end":{"line":708,"column":44}},"276":{"start":{"line":709,"column":12},"end":{"line":709,"column":25}},"277":{"start":{"line":710,"column":12},"end":{"line":777,"column":14}},"278":{"start":{"line":711,"column":16},"end":{"line":776,"column":28}},"279":{"start":{"line":713,"column":20},"end":{"line":713,"column":57}},"280":{"start":{"line":714,"column":20},"end":{"line":714,"column":34}},"281":{"start":{"line":715,"column":20},"end":{"line":775,"column":21}},"282":{"start":{"line":717,"column":24},"end":{"line":721,"column":27}},"283":{"start":{"line":723,"column":24},"end":{"line":723,"column":75}},"284":{"start":{"line":724,"column":24},"end":{"line":734,"column":25}},"285":{"start":{"line":726,"column":28},"end":{"line":731,"column":39}},"286":{"start":{"line":733,"column":28},"end":{"line":733,"column":37}},"287":{"start":{"line":735,"column":24},"end":{"line":735,"column":30}},"288":{"start":{"line":737,"column":24},"end":{"line":737,"column":86}},"289":{"start":{"line":738,"column":24},"end":{"line":738,"column":30}},"290":{"start":{"line":740,"column":24},"end":{"line":740,"column":80}},"291":{"start":{"line":741,"column":24},"end":{"line":741,"column":80}},"292":{"start":{"line":743,"column":24},"end":{"line":743,"column":86}},"293":{"start":{"line":744,"column":24},"end":{"line":747,"column":26}},"294":{"start":{"line":749,"column":24},"end":{"line":749,"column":84}},"295":{"start":{"line":751,"column":24},"end":{"line":753,"column":35}},"296":{"start":{"line":754,"column":24},"end":{"line":754,"column":30}},"297":{"start":{"line":757,"column":24},"end":{"line":758,"column":66}},"298":{"start":{"line":759,"column":24},"end":{"line":760,"column":73}},"299":{"start":{"line":762,"column":24},"end":{"line":763,"column":66}},"300":{"start":{"line":764,"column":24},"end":{"line":765,"column":73}},"301":{"start":{"line":767,"column":24},"end":{"line":770,"column":26}},"302":{"start":{"line":771,"column":24},"end":{"line":771,"column":86}},"303":{"start":{"line":772,"column":24},"end":{"line":772,"column":30}},"304":{"start":{"line":774,"column":24},"end":{"line":774,"column":45}},"305":{"start":{"line":778,"column":12},"end":{"line":778,"column":21}},"306":{"start":{"line":781,"column":8},"end":{"line":828,"column":10}},"307":{"start":{"line":785,"column":12},"end":{"line":785,"column":33}},"308":{"start":{"line":786,"column":12},"end":{"line":786,"column":25}},"309":{"start":{"line":787,"column":12},"end":{"line":826,"column":14}},"310":{"start":{"line":788,"column":16},"end":{"line":825,"column":28}},"311":{"start":{"line":789,"column":20},"end":{"line":789,"column":34}},"312":{"start":{"line":790,"column":20},"end":{"line":824,"column":21}},"313":{"start":{"line":792,"column":24},"end":{"line":794,"column":27}},"314":{"start":{"line":796,"column":24},"end":{"line":798,"column":35}},"315":{"start":{"line":799,"column":24},"end":{"line":799,"column":30}},"316":{"start":{"line":802,"column":24},"end":{"line":802,"column":61}},"317":{"start":{"line":804,"column":24},"end":{"line":804,"column":78}},"318":{"start":{"line":805,"column":24},"end":{"line":805,"column":82}},"319":{"start":{"line":807,"column":24},"end":{"line":807,"column":94}},"320":{"start":{"line":808,"column":24},"end":{"line":809,"column":87}},"321":{"start":{"line":811,"column":24},"end":{"line":813,"column":35}},"322":{"start":{"line":814,"column":24},"end":{"line":814,"column":30}},"323":{"start":{"line":817,"column":24},"end":{"line":817,"column":60}},"324":{"start":{"line":819,"column":24},"end":{"line":819,"column":77}},"325":{"start":{"line":820,"column":24},"end":{"line":820,"column":33}},"326":{"start":{"line":821,"column":24},"end":{"line":821,"column":30}},"327":{"start":{"line":823,"column":24},"end":{"line":823,"column":45}},"328":{"start":{"line":827,"column":12},"end":{"line":827,"column":21}},"329":{"start":{"line":830,"column":8},"end":{"line":881,"column":10}},"330":{"start":{"line":834,"column":12},"end":{"line":834,"column":33}},"331":{"start":{"line":835,"column":12},"end":{"line":835,"column":25}},"332":{"start":{"line":836,"column":12},"end":{"line":879,"column":14}},"333":{"start":{"line":837,"column":16},"end":{"line":878,"column":28}},"334":{"start":{"line":839,"column":20},"end":{"line":839,"column":57}},"335":{"start":{"line":840,"column":20},"end":{"line":840,"column":34}},"336":{"start":{"line":841,"column":20},"end":{"line":877,"column":21}},"337":{"start":{"line":843,"column":24},"end":{"line":843,"column":37}},"338":{"start":{"line":844,"column":24},"end":{"line":848,"column":50}},"339":{"start":{"line":849,"column":24},"end":{"line":849,"column":54}},"340":{"start":{"line":851,"column":24},"end":{"line":856,"column":37}},"341":{"start":{"line":857,"column":24},"end":{"line":857,"column":30}},"342":{"start":{"line":860,"column":24},"end":{"line":860,"column":89}},"343":{"start":{"line":861,"column":24},"end":{"line":864,"column":26}},"344":{"start":{"line":865,"column":24},"end":{"line":867,"column":27}},"345":{"start":{"line":869,"column":24},"end":{"line":869,"column":86}},"346":{"start":{"line":870,"column":24},"end":{"line":870,"column":30}},"347":{"start":{"line":873,"column":24},"end":{"line":873,"column":89}},"348":{"start":{"line":874,"column":24},"end":{"line":874,"column":30}},"349":{"start":{"line":876,"column":24},"end":{"line":876,"column":39}},"350":{"start":{"line":880,"column":12},"end":{"line":880,"column":21}},"351":{"start":{"line":883,"column":8},"end":{"line":913,"column":10}},"352":{"start":{"line":887,"column":12},"end":{"line":887,"column":33}},"353":{"start":{"line":888,"column":12},"end":{"line":888,"column":25}},"354":{"start":{"line":889,"column":12},"end":{"line":911,"column":14}},"355":{"start":{"line":890,"column":16},"end":{"line":910,"column":28}},"356":{"start":{"line":892,"column":20},"end":{"line":892,"column":57}},"357":{"start":{"line":893,"column":20},"end":{"line":893,"column":34}},"358":{"start":{"line":894,"column":20},"end":{"line":909,"column":21}},"359":{"start":{"line":896,"column":24},"end":{"line":896,"column":37}},"360":{"start":{"line":898,"column":24},"end":{"line":900,"column":49}},"361":{"start":{"line":901,"column":24},"end":{"line":901,"column":30}},"362":{"start":{"line":904,"column":24},"end":{"line":904,"column":89}},"363":{"start":{"line":905,"column":24},"end":{"line":905,"column":33}},"364":{"start":{"line":906,"column":24},"end":{"line":906,"column":30}},"365":{"start":{"line":908,"column":24},"end":{"line":908,"column":39}},"366":{"start":{"line":912,"column":12},"end":{"line":912,"column":21}},"367":{"start":{"line":915,"column":8},"end":{"line":929,"column":10}},"368":{"start":{"line":919,"column":12},"end":{"line":919,"column":25}},"369":{"start":{"line":921,"column":12},"end":{"line":921,"column":57}},"370":{"start":{"line":922,"column":12},"end":{"line":927,"column":13}},"371":{"start":{"line":923,"column":16},"end":{"line":923,"column":61}},"372":{"start":{"line":925,"column":16},"end":{"line":925,"column":78}},"373":{"start":{"line":926,"column":16},"end":{"line":926,"column":46}},"374":{"start":{"line":928,"column":12},"end":{"line":928,"column":22}},"375":{"start":{"line":931,"column":8},"end":{"line":961,"column":10}},"376":{"start":{"line":935,"column":12},"end":{"line":935,"column":27}},"377":{"start":{"line":936,"column":12},"end":{"line":936,"column":60}},"378":{"start":{"line":937,"column":12},"end":{"line":937,"column":36}},"379":{"start":{"line":938,"column":12},"end":{"line":959,"column":15}},"380":{"start":{"line":943,"column":16},"end":{"line":943,"column":28}},"381":{"start":{"line":944,"column":16},"end":{"line":944,"column":40}},"382":{"start":{"line":945,"column":16},"end":{"line":958,"column":19}},"383":{"start":{"line":948,"column":20},"end":{"line":957,"column":32}},"384":{"start":{"line":950,"column":24},"end":{"line":950,"column":61}},"385":{"start":{"line":952,"column":24},"end":{"line":955,"column":26}},"386":{"start":{"line":956,"column":24},"end":{"line":956,"column":37}},"387":{"start":{"line":960,"column":12},"end":{"line":960,"column":25}},"388":{"start":{"line":963,"column":8},"end":{"line":997,"column":10}},"389":{"start":{"line":967,"column":12},"end":{"line":967,"column":27}},"390":{"start":{"line":968,"column":12},"end":{"line":968,"column":60}},"391":{"start":{"line":969,"column":12},"end":{"line":969,"column":36}},"392":{"start":{"line":970,"column":12},"end":{"line":970,"column":52}},"393":{"start":{"line":971,"column":12},"end":{"line":971,"column":36}},"394":{"start":{"line":972,"column":12},"end":{"line":983,"column":15}},"395":{"start":{"line":973,"column":16},"end":{"line":982,"column":28}},"396":{"start":{"line":975,"column":20},"end":{"line":975,"column":57}},"397":{"start":{"line":977,"column":20},"end":{"line":980,"column":22}},"398":{"start":{"line":981,"column":20},"end":{"line":981,"column":33}},"399":{"start":{"line":984,"column":12},"end":{"line":984,"column":53}},"400":{"start":{"line":985,"column":12},"end":{"line":985,"column":36}},"401":{"start":{"line":986,"column":12},"end":{"line":995,"column":15}},"402":{"start":{"line":987,"column":16},"end":{"line":994,"column":28}},"403":{"start":{"line":989,"column":20},"end":{"line":989,"column":56}},"404":{"start":{"line":991,"column":20},"end":{"line":992,"column":39}},"405":{"start":{"line":993,"column":20},"end":{"line":993,"column":33}},"406":{"start":{"line":996,"column":12},"end":{"line":996,"column":25}},"407":{"start":{"line":999,"column":8},"end":{"line":1032,"column":10}},"408":{"start":{"line":1003,"column":12},"end":{"line":1003,"column":27}},"409":{"start":{"line":1004,"column":12},"end":{"line":1004,"column":60}},"410":{"start":{"line":1005,"column":12},"end":{"line":1005,"column":36}},"411":{"start":{"line":1006,"column":12},"end":{"line":1030,"column":15}},"412":{"start":{"line":1016,"column":16},"end":{"line":1016,"column":73}},"413":{"start":{"line":1017,"column":16},"end":{"line":1017,"column":40}},"414":{"start":{"line":1018,"column":16},"end":{"line":1029,"column":19}},"415":{"start":{"line":1021,"column":20},"end":{"line":1028,"column":32}},"416":{"start":{"line":1023,"column":24},"end":{"line":1023,"column":60}},"417":{"start":{"line":1025,"column":24},"end":{"line":1026,"column":44}},"418":{"start":{"line":1027,"column":24},"end":{"line":1027,"column":37}},"419":{"start":{"line":1031,"column":12},"end":{"line":1031,"column":25}},"420":{"start":{"line":1034,"column":8},"end":{"line":1059,"column":10}},"421":{"start":{"line":1038,"column":12},"end":{"line":1038,"column":33}},"422":{"start":{"line":1039,"column":12},"end":{"line":1039,"column":25}},"423":{"start":{"line":1040,"column":12},"end":{"line":1057,"column":14}},"424":{"start":{"line":1041,"column":16},"end":{"line":1056,"column":28}},"425":{"start":{"line":1043,"column":20},"end":{"line":1043,"column":57}},"426":{"start":{"line":1044,"column":20},"end":{"line":1044,"column":34}},"427":{"start":{"line":1045,"column":20},"end":{"line":1055,"column":21}},"428":{"start":{"line":1047,"column":24},"end":{"line":1047,"column":37}},"429":{"start":{"line":1048,"column":24},"end":{"line":1048,"column":88}},"430":{"start":{"line":1049,"column":24},"end":{"line":1049,"column":30}},"431":{"start":{"line":1052,"column":24},"end":{"line":1052,"column":89}},"432":{"start":{"line":1053,"column":24},"end":{"line":1053,"column":73}},"433":{"start":{"line":1054,"column":24},"end":{"line":1054,"column":34}},"434":{"start":{"line":1058,"column":12},"end":{"line":1058,"column":21}},"435":{"start":{"line":1061,"column":8},"end":{"line":1174,"column":10}},"436":{"start":{"line":1065,"column":12},"end":{"line":1065,"column":33}},"437":{"start":{"line":1066,"column":12},"end":{"line":1066,"column":25}},"438":{"start":{"line":1067,"column":12},"end":{"line":1172,"column":14}},"439":{"start":{"line":1068,"column":16},"end":{"line":1171,"column":28}},"440":{"start":{"line":1069,"column":20},"end":{"line":1069,"column":34}},"441":{"start":{"line":1070,"column":20},"end":{"line":1170,"column":21}},"442":{"start":{"line":1073,"column":24},"end":{"line":1073,"column":57}},"443":{"start":{"line":1075,"column":24},"end":{"line":1075,"column":37}},"444":{"start":{"line":1076,"column":24},"end":{"line":1076,"column":63}},"445":{"start":{"line":1077,"column":24},"end":{"line":1077,"column":30}},"446":{"start":{"line":1080,"column":24},"end":{"line":1080,"column":60}},"447":{"start":{"line":1082,"column":24},"end":{"line":1082,"column":83}},"448":{"start":{"line":1083,"column":24},"end":{"line":1083,"column":72}},"449":{"start":{"line":1084,"column":24},"end":{"line":1084,"column":30}},"450":{"start":{"line":1087,"column":24},"end":{"line":1087,"column":60}},"451":{"start":{"line":1089,"column":24},"end":{"line":1089,"column":77}},"452":{"start":{"line":1091,"column":24},"end":{"line":1094,"column":26}},"453":{"start":{"line":1096,"column":24},"end":{"line":1096,"column":37}},"454":{"start":{"line":1097,"column":24},"end":{"line":1097,"column":63}},"455":{"start":{"line":1098,"column":24},"end":{"line":1098,"column":30}},"456":{"start":{"line":1101,"column":24},"end":{"line":1101,"column":60}},"457":{"start":{"line":1103,"column":24},"end":{"line":1103,"column":77}},"458":{"start":{"line":1105,"column":24},"end":{"line":1108,"column":26}},"459":{"start":{"line":1110,"column":24},"end":{"line":1110,"column":76}},"460":{"start":{"line":1111,"column":24},"end":{"line":1111,"column":72}},"461":{"start":{"line":1112,"column":24},"end":{"line":1112,"column":30}},"462":{"start":{"line":1115,"column":24},"end":{"line":1115,"column":61}},"463":{"start":{"line":1117,"column":24},"end":{"line":1117,"column":77}},"464":{"start":{"line":1119,"column":24},"end":{"line":1122,"column":26}},"465":{"start":{"line":1125,"column":24},"end":{"line":1125,"column":69}},"466":{"start":{"line":1126,"column":24},"end":{"line":1126,"column":71}},"467":{"start":{"line":1127,"column":24},"end":{"line":1127,"column":63}},"468":{"start":{"line":1128,"column":24},"end":{"line":1128,"column":30}},"469":{"start":{"line":1131,"column":24},"end":{"line":1131,"column":61}},"470":{"start":{"line":1133,"column":24},"end":{"line":1133,"column":77}},"471":{"start":{"line":1135,"column":24},"end":{"line":1138,"column":26}},"472":{"start":{"line":1140,"column":24},"end":{"line":1140,"column":37}},"473":{"start":{"line":1141,"column":24},"end":{"line":1141,"column":63}},"474":{"start":{"line":1142,"column":24},"end":{"line":1142,"column":30}},"475":{"start":{"line":1145,"column":24},"end":{"line":1145,"column":60}},"476":{"start":{"line":1147,"column":24},"end":{"line":1147,"column":77}},"477":{"start":{"line":1149,"column":24},"end":{"line":1151,"column":35}},"478":{"start":{"line":1152,"column":24},"end":{"line":1152,"column":30}},"479":{"start":{"line":1155,"column":24},"end":{"line":1155,"column":60}},"480":{"start":{"line":1157,"column":24},"end":{"line":1157,"column":77}},"481":{"start":{"line":1159,"column":24},"end":{"line":1159,"column":73}},"482":{"start":{"line":1160,"column":24},"end":{"line":1160,"column":71}},"483":{"start":{"line":1161,"column":24},"end":{"line":1161,"column":63}},"484":{"start":{"line":1162,"column":24},"end":{"line":1162,"column":30}},"485":{"start":{"line":1165,"column":24},"end":{"line":1165,"column":60}},"486":{"start":{"line":1167,"column":24},"end":{"line":1167,"column":77}},"487":{"start":{"line":1168,"column":24},"end":{"line":1168,"column":44}},"488":{"start":{"line":1169,"column":24},"end":{"line":1169,"column":30}},"489":{"start":{"line":1173,"column":12},"end":{"line":1173,"column":21}},"490":{"start":{"line":1176,"column":8},"end":{"line":1247,"column":10}},"491":{"start":{"line":1180,"column":12},"end":{"line":1180,"column":27}},"492":{"start":{"line":1181,"column":12},"end":{"line":1181,"column":60}},"493":{"start":{"line":1182,"column":12},"end":{"line":1182,"column":36}},"494":{"start":{"line":1184,"column":12},"end":{"line":1184,"column":60}},"495":{"start":{"line":1185,"column":12},"end":{"line":1207,"column":16}},"496":{"start":{"line":1208,"column":12},"end":{"line":1208,"column":36}},"497":{"start":{"line":1209,"column":12},"end":{"line":1228,"column":15}},"498":{"start":{"line":1210,"column":16},"end":{"line":1227,"column":28}},"499":{"start":{"line":1212,"column":20},"end":{"line":1212,"column":57}},"500":{"start":{"line":1214,"column":20},"end":{"line":1225,"column":23}},"501":{"start":{"line":1226,"column":20},"end":{"line":1226,"column":33}},"502":{"start":{"line":1229,"column":12},"end":{"line":1233,"column":16}},"503":{"start":{"line":1234,"column":12},"end":{"line":1234,"column":36}},"504":{"start":{"line":1235,"column":12},"end":{"line":1245,"column":15}},"505":{"start":{"line":1236,"column":16},"end":{"line":1244,"column":28}},"506":{"start":{"line":1238,"column":20},"end":{"line":1238,"column":57}},"507":{"start":{"line":1240,"column":20},"end":{"line":1242,"column":23}},"508":{"start":{"line":1243,"column":20},"end":{"line":1243,"column":33}},"509":{"start":{"line":1246,"column":12},"end":{"line":1246,"column":25}},"510":{"start":{"line":1249,"column":8},"end":{"line":1279,"column":10}},"511":{"start":{"line":1253,"column":12},"end":{"line":1253,"column":27}},"512":{"start":{"line":1254,"column":12},"end":{"line":1254,"column":60}},"513":{"start":{"line":1255,"column":12},"end":{"line":1255,"column":36}},"514":{"start":{"line":1256,"column":12},"end":{"line":1256,"column":83}},"515":{"start":{"line":1257,"column":12},"end":{"line":1277,"column":15}},"516":{"start":{"line":1267,"column":16},"end":{"line":1267,"column":69}},"517":{"start":{"line":1268,"column":16},"end":{"line":1268,"column":63}},"518":{"start":{"line":1269,"column":16},"end":{"line":1269,"column":40}},"519":{"start":{"line":1270,"column":16},"end":{"line":1276,"column":19}},"520":{"start":{"line":1271,"column":20},"end":{"line":1275,"column":32}},"521":{"start":{"line":1273,"column":24},"end":{"line":1273,"column":62}},"522":{"start":{"line":1274,"column":24},"end":{"line":1274,"column":37}},"523":{"start":{"line":1278,"column":12},"end":{"line":1278,"column":25}},"524":{"start":{"line":1281,"column":8},"end":{"line":1301,"column":10}},"525":{"start":{"line":1285,"column":12},"end":{"line":1288,"column":16}},"526":{"start":{"line":1289,"column":12},"end":{"line":1300,"column":15}},"527":{"start":{"line":1290,"column":16},"end":{"line":1299,"column":28}},"528":{"start":{"line":1292,"column":20},"end":{"line":1292,"column":57}},"529":{"start":{"line":1294,"column":20},"end":{"line":1297,"column":23}},"530":{"start":{"line":1298,"column":20},"end":{"line":1298,"column":30}},"531":{"start":{"line":1303,"column":8},"end":{"line":1350,"column":10}},"532":{"start":{"line":1307,"column":12},"end":{"line":1310,"column":14}},"533":{"start":{"line":1311,"column":12},"end":{"line":1348,"column":15}},"534":{"start":{"line":1340,"column":16},"end":{"line":1340,"column":69}},"535":{"start":{"line":1341,"column":16},"end":{"line":1341,"column":58}},"536":{"start":{"line":1342,"column":16},"end":{"line":1342,"column":48}},"537":{"start":{"line":1344,"column":16},"end":{"line":1344,"column":94}},"538":{"start":{"line":1345,"column":16},"end":{"line":1345,"column":82}},"539":{"start":{"line":1346,"column":16},"end":{"line":1346,"column":94}},"540":{"start":{"line":1347,"column":16},"end":{"line":1347,"column":53}},"541":{"start":{"line":1349,"column":12},"end":{"line":1349,"column":22}},"542":{"start":{"line":1352,"column":8},"end":{"line":1418,"column":10}},"543":{"start":{"line":1356,"column":12},"end":{"line":1359,"column":14}},"544":{"start":{"line":1360,"column":12},"end":{"line":1416,"column":15}},"545":{"start":{"line":1406,"column":16},"end":{"line":1413,"column":39}},"546":{"start":{"line":1407,"column":20},"end":{"line":1410,"column":21}},"547":{"start":{"line":1408,"column":24},"end":{"line":1408,"column":77}},"548":{"start":{"line":1409,"column":24},"end":{"line":1409,"column":66}},"549":{"start":{"line":1411,"column":20},"end":{"line":1411,"column":52}},"550":{"start":{"line":1412,"column":20},"end":{"line":1412,"column":57}},"551":{"start":{"line":1415,"column":16},"end":{"line":1415,"column":88}},"552":{"start":{"line":1417,"column":12},"end":{"line":1417,"column":22}},"553":{"start":{"line":1419,"column":8},"end":{"line":1501,"column":10}},"554":{"start":{"line":1423,"column":12},"end":{"line":1423,"column":25}},"555":{"start":{"line":1425,"column":12},"end":{"line":1431,"column":15}},"556":{"start":{"line":1426,"column":16},"end":{"line":1428,"column":39}},"557":{"start":{"line":1427,"column":20},"end":{"line":1427,"column":58}},"558":{"start":{"line":1430,"column":16},"end":{"line":1430,"column":83}},"559":{"start":{"line":1432,"column":12},"end":{"line":1464,"column":15}},"560":{"start":{"line":1467,"column":12},"end":{"line":1467,"column":75}},"561":{"start":{"line":1468,"column":12},"end":{"line":1499,"column":15}},"562":{"start":{"line":1491,"column":16},"end":{"line":1496,"column":39}},"563":{"start":{"line":1492,"column":20},"end":{"line":1495,"column":27}},"564":{"start":{"line":1498,"column":16},"end":{"line":1498,"column":83}},"565":{"start":{"line":1500,"column":12},"end":{"line":1500,"column":22}},"566":{"start":{"line":1503,"column":4},"end":{"line":1740,"column":5}},"567":{"start":{"line":1509,"column":8},"end":{"line":1517,"column":10}},"568":{"start":{"line":1513,"column":12},"end":{"line":1513,"column":25}},"569":{"start":{"line":1514,"column":12},"end":{"line":1514,"column":60}},"570":{"start":{"line":1515,"column":12},"end":{"line":1515,"column":55}},"571":{"start":{"line":1516,"column":12},"end":{"line":1516,"column":38}},"572":{"start":{"line":1519,"column":8},"end":{"line":1561,"column":10}},"573":{"start":{"line":1523,"column":12},"end":{"line":1523,"column":27}},"574":{"start":{"line":1524,"column":12},"end":{"line":1524,"column":25}},"575":{"start":{"line":1525,"column":12},"end":{"line":1533,"column":15}},"576":{"start":{"line":1526,"column":16},"end":{"line":1531,"column":24}},"577":{"start":{"line":1528,"column":20},"end":{"line":1530,"column":23}},"578":{"start":{"line":1532,"column":16},"end":{"line":1532,"column":31}},"579":{"start":{"line":1534,"column":12},"end":{"line":1534,"column":36}},"580":{"start":{"line":1535,"column":12},"end":{"line":1548,"column":15}},"581":{"start":{"line":1536,"column":16},"end":{"line":1547,"column":19}},"582":{"start":{"line":1540,"column":20},"end":{"line":1546,"column":23}},"583":{"start":{"line":1541,"column":24},"end":{"line":1541,"column":48}},"584":{"start":{"line":1542,"column":24},"end":{"line":1545,"column":52}},"585":{"start":{"line":1543,"column":28},"end":{"line":1543,"column":75}},"586":{"start":{"line":1544,"column":28},"end":{"line":1544,"column":41}},"587":{"start":{"line":1550,"column":12},"end":{"line":1552,"column":14}},"588":{"start":{"line":1553,"column":12},"end":{"line":1553,"column":47}},"589":{"start":{"line":1555,"column":12},"end":{"line":1555,"column":90}},"590":{"start":{"line":1556,"column":12},"end":{"line":1558,"column":14}},"591":{"start":{"line":1559,"column":12},"end":{"line":1559,"column":47}},"592":{"start":{"line":1560,"column":12},"end":{"line":1560,"column":25}},"593":{"start":{"line":1563,"column":8},"end":{"line":1582,"column":10}},"594":{"start":{"line":1567,"column":12},"end":{"line":1571,"column":14}},"595":{"start":{"line":1572,"column":12},"end":{"line":1580,"column":15}},"596":{"start":{"line":1573,"column":16},"end":{"line":1574,"column":23}},"597":{"start":{"line":1575,"column":16},"end":{"line":1579,"column":19}},"598":{"start":{"line":1581,"column":12},"end":{"line":1581,"column":22}},"599":{"start":{"line":1584,"column":8},"end":{"line":1600,"column":10}},"600":{"start":{"line":1588,"column":12},"end":{"line":1595,"column":14}},"601":{"start":{"line":1596,"column":12},"end":{"line":1598,"column":15}},"602":{"start":{"line":1597,"column":16},"end":{"line":1597,"column":47}},"603":{"start":{"line":1599,"column":12},"end":{"line":1599,"column":22}},"604":{"start":{"line":1601,"column":8},"end":{"line":1601,"column":14}},"605":{"start":{"line":1607,"column":8},"end":{"line":1669,"column":10}},"606":{"start":{"line":1611,"column":12},"end":{"line":1611,"column":27}},"607":{"start":{"line":1612,"column":12},"end":{"line":1612,"column":60}},"608":{"start":{"line":1613,"column":12},"end":{"line":1613,"column":36}},"609":{"start":{"line":1614,"column":12},"end":{"line":1614,"column":25}},"610":{"start":{"line":1615,"column":12},"end":{"line":1654,"column":15}},"611":{"start":{"line":1655,"column":12},"end":{"line":1667,"column":15}},"612":{"start":{"line":1656,"column":16},"end":{"line":1656,"column":40}},"613":{"start":{"line":1657,"column":16},"end":{"line":1666,"column":19}},"614":{"start":{"line":1658,"column":20},"end":{"line":1658,"column":44}},"615":{"start":{"line":1660,"column":20},"end":{"line":1660,"column":38}},"616":{"start":{"line":1661,"column":20},"end":{"line":1665,"column":22}},"617":{"start":{"line":1668,"column":12},"end":{"line":1668,"column":25}},"618":{"start":{"line":1671,"column":8},"end":{"line":1726,"column":10}},"619":{"start":{"line":1675,"column":12},"end":{"line":1675,"column":33}},"620":{"start":{"line":1676,"column":12},"end":{"line":1676,"column":25}},"621":{"start":{"line":1677,"column":12},"end":{"line":1724,"column":14}},"622":{"start":{"line":1678,"column":16},"end":{"line":1723,"column":28}},"623":{"start":{"line":1680,"column":20},"end":{"line":1680,"column":57}},"624":{"start":{"line":1681,"column":20},"end":{"line":1681,"column":34}},"625":{"start":{"line":1682,"column":20},"end":{"line":1722,"column":21}},"626":{"start":{"line":1684,"column":24},"end":{"line":1684,"column":37}},"627":{"start":{"line":1685,"column":24},"end":{"line":1690,"column":26}},"628":{"start":{"line":1691,"column":24},"end":{"line":1705,"column":27}},"629":{"start":{"line":1692,"column":28},"end":{"line":1704,"column":44}},"630":{"start":{"line":1701,"column":36},"end":{"line":1703,"column":59}},"631":{"start":{"line":1707,"column":24},"end":{"line":1711,"column":26}},"632":{"start":{"line":1712,"column":24},"end":{"line":1712,"column":30}},"633":{"start":{"line":1714,"column":24},"end":{"line":1718,"column":35}},"634":{"start":{"line":1719,"column":24},"end":{"line":1719,"column":30}},"635":{"start":{"line":1721,"column":24},"end":{"line":1721,"column":39}},"636":{"start":{"line":1725,"column":12},"end":{"line":1725,"column":21}},"637":{"start":{"line":1728,"column":8},"end":{"line":1738,"column":10}},"638":{"start":{"line":1732,"column":12},"end":{"line":1736,"column":14}},"639":{"start":{"line":1737,"column":12},"end":{"line":1737,"column":57}},"640":{"start":{"line":1739,"column":8},"end":{"line":1739,"column":14}},"641":{"start":{"line":1745,"column":4},"end":{"line":2185,"column":9}},"642":{"start":{"line":1747,"column":8},"end":{"line":2086,"column":11}},"643":{"start":{"line":2088,"column":8},"end":{"line":2088,"column":77}},"644":{"start":{"line":2090,"column":8},"end":{"line":2116,"column":11}},"645":{"start":{"line":2091,"column":12},"end":{"line":2115,"column":13}},"646":{"start":{"line":2094,"column":16},"end":{"line":2099,"column":18}},"647":{"start":{"line":2095,"column":20},"end":{"line":2095,"column":84}},"648":{"start":{"line":2100,"column":16},"end":{"line":2100,"column":22}},"649":{"start":{"line":2105,"column":16},"end":{"line":2110,"column":18}},"650":{"start":{"line":2111,"column":16},"end":{"line":2111,"column":22}},"651":{"start":{"line":2114,"column":16},"end":{"line":2114,"column":87}},"652":{"start":{"line":2118,"column":8},"end":{"line":2177,"column":12}},"653":{"start":{"line":2139,"column":20},"end":{"line":2141,"column":22}},"654":{"start":{"line":2179,"column":8},"end":{"line":2184,"column":10}},"655":{"start":{"line":2180,"column":12},"end":{"line":2180,"column":56}},"656":{"start":{"line":2181,"column":12},"end":{"line":2183,"column":51}},"657":{"start":{"line":2186,"column":4},"end":{"line":2247,"column":5}},"658":{"start":{"line":2193,"column":8},"end":{"line":2193,"column":35}},"659":{"start":{"line":2196,"column":8},"end":{"line":2198,"column":9},"skip":true},"660":{"start":{"line":2197,"column":12},"end":{"line":2197,"column":18},"skip":true},"661":{"start":{"line":2199,"column":8},"end":{"line":2235,"column":28}},"662":{"start":{"line":2206,"column":12},"end":{"line":2234,"column":13}},"663":{"start":{"line":2209,"column":0},"end":{"line":2221,"column":2}},"664":{"start":{"line":2224,"column":16},"end":{"line":2231,"column":22}},"665":{"start":{"line":2233,"column":16},"end":{"line":2233,"column":75}},"666":{"start":{"line":2236,"column":8},"end":{"line":2237,"column":91}},"667":{"start":{"line":2239,"column":8},"end":{"line":2245,"column":42}},"668":{"start":{"line":2240,"column":12},"end":{"line":2240,"column":95}},"669":{"start":{"line":2241,"column":12},"end":{"line":2241,"column":93}},"670":{"start":{"line":2242,"column":12},"end":{"line":2242,"column":89}},"671":{"start":{"line":2243,"column":12},"end":{"line":2243,"column":87}},"672":{"start":{"line":2244,"column":12},"end":{"line":2244,"column":90}},"673":{"start":{"line":2246,"column":8},"end":{"line":2246,"column":14}}},"branchMap":{"1":{"line":27,"type":"binary-expr","locations":[{"start":{"line":27,"column":23},"end":{"line":27,"column":62}},{"start":{"line":28,"column":20},"end":{"line":28,"column":70}},{"start":{"line":29,"column":20},"end":{"line":29,"column":71}},{"start":{"line":30,"column":20},"end":{"line":30,"column":29}}]},"2":{"line":32,"type":"binary-expr","locations":[{"start":{"line":32,"column":23},"end":{"line":32,"column":37}},{"start":{"line":33,"column":20},"end":{"line":33,"column":61}},{"start":{"line":34,"column":20},"end":{"line":34,"column":70}},{"start":{"line":35,"column":20},"end":{"line":35,"column":26}}]},"3":{"line":38,"type":"switch","locations":[{"start":{"line":40,"column":8},"end":{"line":42,"column":18}},{"start":{"line":44,"column":8},"end":{"line":52,"column":18}}]},"4":{"line":45,"type":"binary-expr","locations":[{"start":{"line":45,"column":21},"end":{"line":45,"column":36}},{"start":{"line":45,"column":40},"end":{"line":45,"column":59}}]},"5":{"line":64,"type":"binary-expr","locations":[{"start":{"line":64,"column":54},"end":{"line":64,"column":61}},{"start":{"line":64,"column":65},"end":{"line":64,"column":67}}]},"6":{"line":65,"type":"switch","locations":[{"start":{"line":66,"column":12},"end":{"line":74,"column":22}},{"start":{"line":75,"column":12},"end":{"line":85,"column":22}},{"start":{"line":86,"column":12},"end":{"line":94,"column":22}},{"start":{"line":95,"column":12},"end":{"line":105,"column":19}}]},"7":{"line":100,"type":"binary-expr","locations":[{"start":{"line":100,"column":42},"end":{"line":100,"column":57}},{"start":{"line":100,"column":61},"end":{"line":100,"column":84}}]},"8":{"line":149,"type":"if","locations":[{"start":{"line":149,"column":24},"end":{"line":149,"column":24}},{"start":{"line":149,"column":24},"end":{"line":149,"column":24}}]},"9":{"line":171,"type":"switch","locations":[{"start":{"line":172,"column":20},"end":{"line":180,"column":30}},{"start":{"line":181,"column":20},"end":{"line":187,"column":30}},{"start":{"line":188,"column":20},"end":{"line":189,"column":45}}]},"10":{"line":244,"type":"switch","locations":[{"start":{"line":245,"column":20},"end":{"line":254,"column":30}},{"start":{"line":255,"column":20},"end":{"line":261,"column":30}},{"start":{"line":262,"column":20},"end":{"line":268,"column":30}},{"start":{"line":269,"column":20},"end":{"line":272,"column":30}},{"start":{"line":273,"column":20},"end":{"line":274,"column":45}}]},"11":{"line":292,"type":"switch","locations":[{"start":{"line":293,"column":20},"end":{"line":307,"column":30}},{"start":{"line":308,"column":20},"end":{"line":319,"column":30}},{"start":{"line":320,"column":20},"end":{"line":321,"column":45}}]},"12":{"line":339,"type":"switch","locations":[{"start":{"line":340,"column":20},"end":{"line":360,"column":30}},{"start":{"line":361,"column":20},"end":{"line":377,"column":30}},{"start":{"line":378,"column":20},"end":{"line":379,"column":45}}]},"13":{"line":397,"type":"switch","locations":[{"start":{"line":398,"column":20},"end":{"line":409,"column":30}},{"start":{"line":410,"column":20},"end":{"line":415,"column":30}},{"start":{"line":416,"column":20},"end":{"line":421,"column":30}},{"start":{"line":422,"column":20},"end":{"line":428,"column":30}},{"start":{"line":429,"column":20},"end":{"line":430,"column":45}}]},"14":{"line":448,"type":"switch","locations":[{"start":{"line":449,"column":20},"end":{"line":464,"column":30}},{"start":{"line":465,"column":20},"end":{"line":470,"column":30}},{"start":{"line":471,"column":20},"end":{"line":476,"column":30}},{"start":{"line":477,"column":20},"end":{"line":483,"column":30}},{"start":{"line":484,"column":20},"end":{"line":485,"column":45}}]},"15":{"line":453,"type":"if","locations":[{"start":{"line":453,"column":24},"end":{"line":453,"column":24}},{"start":{"line":453,"column":24},"end":{"line":453,"column":24}}]},"16":{"line":536,"type":"switch","locations":[{"start":{"line":537,"column":20},"end":{"line":545,"column":30}},{"start":{"line":546,"column":20},"end":{"line":554,"column":30}},{"start":{"line":555,"column":20},"end":{"line":556,"column":45}}]},"17":{"line":574,"type":"switch","locations":[{"start":{"line":575,"column":20},"end":{"line":583,"column":30}},{"start":{"line":584,"column":20},"end":{"line":590,"column":30}},{"start":{"line":591,"column":20},"end":{"line":592,"column":45}}]},"18":{"line":610,"type":"switch","locations":[{"start":{"line":611,"column":20},"end":{"line":620,"column":30}},{"start":{"line":621,"column":20},"end":{"line":636,"column":30}},{"start":{"line":637,"column":20},"end":{"line":638,"column":45}}]},"19":{"line":656,"type":"switch","locations":[{"start":{"line":657,"column":20},"end":{"line":665,"column":30}},{"start":{"line":666,"column":20},"end":{"line":672,"column":30}},{"start":{"line":673,"column":20},"end":{"line":674,"column":45}}]},"20":{"line":715,"type":"switch","locations":[{"start":{"line":716,"column":20},"end":{"line":735,"column":30}},{"start":{"line":736,"column":20},"end":{"line":738,"column":30}},{"start":{"line":739,"column":20},"end":{"line":754,"column":30}},{"start":{"line":755,"column":20},"end":{"line":772,"column":30}},{"start":{"line":773,"column":20},"end":{"line":774,"column":45}}]},"21":{"line":724,"type":"if","locations":[{"start":{"line":724,"column":24},"end":{"line":724,"column":24}},{"start":{"line":724,"column":24},"end":{"line":724,"column":24}}]},"22":{"line":790,"type":"switch","locations":[{"start":{"line":791,"column":20},"end":{"line":799,"column":30}},{"start":{"line":800,"column":20},"end":{"line":814,"column":30}},{"start":{"line":815,"column":20},"end":{"line":821,"column":30}},{"start":{"line":822,"column":20},"end":{"line":823,"column":45}}]},"23":{"line":841,"type":"switch","locations":[{"start":{"line":842,"column":20},"end":{"line":857,"column":30}},{"start":{"line":858,"column":20},"end":{"line":870,"column":30}},{"start":{"line":871,"column":20},"end":{"line":874,"column":30}},{"start":{"line":875,"column":20},"end":{"line":876,"column":39}}]},"24":{"line":894,"type":"switch","locations":[{"start":{"line":895,"column":20},"end":{"line":901,"column":30}},{"start":{"line":902,"column":20},"end":{"line":906,"column":30}},{"start":{"line":907,"column":20},"end":{"line":908,"column":39}}]},"25":{"line":1045,"type":"switch","locations":[{"start":{"line":1046,"column":20},"end":{"line":1049,"column":30}},{"start":{"line":1050,"column":20},"end":{"line":1054,"column":34}}]},"26":{"line":1070,"type":"switch","locations":[{"start":{"line":1071,"column":20},"end":{"line":1077,"column":30}},{"start":{"line":1078,"column":20},"end":{"line":1084,"column":30}},{"start":{"line":1085,"column":20},"end":{"line":1098,"column":30}},{"start":{"line":1099,"column":20},"end":{"line":1112,"column":30}},{"start":{"line":1113,"column":20},"end":{"line":1128,"column":30}},{"start":{"line":1129,"column":20},"end":{"line":1142,"column":30}},{"start":{"line":1143,"column":20},"end":{"line":1152,"column":30}},{"start":{"line":1153,"column":20},"end":{"line":1162,"column":30}},{"start":{"line":1163,"column":20},"end":{"line":1169,"column":30}}]},"27":{"line":1344,"type":"binary-expr","locations":[{"start":{"line":1344,"column":47},"end":{"line":1344,"column":75}},{"start":{"line":1344,"column":79},"end":{"line":1344,"column":93}}]},"28":{"line":1345,"type":"binary-expr","locations":[{"start":{"line":1345,"column":42},"end":{"line":1345,"column":65}},{"start":{"line":1345,"column":69},"end":{"line":1345,"column":81}}]},"29":{"line":1346,"type":"binary-expr","locations":[{"start":{"line":1346,"column":48},"end":{"line":1346,"column":77}},{"start":{"line":1346,"column":81},"end":{"line":1346,"column":93}}]},"30":{"line":1407,"type":"if","locations":[{"start":{"line":1407,"column":20},"end":{"line":1407,"column":20}},{"start":{"line":1407,"column":20},"end":{"line":1407,"column":20}}]},"31":{"line":1503,"type":"switch","locations":[{"start":{"line":1508,"column":4},"end":{"line":1601,"column":14}},{"start":{"line":1606,"column":4},"end":{"line":1739,"column":14}}]},"32":{"line":1682,"type":"switch","locations":[{"start":{"line":1683,"column":20},"end":{"line":1712,"column":30}},{"start":{"line":1713,"column":20},"end":{"line":1719,"column":30}},{"start":{"line":1720,"column":20},"end":{"line":1721,"column":39}}]},"33":{"line":2091,"type":"switch","locations":[{"start":{"line":2092,"column":12},"end":{"line":2100,"column":22}},{"start":{"line":2101,"column":12},"end":{"line":2101,"column":34}},{"start":{"line":2102,"column":12},"end":{"line":2102,"column":32}},{"start":{"line":2103,"column":12},"e
[...]
chOnError(function () {","            local.utility2.assetsDict['/assets.example.js'] =","                local.fs.readFileSync(__filename, 'utf8');","        }, local.utility2.nop);","        /* jslint-ignore-begin */","        // https://github.com/swagger-api/swagger-ui/blob/v2.1.3/dist/index.html","        local.templateIndexHtml = '\\","<!doctype html>\\n\\","<html lang=\"en\">\\n\\","<head>\\n\\","<meta charset=\"UTF-8\">\\n\\","<meta name=\"viewport\" content=\"width=device-width, initial-scale=1\">\\n\\","<title>\\n\\","{{envDict.npm_package_name}} v{{envDict.npm_package_version}}\\n\\","</title>\\n\\","<link href=\"assets.swgg.css\" rel=\"stylesheet\">\\n\\","<link href=\"assets.utility2.css\" rel=\"stylesheet\">\\n\\","<style>\\n\\","/*csslint\\n\\","    box-sizing: false,\\n\\","    universal-selector: false\\n\\","*/\\n\\","* {\\n\\","    box-sizing: border-box;\\n\\","}\\n\\","body {\\n\\","    background-color: #fff;\\n\\","    font-family: Arial, Helvetica, sans-serif;\\n\\","}\\n\\","body > * {\\n\\","    margin-bottom: 1rem;\\n\\","}\\n\\","body > button {\\n\\","    width: 15rem;\\n\\","}\\n\\",".zeroPixel {\\n\\","    border: 0;\\n\\","    height: 0;\\n\\","    margin: 0;\\n\\","    padding: 0;\\n\\","    width: 0;\\n\\","}\\n\\","</style>\\n\\","</head>\\n\\","<body>\\n\\","    <div class=\"ajaxProgressDiv\" style=\"display: block;\">\\n\\","        <div class=\"ajaxProgressBarDiv ajaxProgressBarDivLoading\">loading</div>\\n\\","    </div>\\n\\","    <h1>\\n\\","        <a\\n\\","            {{#if envDict.npm_package_homepage}}\\n\\","            href=\"{{envDict.npm_package_homepage}}\"\\n\\","            {{/if envDict.npm_package_homepage}}\\n\\","            target=\"_blank\"\\n\\","        >{{envDict.npm_package_name}} v{{envDict.npm_package_version}}</a>\\n\\","        {{#if envDict.NODE_ENV}}\\n\\","        (NODE_ENV={{envDict.NODE_ENV}})\\n\\","        {{/if envDict.NODE_ENV}}\\n\\","    </h1>\\n\\","    <h3>{{envDict.npm_package_description}}</h3>\\n\\","    <h4><a download href=\"assets.app.js\">download standalone app</a></h4>\\n\\","    <button class=\"onclick\" id=\"testRunButton1\">run internal test</button><br>\\n\\","    <div class=\"testReportDiv\" style=\"display: none;\"></div>\\n\\","    <button class=\"onclick\" id=\"nedbResetButton1\">reset nedb-database</button><br>\\n\\","    <button class=\"onclick\" id=\"nedbExportButton1\">save nedb-database to file</button><br>\\n\\","    <a download=\"nedb.persistence.json\" href=\"\" id=\"nedbExportA1\"></a>\\n\\","    <button class=\"onclick\" id=\"nedbImportButton1\">load nedb-database from file</button><br>\\n\\","    <input class=\"onchange zeroPixel\" type=\"file\" id=\"nedbImportInput1\">\\n\\","\\n\\","    <div class=\"swggUiContainer\">\\n\\","    <form class=\"header tr\">\\n\\","        <a class=\"td1\" href=\"http://swagger.io\" target=\"_blank\">swagger</a>\\n\\","        <input\\n\\","            class=\"flex1 td2\"\\n\\","            placeholder=\"http://petstore.swagger.io/v2/swagger.json\"\\n\\","            type=\"text\"\\n\\","            value=\"api/v0/swagger.json\"\\n\\","        >\\n\\","    </form>\\n\\","    <div class=\"reset\"></div>\\n\\","    </div>\\n\\","    {{#if isRollup}}\\n\\","    <script src=\"assets.app.min.js\"></script>\\n\\","    {{#unless isRollup}}\\n\\","    <script src=\"assets.utility2.rollup.js\"></script>\\n\\","    <script src=\"assets.swgg.js\"></script>\\n\\","    <script src=\"assets.swgg.lib.swagger-ui.js\"></script>\\n\\","    <script src=\"jsonp.swgg.stateInit?callback=window.swgg.stateInit\"></script>\\n\\","    <script>window.utility2.onResetBefore.counter += 1;</script>\\n\\","    <script src=\"assets.example.js\"></script>\\n\\","    <script src=\"assets.test.js\"></script>\\n\\","    <script>window.utility2.onResetBefore();</script>\\n\\","    {{/if isRollup}}\\n\\","</body>\\n\\","</html>\\n\\","';","        /* jslint-ignore-end */","        local.utility2.assetsDict['/'] = local.utility2.templateRender(","            local.templateIndexHtml,","            { envDict: local.utility2.envDict }","        );","        break;","    }","","","","    // run shared js-env code - post-init","    (function () {","        // init petstore-api - frontend","        local.tmp =","            JSON.parse(local.utility2.assetsDict['/assets.swgg.lib.swagger.petstore.json']);","        delete local.tmp.basePath;","        delete local.tmp.host;","        delete local.tmp.schemes;","        local.swgg.apiDictUpdate(local.tmp);","        // init petstore-api - backend","        local.swgg.apiDictUpdate({","            definitions: {","                File: {","                    allOf: [{ $ref: '#/definitions/BuiltinFile' }]","                },","                Pet: {","                    properties: {","                        _id: { readOnly: true, type: 'string' },","                        createdAt: { format: 'date-time', readOnly: true, type: 'string' },","                        id: { default: 1, minimum: 1 },","                        updatedAt: { format: 'date-time', readOnly: true, type: 'string' }","                    }","                },","                Order: {","                    properties: {","                        _id: { readOnly: true, type: 'string' },","                        createdAt: { format: 'date-time', readOnly: true, type: 'string' },","                        id: { default: 1, minimum: 1 },","                        updatedAt: { format: 'date-time', readOnly: true, type: 'string' }","                    }","                },","                User: {","                    allOf: [{ $ref: '#/definitions/BuiltinUser' }],","                    properties: {","                        _id: { readOnly: true, type: 'string' },","                        createdAt: { format: 'date-time', readOnly: true, type: 'string' },","                        email: { default: 'a@a.com', format: 'email' },","                        id: { default: 1, minimum: 1 },","                        updatedAt: { format: 'date-time', readOnly: true, type: 'string' }","                    }","                }","            },","            tags: [{ description: 'builtin-file model', name: 'file' }],","            'x-swgg-apiDict': {","                'file crudCountManyByQuery': {","                    _schemaName: 'File'","                },","                'file crudCreateOrReplaceOneByKeyUnique.id.id': {","                    _schemaName: 'File'","                },","                'file crudDeleteOneByKeyUnique.id.id': {","                    _schemaName: 'File'","                },","                'file crudGetManyByQuery': {","                    _schemaName: 'File'","                },","                'file crudUpdateOneByKeyUnique.id.id': {","                    _schemaName: 'File'","                },","                'file fileGetOneByKeyUnique.id.id': {","                    _schemaName: 'File'","                },","                'file fileUploadManyByForm.1': {","                    _schemaName: 'File'","                },","                'pet addPet': {","                    _operationId: 'crudCreateOrReplaceOneByKeyUnique.petId.id',","                    _schemaName: 'Pet'","                },","                'pet crudGetManyByQuery': {","                    _schemaName: 'Pet'","                },","                'pet deletePet': {","                    _operationId: 'crudDeleteOneByKeyUnique.petId.id',","                    _schemaName: 'Pet'","                },","                'pet findPetsByStatus': {","                    _operationId: 'crudGetManyByQuery',","                    _queryWhere: '{\"status\":{\"$in\":{{status jsonStringify}}}}',","                    _schemaName: 'Pet'","                },","                'pet findPetsByTags': {","                    _operationId: 'crudGetManyByQuery',","                    _queryWhere: '{\"tags.name\":{\"$in\":{{tags jsonStringify}}}}',","                    _schemaName: 'Pet'","                },","                'pet getPetById': {","                    _operationId: 'crudGetOneByKeyUnique.petId.id',","                    _schemaName: 'Pet'","                },","                'pet updatePet': {","                    _operationId: 'crudUpdateOneByKeyUnique.petId.id',","                    _schemaName: 'Pet'","                },","                'pet updatePetWithForm': {","                    _operationId: 'crudUpdateOneByKeyUnique.petId.id',","                    _schemaName: 'Pet'","                },","                'pet uploadFile': {","                    _operationId: 'fileUploadManyByForm',","                    _schemaName: 'User'","                },","                'store crudGetManyByQuery': {","                    _schemaName: 'Order'","                },","                'store crudUpdateOneByKeyUnique.id.id': {","                    _schemaName: 'Order'","                },","                'store deleteOrder': {","                    _operationId: 'crudDeleteOneByKeyUnique.orderId.id',","                    _schemaName: 'Order'","                },","                'store getInventory': {","                    _schemaName: 'Order'","                },","                'store getOrderById': {","                    _operationId: 'crudGetOneByKeyUnique.orderId.id',","                    _schemaName: 'Order'","                },","                'store placeOrder': {","                    _operationId: 'crudCreateOrReplaceOneByKeyUnique.orderId.id',","                    _schemaName: 'Order'","                },","                'user createUser': {","                    _operationId: 'crudCreateOrReplaceOneByKeyUnique.username.username',","                    _schemaName: 'User'","                },","                'user createUsersWithArrayInput': {","                    _operationId: 'crudCreateOrReplaceMany',","                    _schemaName: 'User'","                },","                'user createUsersWithListInput': {","                    _operationId: 'crudCreateOrReplaceMany',","                    _schemaName: 'User'","                },","                'user crudCountManyByQuery': {","                    _schemaName: 'User'","                },","                'user crudCreateOrReplaceOneByKeyUnique.username.username': {","                    _schemaName: 'User'","                },","                'user crudDeleteOneByKeyUnique.username.username': {","                    _schemaName: 'User'","                },","                'user crudGetManyByQuery': {","                    _schemaName: 'User'","                },","                'user crudUpdateOneByKeyUnique.username.username': {","                    _schemaName: 'User'","                },","                'user deleteUser': {","                    _operationId: 'crudDeleteOneByKeyUnique.username.username',","                    _schemaName: 'User'","                },","                'user getUserByName': {","                    _operationId: 'crudGetOneByKeyUnique.username.username',","                    _schemaName: 'User'","                },","                'user loginUser': {","                    _operationId: 'userLoginByPassword',","                    _schemaName: 'User'","                },","                'user logoutUser': {","                    _operationId: 'userLogout',","                    _schemaName: 'User'","                },","                'user updateUser': {","                    _operationId: 'crudUpdateOneByKeyUnique.username.username',","                    _schemaName: 'User'","                },","                'user userLoginByPassword': {","                    _schemaName: 'User'","                },","                'user userLogout': {","                    _schemaName: 'User'","                }","            },","            'x-swgg-datatableDict': {","                file: {","                    crudCreateOrReplaceOneByKeyUnique:","                        'file crudCreateOrReplaceOneByKeyUnique.id.id',","                    crudDeleteOneByKeyUnique:","                        'file crudDeleteOneByKeyUnique.id.id',","                    crudGetManyByQuery: 'file crudGetManyByQuery',","                    keyUnique: 'id',","                    queryLimit: 20,","                    schema: { $ref: '#/definitions/File' }","                },","                pet: {","                    crudCreateOrReplaceOneByKeyUnique: 'pet addPet',","                    crudDeleteOneByKeyUnique: 'pet deletePet',","                    crudGetManyByQuery: 'pet crudGetManyByQuery',","                    keyUnique: 'id',","                    queryLimit: 20,","                    schema: { $ref: '#/definitions/Pet' }","                },","                store: {","                    crudCreateOrReplaceOneByKeyUnique: 'store placeOrder',","                    crudDeleteOneByKeyUnique: 'store deleteOrder',","                    crudGetManyByQuery: 'store crudGetManyByQuery',","                    keyUnique: 'id',","                    queryLimit: 20,","                    schema: { $ref: '#/definitions/Order' }","                },","                user: {","                    crudCreateOrReplaceOneByKeyUnique: 'user createUser',","                    crudDeleteOneByKeyUnique: 'user deleteUser',","                    crudGetManyByQuery: 'user crudGetManyByQuery',","                    keyUnique: 'username',","                    queryLimit: 20,","                    schema: { $ref: '#/definitions/User' }","                }","            }","        });","        // init dbSeedList","        local.utility2.dbSeedList = [{","            dbRowList: [{","                id: '00_test_swaggerUiLogoSmall',","                fileBlob: local.swgg.templateSwaggerUiLogoSmallBase64,","                fileContentType: 'image/png',","                fileDescription: 'swagger-ui logo',","                fileFilename: 'swaggerUiLogoSmall.png'","            }],","            name: 'File'","        }, {","            dbRowList: local.swgg.dbRowListRandomCreate({","                dbRowList: [{","                    id: 0,","                    name: 'birdie',","                    photoUrls: [],","                    status: 'available',","                    tags: [{ name: 'bird'}]","                }, {","                    id: 1,","                    name: 'doggie',","                    status: 'pending',","                    photoUrls: [],","                    tags: [{ name: 'dog'}]","                }, {","                    id: 2,","                    name: 'fishie',","                    photoUrls: [],","                    status: 'sold',","                    tags: [{ name: 'fish'}]","                }],","                // init 100 extra random pets","                length: 100,","                override: function (options) {","                    return {","                        id: options.ii + 100,","                        name: local.utility2.listGetElementRandom(","                            ['birdie', 'doggie', 'fishie']","                        ) + '-' + (options.ii + 100),","                        tags: [","                            { name: local.utility2.listGetElementRandom(['female', 'male']) },","                            { name: Math.random().toString(36).slice(2) }","                        ]","                    };","                },","                properties: local.swgg.swaggerJson.definitions.Pet.properties","            }),","            name: 'Pet'","        }, {","            dbRowList: local.swgg.dbRowListRandomCreate({","                dbRowList: [{","                    id: 0,","                    petId: 0,","                    status: 'available'","                }, {","                    id: 1,","                    petId: 1,","                    status: 'pending'","                }, {","                    id: 2,","                    petId: 2,","                    status: 'sold'","                }],","                // init 100 extra random orders","                length: 100,","                override: function (options) {","                    return {","                        id: options.ii + 100,","                        petId: options.ii + 100","                    };","                },","                properties: local.swgg.swaggerJson.definitions.Order.properties","            }),","            name: 'Order'","        }, {","            dbRowList: local.swgg.dbRowListRandomCreate({","                dbRowList: [{","                    email: 'admin@admin.com',","                    firstName: 'admin',","                    id: 0,","                    lastName: '',","                    password: local.utility2.sjclHashScryptCreate('secret'),","                    phone: '1234-5678',","                    username: 'admin'","                }, {","                    email: 'jane@doe.com',","                    firstName: 'jane',","                    id: 1,","                    lastName: 'doe',","                    password: local.utility2.sjclHashScryptCreate('secret'),","                    phone: '1234-5678',","                    username: 'jane.doe'","                }, {","                    email: 'john@doe.com',","                    firstName: 'john',","                    id: 2,","                    lastName: 'doe',","                    password: local.utility2.sjclHashScryptCreate('secret'),","                    phone: '1234-5678',","                    username: 'john.doe'","                }],","                // init 100 extra random users","                length: 100,","                override: function (options) {","                    return {","                        firstName: local.utility2.listGetElementRandom(","                            ['alice', 'bob', 'jane', 'john']","                        ) + '-' + (options.ii + 100),","                        id: options.ii + 100,","                        lastName: local.utility2.listGetElementRandom(['doe', 'smith']) +","                            '-' + (options.ii + 100),","                        password: local.utility2.sjclHashScryptCreate('secret'),","                        tags: [","                            { name: local.utility2.listGetElementRandom(['female', 'male']) },","                            { name: Math.random().toString(36).slice(2) }","                        ]","                    };","                },","                properties: local.swgg.swaggerJson.definitions.User.properties","            }),","            ensureIndexList: [{","                fieldName: 'email',","                unique: true","            }, {","                fieldName: 'username',","                unique: true","            }],","            name: 'User'","        }];","        local.utility2.onReadyBefore.counter += 1;","        local.utility2.dbSeedListUpsert(","            local.utility2.dbSeedList,","            local.utility2.onReadyBefore","        );","    }());","}());"],"l":{"109":2,"111":2,"116":2,"118":2,"120":2,"121":2,"122":2,"127":1,"135":2,"141":2,"142":2,"146":336,"147":336,"148":336,"149":676,"152":676,"154":336,"155":336,"158":4,"159":4,"161":4,"162":4,"164":328,"165":328,"167":332,"169":4,"171":4,"172":4,"173":416,"174":416,"176":4,"177":4,"179":4,"181":4,"182":4,"184":332,"187":336,"189":2,"195":346,"199":346,"201":346,"203":346,"204":2,"205":2,"207":344,"210":2,"225":2,"227":2,"229":2,"236":1,"237":1,"238":1,"240":1,"241":1,"242":1,"243":1,"244":1,"246":1,"248":1,"249":1,"251":1,"252":1,"253":1,"254":1,"255":1,"257":1,"258":1,"260":1,"261":1,"263":1,"264":1,"266":1,"267":1,"268":1,"272":1,"273":2,"276":5,"280":1,"281":1,"288":1,"290":1,"291":1,"296":1,"387":1,"391":1,"397":2,"399":2,"401":2,"402":2,"403":2,"404":2,"406":2,"611":2,"644":200,"676":200,"714":200,"739":2,"740":2}}}